###############################################################################
#                                                                             #
# IAR ANSI C/C++ Compiler V6.30.1.53127/W32 for ARM     10/Nov/2014  15:19:21 #
# Copyright 1999-2011 IAR Systems AB.                                         #
#                                                                             #
#    Cpu mode     =  thumb                                                    #
#    Endian       =  little                                                   #
#    Source file  =  C:\Users\tony.tsou\Desktop\AmTRAN\Projects\15_K2\DevCode #
#                    \2\Utilities\mainstream_v1\stm32f411\CardLowLevel.c      #
#    Command line =  C:\Users\tony.tsou\Desktop\AmTRAN\Projects\15_K2\DevCode #
#                    \2\Utilities\mainstream_v1\stm32f411\CardLowLevel.c -D   #
#                    __ARM_CORTEX_MX__ -D DEBUG -D FREE_RTOS -D               #
#                    STM32F40_41xxx -D USE_STM324xG_EVAL -D                   #
#                    USE_STDPERIPH_DRIVER -D HOST_MODE_ENABLED -D             #
#                    IAR_ARM_CM4F -D USE_USB_OTG_FS -D STM32_IAP -D S4051A    #
#                    -lcN C:\Users\tony.tsou\Desktop\AmTRAN\Projects\15_K2\De #
#                    vCode\2\Projects\S4051A\EWARM\..\Output\S4051A\Bootloade #
#                    r\List\ -o C:\Users\tony.tsou\Desktop\AmTRAN\Projects\15 #
#                    _K2\DevCode\2\Projects\S4051A\EWARM\..\Output\S4051A\Boo #
#                    tloader\Obj\ --debug --endian=little --cpu=Cortex-M4 -e  #
#                    --fpu=VFPv4_sp --dlib_config "C:\Program Files           #
#                    (x86)\IAR Systems\Embedded Workbench                     #
#                    6.0\arm\INC\c\DLib_Config_Normal.h" -I                   #
#                    C:\Users\tony.tsou\Desktop\AmTRAN\Projects\15_K2\DevCode #
#                    \2\Projects\S4051A\EWARM\inc\ -I                         #
#                    C:\Users\tony.tsou\Desktop\AmTRAN\Projects\15_K2\DevCode #
#                    \2\Projects\S4051A\EWARM\..\..\..\Projects\STM32_IAP\inc #
#                    \ -I C:\Users\tony.tsou\Desktop\AmTRAN\Projects\15_K2\De #
#                    vCode\2\Projects\S4051A\EWARM\..\..\..\Libraries\CMSIS\I #
#                    nclude\ -I C:\Users\tony.tsou\Desktop\AmTRAN\Projects\15 #
#                    _K2\DevCode\2\Projects\S4051A\EWARM\..\..\..\Libraries\C #
#                    MSIS\Device\ST\STM32F4xx\Include\ -I                     #
#                    C:\Users\tony.tsou\Desktop\AmTRAN\Projects\15_K2\DevCode #
#                    \2\Projects\S4051A\EWARM\..\..\..\Libraries\STM32F4xx_St #
#                    dPeriph_Driver\inc\ -I C:\Users\tony.tsou\Desktop\AmTRAN #
#                    \Projects\15_K2\DevCode\2\Projects\S4051A\EWARM\..\..\.. #
#                    \Libraries\FreeRTOS\Source\portable\IAR\ARM_CM4F\ -I     #
#                    C:\Users\tony.tsou\Desktop\AmTRAN\Projects\15_K2\DevCode #
#                    \2\Projects\S4051A\EWARM\..\..\..\Libraries\FreeRTOS\Sou #
#                    rce\include\ -I C:\Users\tony.tsou\Desktop\AmTRAN\Projec #
#                    ts\15_K2\DevCode\2\Projects\S4051A\EWARM\..\..\..\Librar #
#                    ies\FreeRTOS\Source\ -I C:\Users\tony.tsou\Desktop\AmTRA #
#                    N\Projects\15_K2\DevCode\2\Projects\S4051A\EWARM\..\..\. #
#                    .\Libraries\STM32_USB_OTG_Driver\inc\ -I                 #
#                    C:\Users\tony.tsou\Desktop\AmTRAN\Projects\15_K2\DevCode #
#                    \2\Projects\S4051A\EWARM\..\..\..\Libraries\STM32_USB_HO #
#                    ST_Library\Core\inc\ -I C:\Users\tony.tsou\Desktop\AmTRA #
#                    N\Projects\15_K2\DevCode\2\Projects\S4051A\EWARM\..\..\. #
#                    .\Libraries\STM32_USB_HOST_Library\Class\MSC\inc\ -I     #
#                    C:\Users\tony.tsou\Desktop\AmTRAN\Projects\15_K2\DevCode #
#                    \2\Projects\S4051A\EWARM\..\..\..\Libraries\AMT_Drivers\ #
#                    EXT_FLASH\ -I C:\Users\tony.tsou\Desktop\AmTRAN\Projects #
#                    \15_K2\DevCode\2\Projects\S4051A\EWARM\..\..\..\Librarie #
#                    s\AMT_Drivers\HT68F30\ -I C:\Users\tony.tsou\Desktop\AmT #
#                    RAN\Projects\15_K2\DevCode\2\Projects\S4051A\EWARM\..\.. #
#                    \..\Utilities\Third_Party\efsl\inc\ -I                   #
#                    C:\Users\tony.tsou\Desktop\AmTRAN\Projects\15_K2\DevCode #
#                    \2\Projects\S4051A\EWARM\..\..\..\Utilities\Third_Party\ #
#                    fat_fs\inc\ -I C:\Users\tony.tsou\Desktop\AmTRAN\Project #
#                    s\15_K2\DevCode\2\Projects\S4051A\EWARM\..\..\..\Utiliti #
#                    es\mainstream_v1\stm32f411\ -I                           #
#                    C:\Users\tony.tsou\Desktop\AmTRAN\Projects\15_K2\DevCode #
#                    \2\Projects\S4051A\EWARM\..\..\..\Utilities\mainstream_v #
#                    1\stm32f411\it\ -I C:\Users\tony.tsou\Desktop\AmTRAN\Pro #
#                    jects\15_K2\DevCode\2\Projects\S4051A\EWARM\..\APP_SRC\I #
#                    nclude\ -I C:\Users\tony.tsou\Desktop\AmTRAN\Projects\15 #
#                    _K2\DevCode\2\Projects\S4051A\EWARM\..\APP_SRC\ -Ohz -I  #
#                    "C:\Program Files (x86)\IAR Systems\Embedded Workbench   #
#                    6.0\arm\CMSIS\Include\"                                  #
#    List file    =  C:\Users\tony.tsou\Desktop\AmTRAN\Projects\15_K2\DevCode #
#                    \2\Projects\S4051A\EWARM\..\Output\S4051A\Bootloader\Lis #
#                    t\CardLowLevel.lst                                       #
#    Object file  =  C:\Users\tony.tsou\Desktop\AmTRAN\Projects\15_K2\DevCode #
#                    \2\Projects\S4051A\EWARM\..\Output\S4051A\Bootloader\Obj #
#                    \CardLowLevel.o                                          #
#                                                                             #
#                                                                             #
###############################################################################

C:\Users\tony.tsou\Desktop\AmTRAN\Projects\15_K2\DevCode\2\Utilities\mainstream_v1\stm32f411\CardLowLevel.c
      1          #include "CardLowLevel.h"
      2          
      3          #define TRACE_CLK 0
      4          #define TRACE_HSE_CLK 0
      5          #define TRACE_PLL_CLK 1
      6          
      7          #if defined (__ARM_CORTEX_MX__)
      8          #define NVIC_VECTOR_TABLE()	NVIC_SetVectorTable(NVIC_VectTab_FLASH, 0x8000)
      9          #else
     10          #define NVIC_VECTOR_TABLE()
     11          #endif 
     12          
     13          //_____________________________________________________________________________
     14          #if defined ( FREE_RTOS )
     15          /*NVIC_PriorityGroup_4: 4 bits for pre-emption priority,0 bits for subpriority*/
     16          #define PRIORITY_GROP 	NVIC_PriorityGroup_4
     17          #else
     18          #define PRIORITY_GROP 	NVIC_PriorityGroup_1
     19          #endif 
     20          
     21          //_____________________________________________________________________________
     22          void RCC_ClockMonitor(void)
     23          {
     24          #if ( TRACE_CLK == 1 )
     25          	GPIO_InitTypeDef GPIO_InitStructure;
     26          
     27          	/* Output HSE clock on MCO1 pin(PA8) ****************************************/ 
     28          	/* Enable the GPIOA peripheral */ 
     29          	RCC_AHB1PeriphClockCmd(RCC_AHB1Periph_GPIOA, ENABLE);
     30          
     31          	/* Configure MCO1 pin(PA8) in alternate function */
     32          	GPIO_InitStructure.GPIO_Pin = GPIO_Pin_8;
     33          	GPIO_InitStructure.GPIO_Speed = GPIO_Speed_100MHz;
     34          	GPIO_InitStructure.GPIO_Mode = GPIO_Mode_AF;
     35          	GPIO_InitStructure.GPIO_OType = GPIO_OType_PP;
     36          	GPIO_InitStructure.GPIO_PuPd = GPIO_PuPd_UP;  
     37          	GPIO_Init(GPIOA, &GPIO_InitStructure);
     38          
     39          #if ( TRACE_PLL_CLK == 1 ) /*PLL clock is 84MHZ*/
     40          	/* PLL clock selected to output on MCO1 pin(PA8)*/
     41          	RCC_MCO1Config(RCC_MCO1Source_PLLCLK, RCC_MCO1Div_1);
     42          #endif
     43          
     44          #if ( TRACE_HSE_CLK == 1 )/*HSE is related crystal frequency(25MHZ)*/
     45              /* HSE clock selected to output on MCO1 pin(PA8)*/
     46          	RCC_MCO1Config(RCC_MCO1Source_HSE, RCC_MCO1Div_1);
     47          #endif
     48          
     49          #endif	
     50          }
     51          
     52          static void CPU_initializeClocks(void)
     53          {
     54          	RCC_ClockMonitor();
     55          }
     56          
     57          void CardLowLevel_initializeCard(void)
     58          {
     59          	CPU_initializeClocks();
     60          
     61          #if !defined ( STM32_IAP )        
     62              NVIC_VECTOR_TABLE( );
     63          	NVIC_PriorityGroupConfig(PRIORITY_GROP);
     64          
     65          	/*Virtual Timer enable*/
     66          	VirtualTimer_init();
     67          #endif        
     68          }
     69          
     70          void CPU_resetMicroController()
     71          {
     72          	NVIC_SystemReset();
     73          }

   Maximum stack usage in bytes:

   .cstack Function
   ------- --------
        0  CPU_resetMicroController
        0  CardLowLevel_initializeCard
        0  RCC_ClockMonitor


   Section sizes:

   Bytes  Function/Label
   -----  --------------
       4  ??DataTable0
       4  ??DataTable0_1
      24  CPU_resetMicroController
       2  CardLowLevel_initializeCard
       2  RCC_ClockMonitor

 
 36 bytes in section .text
 
 36 bytes of CODE memory

Errors: none
Warnings: none
