###############################################################################
#                                                                             #
# IAR ANSI C/C++ Compiler V6.30.1.53127/W32 for ARM     10/Nov/2014  15:19:38 #
# Copyright 1999-2011 IAR Systems AB.                                         #
#                                                                             #
#    Cpu mode     =  thumb                                                    #
#    Endian       =  little                                                   #
#    Source file  =  C:\Users\tony.tsou\Desktop\AmTRAN\Projects\15_K2\DevCode #
#                    \2\Utilities\Third_Party\efsl\src\time.c                 #
#    Command line =  C:\Users\tony.tsou\Desktop\AmTRAN\Projects\15_K2\DevCode #
#                    \2\Utilities\Third_Party\efsl\src\time.c -D              #
#                    __ARM_CORTEX_MX__ -D DEBUG -D FREE_RTOS -D               #
#                    STM32F40_41xxx -D USE_STM324xG_EVAL -D                   #
#                    USE_STDPERIPH_DRIVER -D HOST_MODE_ENABLED -D             #
#                    IAR_ARM_CM4F -D USE_USB_OTG_FS -D STM32_IAP -D S4051A    #
#                    -lcN C:\Users\tony.tsou\Desktop\AmTRAN\Projects\15_K2\De #
#                    vCode\2\Projects\S4051A\EWARM\..\Output\S4051A\Bootloade #
#                    r\List\ -o C:\Users\tony.tsou\Desktop\AmTRAN\Projects\15 #
#                    _K2\DevCode\2\Projects\S4051A\EWARM\..\Output\S4051A\Boo #
#                    tloader\Obj\ --debug --endian=little --cpu=Cortex-M4 -e  #
#                    --fpu=VFPv4_sp --dlib_config "C:\Program Files           #
#                    (x86)\IAR Systems\Embedded Workbench                     #
#                    6.0\arm\INC\c\DLib_Config_Normal.h" -I                   #
#                    C:\Users\tony.tsou\Desktop\AmTRAN\Projects\15_K2\DevCode #
#                    \2\Projects\S4051A\EWARM\inc\ -I                         #
#                    C:\Users\tony.tsou\Desktop\AmTRAN\Projects\15_K2\DevCode #
#                    \2\Projects\S4051A\EWARM\..\..\..\Projects\STM32_IAP\inc #
#                    \ -I C:\Users\tony.tsou\Desktop\AmTRAN\Projects\15_K2\De #
#                    vCode\2\Projects\S4051A\EWARM\..\..\..\Libraries\CMSIS\I #
#                    nclude\ -I C:\Users\tony.tsou\Desktop\AmTRAN\Projects\15 #
#                    _K2\DevCode\2\Projects\S4051A\EWARM\..\..\..\Libraries\C #
#                    MSIS\Device\ST\STM32F4xx\Include\ -I                     #
#                    C:\Users\tony.tsou\Desktop\AmTRAN\Projects\15_K2\DevCode #
#                    \2\Projects\S4051A\EWARM\..\..\..\Libraries\STM32F4xx_St #
#                    dPeriph_Driver\inc\ -I C:\Users\tony.tsou\Desktop\AmTRAN #
#                    \Projects\15_K2\DevCode\2\Projects\S4051A\EWARM\..\..\.. #
#                    \Libraries\FreeRTOS\Source\portable\IAR\ARM_CM4F\ -I     #
#                    C:\Users\tony.tsou\Desktop\AmTRAN\Projects\15_K2\DevCode #
#                    \2\Projects\S4051A\EWARM\..\..\..\Libraries\FreeRTOS\Sou #
#                    rce\include\ -I C:\Users\tony.tsou\Desktop\AmTRAN\Projec #
#                    ts\15_K2\DevCode\2\Projects\S4051A\EWARM\..\..\..\Librar #
#                    ies\FreeRTOS\Source\ -I C:\Users\tony.tsou\Desktop\AmTRA #
#                    N\Projects\15_K2\DevCode\2\Projects\S4051A\EWARM\..\..\. #
#                    .\Libraries\STM32_USB_OTG_Driver\inc\ -I                 #
#                    C:\Users\tony.tsou\Desktop\AmTRAN\Projects\15_K2\DevCode #
#                    \2\Projects\S4051A\EWARM\..\..\..\Libraries\STM32_USB_HO #
#                    ST_Library\Core\inc\ -I C:\Users\tony.tsou\Desktop\AmTRA #
#                    N\Projects\15_K2\DevCode\2\Projects\S4051A\EWARM\..\..\. #
#                    .\Libraries\STM32_USB_HOST_Library\Class\MSC\inc\ -I     #
#                    C:\Users\tony.tsou\Desktop\AmTRAN\Projects\15_K2\DevCode #
#                    \2\Projects\S4051A\EWARM\..\..\..\Libraries\AMT_Drivers\ #
#                    EXT_FLASH\ -I C:\Users\tony.tsou\Desktop\AmTRAN\Projects #
#                    \15_K2\DevCode\2\Projects\S4051A\EWARM\..\..\..\Librarie #
#                    s\AMT_Drivers\HT68F30\ -I C:\Users\tony.tsou\Desktop\AmT #
#                    RAN\Projects\15_K2\DevCode\2\Projects\S4051A\EWARM\..\.. #
#                    \..\Utilities\Third_Party\efsl\inc\ -I                   #
#                    C:\Users\tony.tsou\Desktop\AmTRAN\Projects\15_K2\DevCode #
#                    \2\Projects\S4051A\EWARM\..\..\..\Utilities\Third_Party\ #
#                    fat_fs\inc\ -I C:\Users\tony.tsou\Desktop\AmTRAN\Project #
#                    s\15_K2\DevCode\2\Projects\S4051A\EWARM\..\..\..\Utiliti #
#                    es\mainstream_v1\stm32f411\ -I                           #
#                    C:\Users\tony.tsou\Desktop\AmTRAN\Projects\15_K2\DevCode #
#                    \2\Projects\S4051A\EWARM\..\..\..\Utilities\mainstream_v #
#                    1\stm32f411\it\ -I C:\Users\tony.tsou\Desktop\AmTRAN\Pro #
#                    jects\15_K2\DevCode\2\Projects\S4051A\EWARM\..\APP_SRC\I #
#                    nclude\ -I C:\Users\tony.tsou\Desktop\AmTRAN\Projects\15 #
#                    _K2\DevCode\2\Projects\S4051A\EWARM\..\APP_SRC\ -Ohz -I  #
#                    "C:\Program Files (x86)\IAR Systems\Embedded Workbench   #
#                    6.0\arm\CMSIS\Include\"                                  #
#    List file    =  C:\Users\tony.tsou\Desktop\AmTRAN\Projects\15_K2\DevCode #
#                    \2\Projects\S4051A\EWARM\..\Output\S4051A\Bootloader\Lis #
#                    t\time.lst                                               #
#    Object file  =  C:\Users\tony.tsou\Desktop\AmTRAN\Projects\15_K2\DevCode #
#                    \2\Projects\S4051A\EWARM\..\Output\S4051A\Bootloader\Obj #
#                    \time.o                                                  #
#                                                                             #
#                                                                             #
###############################################################################

C:\Users\tony.tsou\Desktop\AmTRAN\Projects\15_K2\DevCode\2\Utilities\Third_Party\efsl\src\time.c
      1          
      2          /*****************************************************************************/
      3          
      4          #include "time.h"
      5          /*****************************************************************************/
      6          
      7          euint16 fs_makeDate(void)
      8          {
      9          #ifndef DATE_TIME_SUPPORT
     10          	return(0);
     11          #else
     12          	euint8 m,d;
     13          	euint16 y;
     14          	
     15          	y = time_getYear()-1980;
     16          	m = time_getMonth();
     17          	d = time_getDay();
     18          	
     19          	return(
     20          		(y>127?127<<9:(y&0x3F)<<9)   |
     21          		((m==0||m>12)?1:(m&0xF)<<5)  |
     22          		((d==0||d>31)?1:(d&0x1F))
     23          	);
     24          #endif
     25          }
     26          /*****************************************************************************/
     27          
     28          euint16 fs_makeTime(void)
     29          {
     30          #ifndef DATE_TIME_SUPPORT
     31          	return(0);
     32          #else
     33          	euint8 s,m,h;
     34          	
     35          	s = time_getSecond();
     36          	m = time_getMinute();
     37          	h = time_getHour();
     38          	
     39          	return(
     40          		(h>23?0:(h&0x1F)<<11) |
     41          		(m>59?0:(m&0x3F)<<5)  |
     42          		(s>59?0:(s-s%2)/2)
     43          	);
     44          #endif
     45          }
     46          /*****************************************************************************/
     47          
     48          euint8 fs_hasTimeSupport(void)
     49          {
     50          #ifdef DATE_TIME_SUPPORT
     51          	return(1);
     52          #else
     53          	return(0);
     54          #endif
     55          }
     56          /*****************************************************************************/
     57          
     58          

   Maximum stack usage in bytes:

   .cstack Function
   ------- --------
        0  fs_hasTimeSupport
        0  fs_makeDate
        0  fs_makeTime


   Section sizes:

   Bytes  Function/Label
   -----  --------------
       4  fs_hasTimeSupport
       4  fs_makeDate
       4  fs_makeTime

 
 12 bytes in section .text
 
 12 bytes of CODE memory

Errors: none
Warnings: none
