###############################################################################
#                                                                             #
# IAR ANSI C/C++ Compiler V6.30.1.53127/W32 for ARM     10/Nov/2014  12:51:52 #
# Copyright 1999-2011 IAR Systems AB.                                         #
#                                                                             #
#    Cpu mode     =  thumb                                                    #
#    Endian       =  little                                                   #
#    Source file  =  C:\Users\tony.tsou\Desktop\AmTRAN\Projects\15_K2\DevCode #
#                    \2\Utilities\Third_Party\efsl\src\disc.c                 #
#    Command line =  C:\Users\tony.tsou\Desktop\AmTRAN\Projects\15_K2\DevCode #
#                    \2\Utilities\Third_Party\efsl\src\disc.c -D              #
#                    __ARM_CORTEX_MX__ -D DEBUG -D FREE_RTOS -D               #
#                    STM32F40_41xxx -D USE_STM324xG_EVAL -D                   #
#                    USE_STDPERIPH_DRIVER -D HOST_MODE_ENABLED -D             #
#                    IAR_ARM_CM4F -D USE_USB_OTG_FS -D STM32_IAP -D S4051A    #
#                    -lcN C:\Users\tony.tsou\Desktop\AmTRAN\Projects\15_K2\De #
#                    vCode\2\Projects\S4051A\EWARM\..\Output\S4051A\Release\L #
#                    ist\ -o C:\Users\tony.tsou\Desktop\AmTRAN\Projects\15_K2 #
#                    \DevCode\2\Projects\S4051A\EWARM\..\Output\S4051A\Releas #
#                    e\Obj\ --debug --endian=little --cpu=Cortex-M4 -e        #
#                    --fpu=VFPv4_sp --dlib_config "C:\Program Files           #
#                    (x86)\IAR Systems\Embedded Workbench                     #
#                    6.0\arm\INC\c\DLib_Config_Normal.h" -I                   #
#                    C:\Users\tony.tsou\Desktop\AmTRAN\Projects\15_K2\DevCode #
#                    \2\Projects\S4051A\EWARM\inc\ -I                         #
#                    C:\Users\tony.tsou\Desktop\AmTRAN\Projects\15_K2\DevCode #
#                    \2\Projects\S4051A\EWARM\..\..\..\Projects\STM32_IAP\inc #
#                    \ -I C:\Users\tony.tsou\Desktop\AmTRAN\Projects\15_K2\De #
#                    vCode\2\Projects\S4051A\EWARM\..\..\..\Libraries\CMSIS\I #
#                    nclude\ -I C:\Users\tony.tsou\Desktop\AmTRAN\Projects\15 #
#                    _K2\DevCode\2\Projects\S4051A\EWARM\..\..\..\Libraries\C #
#                    MSIS\Device\ST\STM32F4xx\Include\ -I                     #
#                    C:\Users\tony.tsou\Desktop\AmTRAN\Projects\15_K2\DevCode #
#                    \2\Projects\S4051A\EWARM\..\..\..\Libraries\STM32F4xx_St #
#                    dPeriph_Driver\inc\ -I C:\Users\tony.tsou\Desktop\AmTRAN #
#                    \Projects\15_K2\DevCode\2\Projects\S4051A\EWARM\..\..\.. #
#                    \Libraries\FreeRTOS\Source\portable\IAR\ARM_CM4F\ -I     #
#                    C:\Users\tony.tsou\Desktop\AmTRAN\Projects\15_K2\DevCode #
#                    \2\Projects\S4051A\EWARM\..\..\..\Libraries\FreeRTOS\Sou #
#                    rce\include\ -I C:\Users\tony.tsou\Desktop\AmTRAN\Projec #
#                    ts\15_K2\DevCode\2\Projects\S4051A\EWARM\..\..\..\Librar #
#                    ies\FreeRTOS\Source\ -I C:\Users\tony.tsou\Desktop\AmTRA #
#                    N\Projects\15_K2\DevCode\2\Projects\S4051A\EWARM\..\..\. #
#                    .\Libraries\STM32_USB_OTG_Driver\inc\ -I                 #
#                    C:\Users\tony.tsou\Desktop\AmTRAN\Projects\15_K2\DevCode #
#                    \2\Projects\S4051A\EWARM\..\..\..\Libraries\STM32_USB_HO #
#                    ST_Library\Core\inc\ -I C:\Users\tony.tsou\Desktop\AmTRA #
#                    N\Projects\15_K2\DevCode\2\Projects\S4051A\EWARM\..\..\. #
#                    .\Libraries\STM32_USB_HOST_Library\Class\MSC\inc\ -I     #
#                    C:\Users\tony.tsou\Desktop\AmTRAN\Projects\15_K2\DevCode #
#                    \2\Projects\S4051A\EWARM\..\..\..\Libraries\AMT_Drivers\ #
#                    EXT_FLASH\ -I C:\Users\tony.tsou\Desktop\AmTRAN\Projects #
#                    \15_K2\DevCode\2\Projects\S4051A\EWARM\..\..\..\Librarie #
#                    s\AMT_Drivers\HT68F30\ -I C:\Users\tony.tsou\Desktop\AmT #
#                    RAN\Projects\15_K2\DevCode\2\Projects\S4051A\EWARM\..\.. #
#                    \..\Utilities\Third_Party\efsl\inc\ -I                   #
#                    C:\Users\tony.tsou\Desktop\AmTRAN\Projects\15_K2\DevCode #
#                    \2\Projects\S4051A\EWARM\..\..\..\Utilities\Third_Party\ #
#                    fat_fs\inc\ -I C:\Users\tony.tsou\Desktop\AmTRAN\Project #
#                    s\15_K2\DevCode\2\Projects\S4051A\EWARM\..\..\..\Utiliti #
#                    es\mainstream_v1\stm32f411\ -I                           #
#                    C:\Users\tony.tsou\Desktop\AmTRAN\Projects\15_K2\DevCode #
#                    \2\Projects\S4051A\EWARM\..\..\..\Utilities\mainstream_v #
#                    1\stm32f411\it\ -I C:\Users\tony.tsou\Desktop\AmTRAN\Pro #
#                    jects\15_K2\DevCode\2\Projects\S4051A\EWARM\..\APP_SRC\I #
#                    nclude\ -I C:\Users\tony.tsou\Desktop\AmTRAN\Projects\15 #
#                    _K2\DevCode\2\Projects\S4051A\EWARM\..\APP_SRC\ -Ohz -I  #
#                    "C:\Program Files (x86)\IAR Systems\Embedded Workbench   #
#                    6.0\arm\CMSIS\Include\"                                  #
#    List file    =  C:\Users\tony.tsou\Desktop\AmTRAN\Projects\15_K2\DevCode #
#                    \2\Projects\S4051A\EWARM\..\Output\S4051A\Release\List\d #
#                    isc.lst                                                  #
#    Object file  =  C:\Users\tony.tsou\Desktop\AmTRAN\Projects\15_K2\DevCode #
#                    \2\Projects\S4051A\EWARM\..\Output\S4051A\Release\Obj\di #
#                    sc.o                                                     #
#                                                                             #
#                                                                             #
###############################################################################

C:\Users\tony.tsou\Desktop\AmTRAN\Projects\15_K2\DevCode\2\Utilities\Third_Party\efsl\src\disc.c
      1          /*****************************************************************************/
      2          /*              efs - General purpose Embedded Filesystem library              *
      3          *          --------------------- -----------------------------------          *
      4          *                                                                             *
      5          * Filename : disc.c                                                           *
      6          * Description : This file contains the functions regarding the whole disc     *
      7          *               such as loading the MBR and performing read/write tests.      *
      8          *                                                                             *
      9          * This program is free software; you can redistribute it and/or               *
     10          * modify it under the terms of the GNU General Public License                 *
     11          * as published by the Free Software Foundation; version 2                     *
     12          * of the License.                                                             *
     13                                                                                        *
     14          * This program is distributed in the hope that it will be useful,             *
     15          * but WITHOUT ANY WARRANTY; without even the implied warranty of              *
     16          * MERCHANTABILITY or FITNESS FOR A PARTICULAR PURPOSE.  See the               *
     17          * GNU General Public License for more details.                                *
     18          *                                                                             *
     19          * As a special exception, if other files instantiate templates or             *
     20          * use macros or inline functions from this file, or you compile this          *
     21          * file and link it with other works to produce a work based on this file,     *
     22          * this file does not by itself cause the resulting work to be covered         *
     23          * by the GNU General Public License. However the source code for this         *
     24          * file must still be made available in accordance with section (3) of         *
     25          * the GNU General Public License.                                             *
     26          *                                                                             *
     27          * This exception does not invalidate any other reasons why a work based       *
     28          * on this file might be covered by the GNU General Public License.            *
     29          *                                                                             *
     30          *                                                    (c)2006 Lennart Yseboodt *
     31          *                                                    (c)2006 Michael De Nil   */
     32          /*****************************************************************************/
     33          
     34          /*****************************************************************************/
     35          
     36          #include "disc.h"
     37          /*****************************************************************************/
     38          
     39          /* ****************************************************************************  
     40           * void disc_initDisc(Disc *disc,hcInterface* source)
     41           * Description: This initialises the disc by loading the MBR and setting the
     42           * pointer to the hardware object.
     43          */
     44          void disc_initDisc(Disc *disc,IOManager* ioman)
     45          {
     46          	disc->ioman=ioman;
     47          	disc_setError(disc,DISC_NOERROR);
     48          	disc_loadMBR(disc);
     49          }
     50          /*****************************************************************************/ 
     51          
     52          /* ****************************************************************************  
     53           * void disc_loadMBR(Disc *disc)
     54           * Description: This functions copies the partitiontable to the partitions field.
     55          */
     56          void disc_loadMBR(Disc *disc)
     57          {
     58          	euint8 x;
     59          	euint8 *buf;
     60          	
     61          	buf=ioman_getSector(disc->ioman,LBA_ADDR_MBR,IOM_MODE_READONLY|IOM_MODE_EXP_REQ);
     62          	for(x=0;x<4;x++){
     63          		ex_getPartitionField(buf,&(disc->partitions[x]),PARTITION_TABLE_OFFSET+(x*SIZE_PARTITION_FIELD));
     64          	}
     65          	ioman_releaseSector(disc->ioman,buf);
     66          }
     67          /*****************************************************************************/ 
     68          
     69          

   Maximum stack usage in bytes:

   .cstack Function
   ------- --------
        0  disc_initDisc
              0 -> disc_loadMBR
       16  disc_loadMBR
             16 -> ex_getPartitionField
             16 -> ioman_getSector
              0 -> ioman_releaseSector


   Section sizes:

   Bytes  Function/Label
   -----  --------------
       6  disc_initDisc
      54  disc_loadMBR

 
 60 bytes in section .text
 
 60 bytes of CODE memory

Errors: none
Warnings: none
