###############################################################################
#                                                                             #
# IAR ANSI C/C++ Compiler V6.30.1.53127/W32 for ARM     10/Nov/2014  12:51:53 #
# Copyright 1999-2011 IAR Systems AB.                                         #
#                                                                             #
#    Cpu mode     =  thumb                                                    #
#    Endian       =  little                                                   #
#    Source file  =  C:\Users\tony.tsou\Desktop\AmTRAN\Projects\15_K2\DevCode #
#                    \2\Utilities\Third_Party\efsl\src\efs.c                  #
#    Command line =  C:\Users\tony.tsou\Desktop\AmTRAN\Projects\15_K2\DevCode #
#                    \2\Utilities\Third_Party\efsl\src\efs.c -D               #
#                    __ARM_CORTEX_MX__ -D DEBUG -D FREE_RTOS -D               #
#                    STM32F40_41xxx -D USE_STM324xG_EVAL -D                   #
#                    USE_STDPERIPH_DRIVER -D HOST_MODE_ENABLED -D             #
#                    IAR_ARM_CM4F -D USE_USB_OTG_FS -D STM32_IAP -D S4051A    #
#                    -lcN C:\Users\tony.tsou\Desktop\AmTRAN\Projects\15_K2\De #
#                    vCode\2\Projects\S4051A\EWARM\..\Output\S4051A\Release\L #
#                    ist\ -o C:\Users\tony.tsou\Desktop\AmTRAN\Projects\15_K2 #
#                    \DevCode\2\Projects\S4051A\EWARM\..\Output\S4051A\Releas #
#                    e\Obj\ --debug --endian=little --cpu=Cortex-M4 -e        #
#                    --fpu=VFPv4_sp --dlib_config "C:\Program Files           #
#                    (x86)\IAR Systems\Embedded Workbench                     #
#                    6.0\arm\INC\c\DLib_Config_Normal.h" -I                   #
#                    C:\Users\tony.tsou\Desktop\AmTRAN\Projects\15_K2\DevCode #
#                    \2\Projects\S4051A\EWARM\inc\ -I                         #
#                    C:\Users\tony.tsou\Desktop\AmTRAN\Projects\15_K2\DevCode #
#                    \2\Projects\S4051A\EWARM\..\..\..\Projects\STM32_IAP\inc #
#                    \ -I C:\Users\tony.tsou\Desktop\AmTRAN\Projects\15_K2\De #
#                    vCode\2\Projects\S4051A\EWARM\..\..\..\Libraries\CMSIS\I #
#                    nclude\ -I C:\Users\tony.tsou\Desktop\AmTRAN\Projects\15 #
#                    _K2\DevCode\2\Projects\S4051A\EWARM\..\..\..\Libraries\C #
#                    MSIS\Device\ST\STM32F4xx\Include\ -I                     #
#                    C:\Users\tony.tsou\Desktop\AmTRAN\Projects\15_K2\DevCode #
#                    \2\Projects\S4051A\EWARM\..\..\..\Libraries\STM32F4xx_St #
#                    dPeriph_Driver\inc\ -I C:\Users\tony.tsou\Desktop\AmTRAN #
#                    \Projects\15_K2\DevCode\2\Projects\S4051A\EWARM\..\..\.. #
#                    \Libraries\FreeRTOS\Source\portable\IAR\ARM_CM4F\ -I     #
#                    C:\Users\tony.tsou\Desktop\AmTRAN\Projects\15_K2\DevCode #
#                    \2\Projects\S4051A\EWARM\..\..\..\Libraries\FreeRTOS\Sou #
#                    rce\include\ -I C:\Users\tony.tsou\Desktop\AmTRAN\Projec #
#                    ts\15_K2\DevCode\2\Projects\S4051A\EWARM\..\..\..\Librar #
#                    ies\FreeRTOS\Source\ -I C:\Users\tony.tsou\Desktop\AmTRA #
#                    N\Projects\15_K2\DevCode\2\Projects\S4051A\EWARM\..\..\. #
#                    .\Libraries\STM32_USB_OTG_Driver\inc\ -I                 #
#                    C:\Users\tony.tsou\Desktop\AmTRAN\Projects\15_K2\DevCode #
#                    \2\Projects\S4051A\EWARM\..\..\..\Libraries\STM32_USB_HO #
#                    ST_Library\Core\inc\ -I C:\Users\tony.tsou\Desktop\AmTRA #
#                    N\Projects\15_K2\DevCode\2\Projects\S4051A\EWARM\..\..\. #
#                    .\Libraries\STM32_USB_HOST_Library\Class\MSC\inc\ -I     #
#                    C:\Users\tony.tsou\Desktop\AmTRAN\Projects\15_K2\DevCode #
#                    \2\Projects\S4051A\EWARM\..\..\..\Libraries\AMT_Drivers\ #
#                    EXT_FLASH\ -I C:\Users\tony.tsou\Desktop\AmTRAN\Projects #
#                    \15_K2\DevCode\2\Projects\S4051A\EWARM\..\..\..\Librarie #
#                    s\AMT_Drivers\HT68F30\ -I C:\Users\tony.tsou\Desktop\AmT #
#                    RAN\Projects\15_K2\DevCode\2\Projects\S4051A\EWARM\..\.. #
#                    \..\Utilities\Third_Party\efsl\inc\ -I                   #
#                    C:\Users\tony.tsou\Desktop\AmTRAN\Projects\15_K2\DevCode #
#                    \2\Projects\S4051A\EWARM\..\..\..\Utilities\Third_Party\ #
#                    fat_fs\inc\ -I C:\Users\tony.tsou\Desktop\AmTRAN\Project #
#                    s\15_K2\DevCode\2\Projects\S4051A\EWARM\..\..\..\Utiliti #
#                    es\mainstream_v1\stm32f411\ -I                           #
#                    C:\Users\tony.tsou\Desktop\AmTRAN\Projects\15_K2\DevCode #
#                    \2\Projects\S4051A\EWARM\..\..\..\Utilities\mainstream_v #
#                    1\stm32f411\it\ -I C:\Users\tony.tsou\Desktop\AmTRAN\Pro #
#                    jects\15_K2\DevCode\2\Projects\S4051A\EWARM\..\APP_SRC\I #
#                    nclude\ -I C:\Users\tony.tsou\Desktop\AmTRAN\Projects\15 #
#                    _K2\DevCode\2\Projects\S4051A\EWARM\..\APP_SRC\ -Ohz -I  #
#                    "C:\Program Files (x86)\IAR Systems\Embedded Workbench   #
#                    6.0\arm\CMSIS\Include\"                                  #
#    List file    =  C:\Users\tony.tsou\Desktop\AmTRAN\Projects\15_K2\DevCode #
#                    \2\Projects\S4051A\EWARM\..\Output\S4051A\Release\List\e #
#                    fs.lst                                                   #
#    Object file  =  C:\Users\tony.tsou\Desktop\AmTRAN\Projects\15_K2\DevCode #
#                    \2\Projects\S4051A\EWARM\..\Output\S4051A\Release\Obj\ef #
#                    s.o                                                      #
#                                                                             #
#                                                                             #
###############################################################################

C:\Users\tony.tsou\Desktop\AmTRAN\Projects\15_K2\DevCode\2\Utilities\Third_Party\efsl\src\efs.c
      1          /*****************************************************************************/
      2          /*              efs - General purpose Embedded Filesystem library              *
      3          *          --------------------- -----------------------------------          *
      4          *                                                                             *
      5          * Filename : efs.h                                                            *
      6          * Description : This should become the wrapper around efs. It will contain    *
      7          *               functions like efs_init etc.                                  *
      8          *                                                                             *
      9          * This program is free software; you can redistribute it and/or               *
     10          * modify it under the terms of the GNU General Public License                 *
     11          * as published by the Free Software Foundation; version 2                     *
     12          * of the License.                                                             *
     13                                                                                        *
     14          * This program is distributed in the hope that it will be useful,             *
     15          * but WITHOUT ANY WARRANTY; without even the implied warranty of              *
     16          * MERCHANTABILITY or FITNESS FOR A PARTICULAR PURPOSE.  See the               *
     17          * GNU General Public License for more details.                                *
     18          *                                                                             *
     19          * As a special exception, if other files instantiate templates or             *
     20          * use macros or inline functions from this file, or you compile this          *
     21          * file and link it with other works to produce a work based on this file,     *
     22          * this file does not by itself cause the resulting work to be covered         *
     23          * by the GNU General Public License. However the source code for this         *
     24          * file must still be made available in accordance with section (3) of         *
     25          * the GNU General Public License.                                             *
     26          *                                                                             *
     27          * This exception does not invalidate any other reasons why a work based       *
     28          * on this file might be covered by the GNU General Public License.            *
     29          *                                                                             *
     30          *                                                    (c)2006 Lennart Yseboodt *
     31          *                                                    (c)2006 Michael De Nil   */
     32          /*****************************************************************************/
     33          
     34          /*****************************************************************************/
     35          
     36          #include "efs.h"
     37          /*****************************************************************************/
     38          
     39          /* ****************************************************************************  
     40           * esint8 efs_init(EmbeddedFileSystem * efs,eint8* opts)
     41           * Description: This function initialises all subelements of a filesystem.
     42           * It sets the pointerchain and verifies each step.
     43           * Return value: 0 on success and -1 on failure.
     44          */
     45          esint8 efs_init(EmbeddedFileSystem * efs,eint8* opts)
     46          {
     47          	if(if_initInterface(&efs->myCard, opts)==0)
     48          	{
     49          		ioman_init(&efs->myIOman,&efs->myCard,0);
     50          		disc_initDisc(&efs->myDisc, &efs->myIOman);
     51          		part_initPartition(&efs->myPart, &efs->myDisc);
     52          		if(efs->myPart.activePartition==-1){
     53          			efs->myDisc.partitions[0].type=0x0B;
     54          			efs->myDisc.partitions[0].LBA_begin=0;
     55          			efs->myDisc.partitions[0].numSectors=efs->myCard.sectorCount;	
     56          			/*efs->myPart.activePartition = 0;*/
     57          			/*efs->myPart.disc = &(efs->myDisc);*/
     58          			part_initPartition(&efs->myPart, &efs->myDisc);
     59          		}
     60          		/*part_initPartition(&efs->myPart, &efs->myDisc);*/
     61          		if(fs_initFs(&efs->myFs, &efs->myPart))
     62          			return(-2);
     63          		return(0);
     64          	}
     65          	return(-1);
     66          }
     67          /*****************************************************************************/
     68          
     69          

   Maximum stack usage in bytes:

   .cstack Function
   ------- --------
       16  efs_init
             16 -> disc_initDisc
             16 -> fs_initFs
             16 -> if_initInterface
             16 -> ioman_init
             16 -> part_initPartition


   Section sizes:

   Bytes  Function/Label
   -----  --------------
     106  efs_init

 
 106 bytes in section .text
 
 106 bytes of CODE memory

Errors: none
Warnings: none
