###############################################################################
#                                                                             #
# IAR ANSI C/C++ Compiler V6.30.1.53127/W32 for ARM     10/Nov/2014  12:51:50 #
# Copyright 1999-2011 IAR Systems AB.                                         #
#                                                                             #
#    Cpu mode     =  thumb                                                    #
#    Endian       =  little                                                   #
#    Source file  =  C:\Users\tony.tsou\Desktop\AmTRAN\Projects\15_K2\DevCode #
#                    \2\Utilities\mainstream_v1\stm32f411\GPIOMiddleLevel.c   #
#    Command line =  C:\Users\tony.tsou\Desktop\AmTRAN\Projects\15_K2\DevCode #
#                    \2\Utilities\mainstream_v1\stm32f411\GPIOMiddleLevel.c   #
#                    -D __ARM_CORTEX_MX__ -D DEBUG -D FREE_RTOS -D            #
#                    STM32F40_41xxx -D USE_STM324xG_EVAL -D                   #
#                    USE_STDPERIPH_DRIVER -D HOST_MODE_ENABLED -D             #
#                    IAR_ARM_CM4F -D USE_USB_OTG_FS -D STM32_IAP -D S4051A    #
#                    -lcN C:\Users\tony.tsou\Desktop\AmTRAN\Projects\15_K2\De #
#                    vCode\2\Projects\S4051A\EWARM\..\Output\S4051A\Release\L #
#                    ist\ -o C:\Users\tony.tsou\Desktop\AmTRAN\Projects\15_K2 #
#                    \DevCode\2\Projects\S4051A\EWARM\..\Output\S4051A\Releas #
#                    e\Obj\ --debug --endian=little --cpu=Cortex-M4 -e        #
#                    --fpu=VFPv4_sp --dlib_config "C:\Program Files           #
#                    (x86)\IAR Systems\Embedded Workbench                     #
#                    6.0\arm\INC\c\DLib_Config_Normal.h" -I                   #
#                    C:\Users\tony.tsou\Desktop\AmTRAN\Projects\15_K2\DevCode #
#                    \2\Projects\S4051A\EWARM\inc\ -I                         #
#                    C:\Users\tony.tsou\Desktop\AmTRAN\Projects\15_K2\DevCode #
#                    \2\Projects\S4051A\EWARM\..\..\..\Projects\STM32_IAP\inc #
#                    \ -I C:\Users\tony.tsou\Desktop\AmTRAN\Projects\15_K2\De #
#                    vCode\2\Projects\S4051A\EWARM\..\..\..\Libraries\CMSIS\I #
#                    nclude\ -I C:\Users\tony.tsou\Desktop\AmTRAN\Projects\15 #
#                    _K2\DevCode\2\Projects\S4051A\EWARM\..\..\..\Libraries\C #
#                    MSIS\Device\ST\STM32F4xx\Include\ -I                     #
#                    C:\Users\tony.tsou\Desktop\AmTRAN\Projects\15_K2\DevCode #
#                    \2\Projects\S4051A\EWARM\..\..\..\Libraries\STM32F4xx_St #
#                    dPeriph_Driver\inc\ -I C:\Users\tony.tsou\Desktop\AmTRAN #
#                    \Projects\15_K2\DevCode\2\Projects\S4051A\EWARM\..\..\.. #
#                    \Libraries\FreeRTOS\Source\portable\IAR\ARM_CM4F\ -I     #
#                    C:\Users\tony.tsou\Desktop\AmTRAN\Projects\15_K2\DevCode #
#                    \2\Projects\S4051A\EWARM\..\..\..\Libraries\FreeRTOS\Sou #
#                    rce\include\ -I C:\Users\tony.tsou\Desktop\AmTRAN\Projec #
#                    ts\15_K2\DevCode\2\Projects\S4051A\EWARM\..\..\..\Librar #
#                    ies\FreeRTOS\Source\ -I C:\Users\tony.tsou\Desktop\AmTRA #
#                    N\Projects\15_K2\DevCode\2\Projects\S4051A\EWARM\..\..\. #
#                    .\Libraries\STM32_USB_OTG_Driver\inc\ -I                 #
#                    C:\Users\tony.tsou\Desktop\AmTRAN\Projects\15_K2\DevCode #
#                    \2\Projects\S4051A\EWARM\..\..\..\Libraries\STM32_USB_HO #
#                    ST_Library\Core\inc\ -I C:\Users\tony.tsou\Desktop\AmTRA #
#                    N\Projects\15_K2\DevCode\2\Projects\S4051A\EWARM\..\..\. #
#                    .\Libraries\STM32_USB_HOST_Library\Class\MSC\inc\ -I     #
#                    C:\Users\tony.tsou\Desktop\AmTRAN\Projects\15_K2\DevCode #
#                    \2\Projects\S4051A\EWARM\..\..\..\Libraries\AMT_Drivers\ #
#                    EXT_FLASH\ -I C:\Users\tony.tsou\Desktop\AmTRAN\Projects #
#                    \15_K2\DevCode\2\Projects\S4051A\EWARM\..\..\..\Librarie #
#                    s\AMT_Drivers\HT68F30\ -I C:\Users\tony.tsou\Desktop\AmT #
#                    RAN\Projects\15_K2\DevCode\2\Projects\S4051A\EWARM\..\.. #
#                    \..\Utilities\Third_Party\efsl\inc\ -I                   #
#                    C:\Users\tony.tsou\Desktop\AmTRAN\Projects\15_K2\DevCode #
#                    \2\Projects\S4051A\EWARM\..\..\..\Utilities\Third_Party\ #
#                    fat_fs\inc\ -I C:\Users\tony.tsou\Desktop\AmTRAN\Project #
#                    s\15_K2\DevCode\2\Projects\S4051A\EWARM\..\..\..\Utiliti #
#                    es\mainstream_v1\stm32f411\ -I                           #
#                    C:\Users\tony.tsou\Desktop\AmTRAN\Projects\15_K2\DevCode #
#                    \2\Projects\S4051A\EWARM\..\..\..\Utilities\mainstream_v #
#                    1\stm32f411\it\ -I C:\Users\tony.tsou\Desktop\AmTRAN\Pro #
#                    jects\15_K2\DevCode\2\Projects\S4051A\EWARM\..\APP_SRC\I #
#                    nclude\ -I C:\Users\tony.tsou\Desktop\AmTRAN\Projects\15 #
#                    _K2\DevCode\2\Projects\S4051A\EWARM\..\APP_SRC\ -Ohz -I  #
#                    "C:\Program Files (x86)\IAR Systems\Embedded Workbench   #
#                    6.0\arm\CMSIS\Include\"                                  #
#    List file    =  C:\Users\tony.tsou\Desktop\AmTRAN\Projects\15_K2\DevCode #
#                    \2\Projects\S4051A\EWARM\..\Output\S4051A\Release\List\G #
#                    PIOMiddleLevel.lst                                       #
#    Object file  =  C:\Users\tony.tsou\Desktop\AmTRAN\Projects\15_K2\DevCode #
#                    \2\Projects\S4051A\EWARM\..\Output\S4051A\Release\Obj\GP #
#                    IOMiddleLevel.o                                          #
#                                                                             #
#                                                                             #
###############################################################################

C:\Users\tony.tsou\Desktop\AmTRAN\Projects\15_K2\DevCode\2\Utilities\mainstream_v1\stm32f411\GPIOMiddleLevel.c
      1          #include "GPIOMiddleLevel.h"
      2          
      3          //!	< External Application ___________________________________________________________________________________@{
      4          //These applicatons is only used on here.
      5          
      6          extern void GPIOLowLevel_Set( VirtualPin pin );
      7          
      8          extern void GPIOLowLevel_Clr( VirtualPin pin );
      9          
     10          extern uint8_t GPIOLowLevel_RinputPinBit( VirtualPin pin );
     11          
     12          extern uint8_t GPIOLowLevel_RoutputPinBit( VirtualPin pin );
     13          //!	@}
     14          
     15          /*________________________________________________________________________________________________________*/
     16          void GPIOMiddleLevel_Set( VirtualPin pin )
     17          {
     18          	GPIOLowLevel_Set( pin );
     19          }
     20          
     21          void GPIOMiddleLevel_Clr( VirtualPin pin )
     22          {
     23          	GPIOLowLevel_Clr( pin );
     24          }
     25          
     26          uint8 GPIOMiddleLevel_Read_InBit( VirtualPin pin )
     27          {
     28          	uint8 bitstatus = 0x00; ;
     29          
     30          	bitstatus = GPIOLowLevel_RinputPinBit( pin );
     31          
     32          	return bitstatus;
     33          }
     34          
     35          uint8 GPIOMiddleLevel_Read_OutBit( VirtualPin pin )
     36          {
     37          	uint8 bitstatus = 0x00; ;
     38          
     39          	bitstatus = GPIOLowLevel_RoutputPinBit( pin );
     40          
     41          	return bitstatus;
     42          }
     43          
     44          

   Maximum stack usage in bytes:

   .cstack Function
   ------- --------
        0  GPIOMiddleLevel_Clr
             0 -> GPIOLowLevel_Clr
        0  GPIOMiddleLevel_Read_InBit
             0 -> GPIOLowLevel_RinputPinBit
        0  GPIOMiddleLevel_Read_OutBit
             0 -> GPIOLowLevel_RoutputPinBit
        0  GPIOMiddleLevel_Set
             0 -> GPIOLowLevel_Set


   Section sizes:

   Bytes  Function/Label
   -----  --------------
       4  GPIOMiddleLevel_Clr
       4  GPIOMiddleLevel_Read_InBit
       4  GPIOMiddleLevel_Read_OutBit
       4  GPIOMiddleLevel_Set

 
 16 bytes in section .text
 
 16 bytes of CODE memory

Errors: none
Warnings: none
