###############################################################################
#                                                                             #
# IAR ANSI C/C++ Compiler V6.30.1.53127/W32 for ARM     11/Nov/2014  19:24:09 #
# Copyright 1999-2011 IAR Systems AB.                                         #
#                                                                             #
#    Cpu mode     =  thumb                                                    #
#    Endian       =  little                                                   #
#    Source file  =  C:\Users\tony.tsou\Desktop\AmTRAN\Projects\15_K2\DevCode #
#                    \2\Libraries\AMT_Drivers\sii953x\driver\sii953x_drv\si_c #
#                    ra_cfg.c                                                 #
#    Command line =  C:\Users\tony.tsou\Desktop\AmTRAN\Projects\15_K2\DevCode #
#                    \2\Libraries\AMT_Drivers\sii953x\driver\sii953x_drv\si_c #
#                    ra_cfg.c -D S4051A -D DEBUG -D FREE_RTOS -D              #
#                    STM32F40_41xxx -D USE_STM324xG_EVAL -D                   #
#                    USE_STDPERIPH_DRIVER -D __ARM_CORTEX_MX__ -D             #
#                    IAR_ARM_CM4F -D USE_USB_OTG_FS -lcN                      #
#                    C:\Users\tony.tsou\Desktop\AmTRAN\Projects\15_K2\DevCode #
#                    \2\Projects\S4051A\EWARM\..\Output\S4051A\Application\Li #
#                    st\ -o C:\Users\tony.tsou\Desktop\AmTRAN\Projects\15_K2\ #
#                    DevCode\2\Projects\S4051A\EWARM\..\Output\S4051A\Applica #
#                    tion\Obj\ --debug --endian=little --cpu=Cortex-M4 -e     #
#                    --fpu=VFPv4_sp --dlib_config "C:\Program Files           #
#                    (x86)\IAR Systems\Embedded Workbench                     #
#                    6.0\arm\INC\c\DLib_Config_Normal.h" -I                   #
#                    C:\Users\tony.tsou\Desktop\AmTRAN\Projects\15_K2\DevCode #
#                    \2\Projects\S4051A\EWARM\inc\ -I                         #
#                    C:\Users\tony.tsou\Desktop\AmTRAN\Projects\15_K2\DevCode #
#                    \2\Projects\S4051A\EWARM\..\App_SRC\ -I                  #
#                    C:\Users\tony.tsou\Desktop\AmTRAN\Projects\15_K2\DevCode #
#                    \2\Projects\S4051A\EWARM\..\App_SRC\Include\ -I          #
#                    C:\Users\tony.tsou\Desktop\AmTRAN\Projects\15_K2\DevCode #
#                    \2\Projects\S4051A\EWARM\..\App_SRC\SERVICES\ -I         #
#                    C:\Users\tony.tsou\Desktop\AmTRAN\Projects\15_K2\DevCode #
#                    \2\Projects\S4051A\EWARM\..\App_SRC\SERVICES\USB_HD\inc\ #
#                     -I C:\Users\tony.tsou\Desktop\AmTRAN\Projects\15_K2\Dev #
#                    Code\2\Projects\S4051A\EWARM\..\App_SRC\SERVICES\USB_HD\ #
#                    src\ -I C:\Users\tony.tsou\Desktop\AmTRAN\Projects\15_K2 #
#                    \DevCode\2\Projects\S4051A\EWARM\..\App_SRC\SERVICES\wav #
#                    ePlayer\ -I C:\Users\tony.tsou\Desktop\AmTRAN\Projects\1 #
#                    5_K2\DevCode\2\Projects\S4051A\EWARM\..\App_SRC\Managers #
#                    \ -I C:\Users\tony.tsou\Desktop\AmTRAN\Projects\15_K2\De #
#                    vCode\2\Projects\S4051A\EWARM\..\App_SRC\Dispatchers\    #
#                    -I C:\Users\tony.tsou\Desktop\AmTRAN\Projects\15_K2\DevC #
#                    ode\2\Projects\S4051A\EWARM\..\..\..\Libraries\CMSIS\Inc #
#                    lude\ -I C:\Users\tony.tsou\Desktop\AmTRAN\Projects\15_K #
#                    2\DevCode\2\Projects\S4051A\EWARM\..\..\..\Libraries\CMS #
#                    IS\Device\ST\STM32F4xx\Include\ -I                       #
#                    C:\Users\tony.tsou\Desktop\AmTRAN\Projects\15_K2\DevCode #
#                    \2\Projects\S4051A\EWARM\..\..\..\Libraries\STM32F4xx_St #
#                    dPeriph_Driver\inc\ -I C:\Users\tony.tsou\Desktop\AmTRAN #
#                    \Projects\15_K2\DevCode\2\Projects\S4051A\EWARM\..\..\.. #
#                    \Libraries\FreeRTOS\Source\portable\IAR\ARM_CM4F\ -I     #
#                    C:\Users\tony.tsou\Desktop\AmTRAN\Projects\15_K2\DevCode #
#                    \2\Projects\S4051A\EWARM\..\..\..\Libraries\FreeRTOS\Sou #
#                    rce\include\ -I C:\Users\tony.tsou\Desktop\AmTRAN\Projec #
#                    ts\15_K2\DevCode\2\Projects\S4051A\EWARM\..\..\..\Librar #
#                    ies\FreeRTOS\Source\ -I C:\Users\tony.tsou\Desktop\AmTRA #
#                    N\Projects\15_K2\DevCode\2\Projects\S4051A\EWARM\..\..\. #
#                    .\Libraries\STM32_USB_OTG_Driver\inc\ -I                 #
#                    C:\Users\tony.tsou\Desktop\AmTRAN\Projects\15_K2\DevCode #
#                    \2\Projects\S4051A\EWARM\..\..\..\Libraries\STM32_USB_De #
#                    vice_Library\Core\inc\ -I C:\Users\tony.tsou\Desktop\AmT #
#                    RAN\Projects\15_K2\DevCode\2\Projects\S4051A\EWARM\..\.. #
#                    \..\Libraries\STM32_USB_Device_Library\Class\cdc\inc\    #
#                    -I C:\Users\tony.tsou\Desktop\AmTRAN\Projects\15_K2\DevC #
#                    ode\2\Projects\S4051A\EWARM\..\..\..\Libraries\STM32_USB #
#                    _HOST_Library\Core\inc\ -I C:\Users\tony.tsou\Desktop\Am #
#                    TRAN\Projects\15_K2\DevCode\2\Projects\S4051A\EWARM\..\. #
#                    .\..\Libraries\STM32_USB_HOST_Library\Class\MSC\inc\ -I  #
#                    C:\Users\tony.tsou\Desktop\AmTRAN\Projects\15_K2\DevCode #
#                    \2\Projects\S4051A\EWARM\..\..\..\Utilities\Third_Party\ #
#                    efsl\inc\ -I C:\Users\tony.tsou\Desktop\AmTRAN\Projects\ #
#                    15_K2\DevCode\2\Projects\S4051A\EWARM\..\..\..\Utilities #
#                    \Third_Party\fat_fs\inc\ -I                              #
#                    C:\Users\tony.tsou\Desktop\AmTRAN\Projects\15_K2\DevCode #
#                    \2\Projects\S4051A\EWARM\..\..\..\Utilities\mainstream_v #
#                    1\stm32f411\ -I C:\Users\tony.tsou\Desktop\AmTRAN\Projec #
#                    ts\15_K2\DevCode\2\Projects\S4051A\EWARM\..\..\..\Utilit #
#                    ies\mainstream_v1\stm32f411\it\ -I                       #
#                    C:\Users\tony.tsou\Desktop\AmTRAN\Projects\15_K2\DevCode #
#                    \2\Projects\S4051A\EWARM\..\..\..\Libraries\AMT_Drivers\ #
#                    EXT_FLASH\ -I C:\Users\tony.tsou\Desktop\AmTRAN\Projects #
#                    \15_K2\DevCode\2\Projects\S4051A\EWARM\..\..\..\Librarie #
#                    s\AMT_Drivers\TAS5727\ -I C:\Users\tony.tsou\Desktop\AmT #
#                    RAN\Projects\15_K2\DevCode\2\Projects\S4051A\EWARM\..\.. #
#                    \..\Libraries\AMT_Drivers\TAS5711\ -I                    #
#                    C:\Users\tony.tsou\Desktop\AmTRAN\Projects\15_K2\DevCode #
#                    \2\Projects\S4051A\EWARM\..\..\..\Libraries\AMT_Drivers\ #
#                    TAS5707\ -I C:\Users\tony.tsou\Desktop\AmTRAN\Projects\1 #
#                    5_K2\DevCode\2\Projects\S4051A\EWARM\..\..\..\Libraries\ #
#                    AMT_Drivers\TAS5713\ -I C:\Users\tony.tsou\Desktop\AmTRA #
#                    N\Projects\15_K2\DevCode\2\Projects\S4051A\EWARM\..\..\. #
#                    .\Libraries\AMT_Drivers\CS49844\ -I                      #
#                    C:\Users\tony.tsou\Desktop\AmTRAN\Projects\15_K2\DevCode #
#                    \2\Projects\S4051A\EWARM\..\..\..\Libraries\AMT_Drivers\ #
#                    CS8422\ -I C:\Users\tony.tsou\Desktop\AmTRAN\Projects\15 #
#                    _K2\DevCode\2\Projects\S4051A\EWARM\..\..\..\Libraries\A #
#                    MT_Drivers\CS5346\ -I C:\Users\tony.tsou\Desktop\AmTRAN\ #
#                    Projects\15_K2\DevCode\2\Projects\S4051A\EWARM\..\..\..\ #
#                    Libraries\AMT_Drivers\OTI3368\ -I                        #
#                    C:\Users\tony.tsou\Desktop\AmTRAN\Projects\15_K2\DevCode #
#                    \2\Projects\S4051A\EWARM\..\..\..\Libraries\AMT_Drivers\ #
#                    HT68F30\ -I C:\Users\tony.tsou\Desktop\AmTRAN\Projects\1 #
#                    5_K2\DevCode\2\Projects\S4051A\EWARM\..\..\..\Libraries\ #
#                    AMT_Drivers\BTM640\ -I C:\Users\tony.tsou\Desktop\AmTRAN #
#                    \Projects\15_K2\DevCode\2\Projects\S4051A\EWARM\..\..\.. #
#                    \Libraries\AMT_Drivers\sii953x\application\ -I           #
#                    C:\Users\tony.tsou\Desktop\AmTRAN\Projects\15_K2\DevCode #
#                    \2\Projects\S4051A\EWARM\..\..\..\Libraries\AMT_Drivers\ #
#                    sii953x\application\app_ipv\ -I                          #
#                    C:\Users\tony.tsou\Desktop\AmTRAN\Projects\15_K2\DevCode #
#                    \2\Projects\S4051A\EWARM\..\..\..\Libraries\AMT_Drivers\ #
#                    sii953x\application\app_cbus\ -I                         #
#                    C:\Users\tony.tsou\Desktop\AmTRAN\Projects\15_K2\DevCode #
#                    \2\Projects\S4051A\EWARM\..\..\..\Libraries\AMT_Drivers\ #
#                    sii953x\application\app_cdc\ -I                          #
#                    C:\Users\tony.tsou\Desktop\AmTRAN\Projects\15_K2\DevCode #
#                    \2\Projects\S4051A\EWARM\..\..\..\Libraries\AMT_Drivers\ #
#                    sii953x\application\app_cec\ -I                          #
#                    C:\Users\tony.tsou\Desktop\AmTRAN\Projects\15_K2\DevCode #
#                    \2\Projects\S4051A\EWARM\..\..\..\Libraries\AMT_Drivers\ #
#                    sii953x\application\app_arc\ -I                          #
#                    C:\Users\tony.tsou\Desktop\AmTRAN\Projects\15_K2\DevCode #
#                    \2\Projects\S4051A\EWARM\..\..\..\Libraries\AMT_Drivers\ #
#                    sii953x\application\app_diag\ -I                         #
#                    C:\Users\tony.tsou\Desktop\AmTRAN\Projects\15_K2\DevCode #
#                    \2\Projects\S4051A\EWARM\..\..\..\Libraries\AMT_Drivers\ #
#                    sii953x\application\app_msw\ -I                          #
#                    C:\Users\tony.tsou\Desktop\AmTRAN\Projects\15_K2\DevCode #
#                    \2\Projects\S4051A\EWARM\..\..\..\Libraries\AMT_Drivers\ #
#                    sii953x\application\app_osd\ -I                          #
#                    C:\Users\tony.tsou\Desktop\AmTRAN\Projects\15_K2\DevCode #
#                    \2\Projects\S4051A\EWARM\..\..\..\Libraries\AMT_Drivers\ #
#                    sii953x\component\ -I C:\Users\tony.tsou\Desktop\AmTRAN\ #
#                    Projects\15_K2\DevCode\2\Projects\S4051A\EWARM\..\..\..\ #
#                    Libraries\AMT_Drivers\sii953x\component\tx\ -I           #
#                    C:\Users\tony.tsou\Desktop\AmTRAN\Projects\15_K2\DevCode #
#                    \2\Projects\S4051A\EWARM\..\..\..\Libraries\AMT_Drivers\ #
#                    sii953x\component\repeater_avr\ -I                       #
#                    C:\Users\tony.tsou\Desktop\AmTRAN\Projects\15_K2\DevCode #
#                    \2\Projects\S4051A\EWARM\..\..\..\Libraries\AMT_Drivers\ #
#                    sii953x\component\video_tables\ -I                       #
#                    C:\Users\tony.tsou\Desktop\AmTRAN\Projects\15_K2\DevCode #
#                    \2\Projects\S4051A\EWARM\..\..\..\Libraries\AMT_Drivers\ #
#                    sii953x\component\audio_rx\ -I                           #
#                    C:\Users\tony.tsou\Desktop\AmTRAN\Projects\15_K2\DevCode #
#                    \2\Projects\S4051A\EWARM\..\..\..\Libraries\AMT_Drivers\ #
#                    sii953x\component\edid_tx\ -I                            #
#                    C:\Users\tony.tsou\Desktop\AmTRAN\Projects\15_K2\DevCode #
#                    \2\Projects\S4051A\EWARM\..\..\..\Libraries\AMT_Drivers\ #
#                    sii953x\component\debugger_hdmigear\ -I                  #
#                    C:\Users\tony.tsou\Desktop\AmTRAN\Projects\15_K2\DevCode #
#                    \2\Projects\S4051A\EWARM\..\..\..\Libraries\AMT_Drivers\ #
#                    sii953x\component\cbus\ -I C:\Users\tony.tsou\Desktop\Am #
#                    TRAN\Projects\15_K2\DevCode\2\Projects\S4051A\EWARM\..\. #
#                    .\..\Libraries\AMT_Drivers\sii953x\component\rtpi\ -I    #
#                    C:\Users\tony.tsou\Desktop\AmTRAN\Projects\15_K2\DevCode #
#                    \2\Projects\S4051A\EWARM\..\..\..\Libraries\AMT_Drivers\ #
#                    sii953x\component\cdc\ -I C:\Users\tony.tsou\Desktop\AmT #
#                    RAN\Projects\15_K2\DevCode\2\Projects\S4051A\EWARM\..\.. #
#                    \..\Libraries\AMT_Drivers\sii953x\component\cec_manager\ #
#                     -I C:\Users\tony.tsou\Desktop\AmTRAN\Projects\15_K2\Dev #
#                    Code\2\Projects\S4051A\EWARM\..\..\..\Libraries\AMT_Driv #
#                    ers\sii953x\component\thx\ -I                            #
#                    C:\Users\tony.tsou\Desktop\AmTRAN\Projects\15_K2\DevCode #
#                    \2\Projects\S4051A\EWARM\..\..\..\Libraries\AMT_Drivers\ #
#                    sii953x\component\ipv\ -I C:\Users\tony.tsou\Desktop\AmT #
#                    RAN\Projects\15_K2\DevCode\2\Projects\S4051A\EWARM\..\.. #
#                    \..\Libraries\AMT_Drivers\sii953x\component\osd\ -I      #
#                    C:\Users\tony.tsou\Desktop\AmTRAN\Projects\15_K2\DevCode #
#                    \2\Projects\S4051A\EWARM\..\..\..\Libraries\AMT_Drivers\ #
#                    sii953x\component\cec_switch\ -I                         #
#                    C:\Users\tony.tsou\Desktop\AmTRAN\Projects\15_K2\DevCode #
#                    \2\Projects\S4051A\EWARM\..\..\..\Libraries\AMT_Drivers\ #
#                    sii953x\component\cec_system_audio_control\ -I           #
#                    C:\Users\tony.tsou\Desktop\AmTRAN\Projects\15_K2\DevCode #
#                    \2\Projects\S4051A\EWARM\..\..\..\Libraries\AMT_Drivers\ #
#                    sii953x\driver\ -I C:\Users\tony.tsou\Desktop\AmTRAN\Pro #
#                    jects\15_K2\DevCode\2\Projects\S4051A\EWARM\..\..\..\Lib #
#                    raries\AMT_Drivers\sii953x\driver\audio_mix_drv\ -I      #
#                    C:\Users\tony.tsou\Desktop\AmTRAN\Projects\15_K2\DevCode #
#                    \2\Projects\S4051A\EWARM\..\..\..\Libraries\AMT_Drivers\ #
#                    sii953x\driver\sii953x_drv\ -I                           #
#                    C:\Users\tony.tsou\Desktop\AmTRAN\Projects\15_K2\DevCode #
#                    \2\Projects\S4051A\EWARM\..\..\..\Libraries\AMT_Drivers\ #
#                    sii953x\driver\cra_drv\ -I C:\Users\tony.tsou\Desktop\Am #
#                    TRAN\Projects\15_K2\DevCode\2\Projects\S4051A\EWARM\..\. #
#                    .\..\Libraries\AMT_Drivers\sii953x\driver\matrix_sw_drv\ #
#                     -I C:\Users\tony.tsou\Desktop\AmTRAN\Projects\15_K2\Dev #
#                    Code\2\Projects\S4051A\EWARM\..\..\..\Libraries\AMT_Driv #
#                    ers\sii953x\driver\nvram_sram_drv\ -I                    #
#                    C:\Users\tony.tsou\Desktop\AmTRAN\Projects\15_K2\DevCode #
#                    \2\Projects\S4051A\EWARM\..\..\..\Libraries\AMT_Drivers\ #
#                    sii953x\driver\tpi_drv\ -I C:\Users\tony.tsou\Desktop\Am #
#                    TRAN\Projects\15_K2\DevCode\2\Projects\S4051A\EWARM\..\. #
#                    .\..\Libraries\AMT_Drivers\sii953x\driver\audio_rx_drv\  #
#                    -I C:\Users\tony.tsou\Desktop\AmTRAN\Projects\15_K2\DevC #
#                    ode\2\Projects\S4051A\EWARM\..\..\..\Libraries\AMT_Drive #
#                    rs\sii953x\driver\repeater_avr_drv\ -I                   #
#                    C:\Users\tony.tsou\Desktop\AmTRAN\Projects\15_K2\DevCode #
#                    \2\Projects\S4051A\EWARM\..\..\..\Libraries\AMT_Drivers\ #
#                    sii953x\driver\gpio_drv\ -I                              #
#                    C:\Users\tony.tsou\Desktop\AmTRAN\Projects\15_K2\DevCode #
#                    \2\Projects\S4051A\EWARM\..\..\..\Libraries\AMT_Drivers\ #
#                    sii953x\driver\tpg_drv\ -I C:\Users\tony.tsou\Desktop\Am #
#                    TRAN\Projects\15_K2\DevCode\2\Projects\S4051A\EWARM\..\. #
#                    .\..\Libraries\AMT_Drivers\sii953x\driver\cbus_drv\ -I   #
#                    C:\Users\tony.tsou\Desktop\AmTRAN\Projects\15_K2\DevCode #
#                    \2\Projects\S4051A\EWARM\..\..\..\Libraries\AMT_Drivers\ #
#                    sii953x\driver\cpi_drv\ -I C:\Users\tony.tsou\Desktop\Am #
#                    TRAN\Projects\15_K2\DevCode\2\Projects\S4051A\EWARM\..\. #
#                    .\..\Libraries\AMT_Drivers\sii953x\driver\arc_drv\ -I    #
#                    C:\Users\tony.tsou\Desktop\AmTRAN\Projects\15_K2\DevCode #
#                    \2\Projects\S4051A\EWARM\..\..\..\Libraries\AMT_Drivers\ #
#                    sii953x\driver\osd_drv\ -I C:\Users\tony.tsou\Desktop\Am #
#                    TRAN\Projects\15_K2\DevCode\2\Projects\S4051A\EWARM\..\. #
#                    .\..\Libraries\AMT_Drivers\sii953x\driver\ipv_drv\ -I    #
#                    C:\Users\tony.tsou\Desktop\AmTRAN\Projects\15_K2\DevCode #
#                    \2\Projects\S4051A\EWARM\..\..\..\Libraries\AMT_Drivers\ #
#                    sii953x\platform\hal\ir_remote\ -I                       #
#                    C:\Users\tony.tsou\Desktop\AmTRAN\Projects\15_K2\DevCode #
#                    \2\Projects\S4051A\EWARM\..\..\..\Libraries\AMT_Drivers\ #
#                    sii953x\platform\hal\eeprom\ -I                          #
#                    C:\Users\tony.tsou\Desktop\AmTRAN\Projects\15_K2\DevCode #
#                    \2\Projects\S4051A\EWARM\..\..\..\Libraries\AMT_Drivers\ #
#                    sii953x\platform\hal\timer\ -I                           #
#                    C:\Users\tony.tsou\Desktop\AmTRAN\Projects\15_K2\DevCode #
#                    \2\Projects\S4051A\EWARM\..\..\..\Libraries\AMT_Drivers\ #
#                    sii953x\platform\hal\i2c\ -I                             #
#                    C:\Users\tony.tsou\Desktop\AmTRAN\Projects\15_K2\DevCode #
#                    \2\Projects\S4051A\EWARM\..\..\..\Libraries\AMT_Drivers\ #
#                    sii953x\platform\osal\timer\ -I                          #
#                    C:\Users\tony.tsou\Desktop\AmTRAN\Projects\15_K2\DevCode #
#                    \2\Projects\S4051A\EWARM\..\..\..\Libraries\AMT_Drivers\ #
#                    sii953x\platform\board\ -Ohz -I "C:\Program Files        #
#                    (x86)\IAR Systems\Embedded Workbench                     #
#                    6.0\arm\CMSIS\Include\"                                  #
#    List file    =  C:\Users\tony.tsou\Desktop\AmTRAN\Projects\15_K2\DevCode #
#                    \2\Projects\S4051A\EWARM\..\Output\S4051A\Application\Li #
#                    st\si_cra_cfg.lst                                        #
#    Object file  =  C:\Users\tony.tsou\Desktop\AmTRAN\Projects\15_K2\DevCode #
#                    \2\Projects\S4051A\EWARM\..\Output\S4051A\Application\Ob #
#                    j\si_cra_cfg.o                                           #
#                                                                             #
#                                                                             #
###############################################################################

C:\Users\tony.tsou\Desktop\AmTRAN\Projects\15_K2\DevCode\2\Libraries\AMT_Drivers\sii953x\driver\sii953x_drv\si_cra_cfg.c
      1          //***************************************************************************
      2          //!file     si_cra_cfg.c
      3          //!brief    Silicon Image Si9535 Starter Kit Firmware CRA configuration data.
      4          //
      5          // No part of this work may be reproduced, modified, distributed, 
      6          // transmitted, transcribed, or translated into any language or computer 
      7          // format, in any form or by any means without written permission of 
      8          // Silicon Image, Inc., 1060 East Arques Avenue, Sunnyvale, California 94085
      9          //
     10          // Copyright 2008-2011, Silicon Image, Inc.  All rights reserved.
     11          //***************************************************************************/
     12          
     13          #include "si_common.h"
     14          #include "si_cra.h"
     15          #include "si_cra_cfg.h"
     16          #include "si_regs_pp953x.h"
     17          
     18          
     19          //------------------------------------------------------------------------------
     20          // si_cra_cfg.h
     21          //------------------------------------------------------------------------------
     22          
     23          // Index to this array is the virtual page number in the MSB of the REG_xxx address values
     24          // Indexed with siiRegPageIndex_t value shifted right 8 bits
     25          // DEV_PAGE values must correspond to the order specified in the SiiRegPageIndex_t enum list
     26          pageConfig_t    g_addrDescriptor[SII_CRA_MAX_DEVICE_INSTANCES][SII_CRA_DEVICE_PAGE_COUNT] =
     27          {
     28              // Instance 0
     29              {
     30              { DEV_I2C_0,        DEV_PAGE_PP_0   },    // Port Processor
     31              { DEV_I2C_0,        0   },
     32              { DEV_I2C_0,        DEV_PAGE_PP_2   },    // RX TMDS
     33              { DEV_I2C_0,        DEV_PAGE_IPV    },    // InstaPreview
     34              { DEV_I2C_0,        DEV_PAGE_PP_4   },    // RX TMDS
     35              { DEV_I2C_0,        DEV_PAGE_PP_5   },    // PAUTH0
     36              { DEV_I2C_0,        DEV_PAGE_PP_6   },    // PAUTH1
     37              { DEV_I2C_0,        DEV_PAGE_PP_7   },    // PAUTH2
     38              { DEV_I2C_0,        DEV_PAGE_PP_8   },    // CPI 0
     39              { DEV_I2C_0,        DEV_PAGE_PP_9   },    // NVRAM
     40              { DEV_I2C_0,        DEV_PAGE_PP_A   },    // RX TMDS
     41              { DEV_I2C_0,        DEV_PAGE_PP_B   },    // TX TMDS
     42              { DEV_I2C_0,        DEV_PAGE_CBUS   },    // CBUS 0
     43              { DEV_I2C_0,        DEV_PAGE_HEAC   },    // HEAC
     44              { DEV_I2C_0,        DEV_PAGE_OSD    },    // OSD
     45              { DEV_I2C_OFFSET,   0x0000 + DEV_PAGE_AUDIO },    // Audio Extraction instance 0
     46          
     47              { DEV_I2C_0,        DEV_PAGE_TPI_0    },  // TPI 0
     48              { DEV_I2C_0,        DEV_PAGE_TX_L0_0  },  // TX 0 Legacy 0
     49              { DEV_I2C_0,        DEV_PAGE_TX_L1_0  },  // TX 0 Legacy 1
     50              { DEV_I2C_0,        DEV_PAGE_TX_2_0   },  // TX 0 Page 2 (not legacy)
     51          
     52              { DEV_DDC_0,        DEV_PAGE_DDC_EDID },  // TX EDID DDC 0
     53              { DEV_DDC_0,        DEV_PAGE_DDC_SEGM },  // TX EDID DDC 0
     54          
     55              { DEV_I2C_OFFSET,   0x0000 + DEV_PAGE_AUDIO },    // Audio Mixer instance 0
     56              { DEV_I2C_OFFSET,   0x0000 + DEV_PAGE_PP_0  },    // Audio Interrupts instance 0
     57              { DEV_I2C_0,        DEV_PAGE_AUDIO },    // Audio Mixer instance 1
     58              },
     59          
     60              // Instance 1
     61              {
     62              { DEV_I2C_0,        DEV_PAGE_PP_0     },
     63              { DEV_I2C_0,        0   },
     64              { DEV_I2C_0,        DEV_PAGE_PP_2     },
     65              { DEV_I2C_0,        DEV_PAGE_IPV      },
     66              { DEV_I2C_0,        DEV_PAGE_PP_4     },
     67              { DEV_I2C_0,        DEV_PAGE_PP_5     },
     68              { DEV_I2C_0,        DEV_PAGE_PP_6     },
     69              { DEV_I2C_0,        DEV_PAGE_PP_7     },
     70              { DEV_I2C_0,        DEV_PAGE_CPI_TX   },    // CPI 1
     71              { DEV_I2C_0,        DEV_PAGE_PP_9     },
     72              { DEV_I2C_0,        DEV_PAGE_PP_A     },
     73              { DEV_I2C_0,        DEV_PAGE_PP_B     },
     74              { DEV_I2C_0,        DEV_PAGE_CBUS_1   },   // CBUS 1
     75              { DEV_I2C_0,        DEV_PAGE_HEAC     },
     76              { DEV_I2C_0,        DEV_PAGE_OSD      },
     77              { DEV_I2C_OFFSET,   0x8000 + DEV_PAGE_AUDIO },    // Audio Extraction instance 1
     78          
     79              { DEV_I2C_0,        DEV_PAGE_TPI_1    },  // TPI 1
     80              { DEV_I2C_0,        DEV_PAGE_TX_L0_1  },  // TX 1 Legacy 0
     81              { DEV_I2C_0,        DEV_PAGE_TX_L1_1  },  // TX 1 Legacy 1
     82              { DEV_I2C_0,        DEV_PAGE_TX_2_1   },  // TX 1 Page 2 (not legacy)
     83          
     84              { DEV_DDC_1,        DEV_PAGE_DDC_EDID },  // TX EDID DDC 1
     85              { DEV_DDC_1,        DEV_PAGE_DDC_SEGM },  // TX EDID DDC 1
     86          
     87              { DEV_I2C_OFFSET,   0x0800 + DEV_PAGE_AUDIO },    // Audio Mixer instance 1
     88              { DEV_I2C_OFFSET,   0x0600 + DEV_PAGE_PP_0  },    // Audio Interrupts instance 1
     89              { DEV_I2C_0,          DEV_PAGE_AUDIO },    // Audio Mixer instance 1
     90              }
     91          };
     92          
     93          // Register addresses for re-assigning page base addresses
     94          // These registers specify the I2C address that the SI device will
     95          // respond to for the specific control register page
     96          SiiReg_t g_siiRegPageBaseRegs [SII_CRA_DEVICE_PAGE_COUNT] =
     97          {
     98              PP_PAGE | 0xFF,     // Device Base  - Cannot be reassigned
     99              PP_PAGE | 0xFF,     // Unused       - Cannot be reassigned
    100              REG_SLAVE_ADDR6,    // RX TMDS
    101              REG_SLAVE_ADDR13,   // IPV
    102              REG_SLAVE_ADDR7,    // RX TMDS
    103              REG_SLAVE_ADDR8,    // PA Pages 5,6,7 have special mapping requirements
    104              REG_SLAVE_ADDR8,    // PA
    105              REG_SLAVE_ADDR8,    // PA
    106              REG_SLAVE_ADDR2,    // CPI
    107              REG_SLAVE_ADDR3,    // NVRAM/GPIO
    108              REG_SLAVE_ADDR4,    // RX TMDS
    109              REG_SLAVE_ADDR5,    // TX TMDS
    110              REG_SLAVE_ADDR1,    // CBUS
    111              REG_SLAVE_ADDR0,    // HEAC
    112              REG_SLAVE_ADDR11,   // OSD
    113              REG_SLAVE_ADDR12,   // Audio extraction
    114              REG_SLAVE_ADDR_TX0_0,   // TPI Tx0
    115              REG_SLAVE_ADDR_TX0_0,   // Tx0 Legacy page 0
    116              REG_SLAVE_ADDR_TX0_1,   // Tx0 Legacy page 1
    117              PP_PAGE | 0xFF,     // Tx0 page 2    - Cannot be reassigned
    118              PP_PAGE | 0xFF,     // TX DDC EDID  - Cannot be reassigned
    119              PP_PAGE | 0xFF,     // TX DDC EDID Segment address  - Cannot be reassigned
    120          };
    121          
    122          // TODO:OEM - Add entries to reassign register page base addresses if needed
    123          SiiReg_t g_siiRegPageBaseReassign [] =
    124          {
    125          //        PP_PAGE_3 | 0xFC,       // Example of changing default page 3 device ID (0xFA) to 0xFC
    126          //                                // Note that the DEV_PAGE_IPV enum value must also be changed
    127          
    128          #if (FPGA_BUILD == ENABLE)
    129                  PP_PAGE_2 | 0xAA,       // Change default 0x66 to 0xAA
    130                  PP_PAGE_A | 0xBB,       // Change default 0x64 to 0xBB
    131          #endif
    132          
    133                  0xFFFF      // End of reassignment list
    134          };


   Section sizes:

   Bytes  Function/Label
   -----  --------------
     400  g_addrDescriptor
       2  g_siiRegPageBaseReassign
      52  g_siiRegPageBaseRegs

 
 454 bytes in section .data
 
 454 bytes of DATA memory

Errors: none
Warnings: 1
