###############################################################################
#                                                                             #
# IAR ANSI C/C++ Compiler V6.30.1.53127/W32 for ARM     11/Nov/2014  19:25:14 #
# Copyright 1999-2011 IAR Systems AB.                                         #
#                                                                             #
#    Cpu mode     =  thumb                                                    #
#    Endian       =  little                                                   #
#    Source file  =  C:\Users\tony.tsou\Desktop\AmTRAN\Projects\15_K2\DevCode #
#                    \2\Libraries\AMT_Drivers\sii953x\component\edid_tx\si_ed #
#                    id_tx_tables.c                                           #
#    Command line =  C:\Users\tony.tsou\Desktop\AmTRAN\Projects\15_K2\DevCode #
#                    \2\Libraries\AMT_Drivers\sii953x\component\edid_tx\si_ed #
#                    id_tx_tables.c -D S4051A -D DEBUG -D FREE_RTOS -D        #
#                    STM32F40_41xxx -D USE_STM324xG_EVAL -D                   #
#                    USE_STDPERIPH_DRIVER -D __ARM_CORTEX_MX__ -D             #
#                    IAR_ARM_CM4F -D USE_USB_OTG_FS -lcN                      #
#                    C:\Users\tony.tsou\Desktop\AmTRAN\Projects\15_K2\DevCode #
#                    \2\Projects\S4051A\EWARM\..\Output\S4051A\Application\Li #
#                    st\ -o C:\Users\tony.tsou\Desktop\AmTRAN\Projects\15_K2\ #
#                    DevCode\2\Projects\S4051A\EWARM\..\Output\S4051A\Applica #
#                    tion\Obj\ --debug --endian=little --cpu=Cortex-M4 -e     #
#                    --fpu=VFPv4_sp --dlib_config "C:\Program Files           #
#                    (x86)\IAR Systems\Embedded Workbench                     #
#                    6.0\arm\INC\c\DLib_Config_Normal.h" -I                   #
#                    C:\Users\tony.tsou\Desktop\AmTRAN\Projects\15_K2\DevCode #
#                    \2\Projects\S4051A\EWARM\inc\ -I                         #
#                    C:\Users\tony.tsou\Desktop\AmTRAN\Projects\15_K2\DevCode #
#                    \2\Projects\S4051A\EWARM\..\App_SRC\ -I                  #
#                    C:\Users\tony.tsou\Desktop\AmTRAN\Projects\15_K2\DevCode #
#                    \2\Projects\S4051A\EWARM\..\App_SRC\Include\ -I          #
#                    C:\Users\tony.tsou\Desktop\AmTRAN\Projects\15_K2\DevCode #
#                    \2\Projects\S4051A\EWARM\..\App_SRC\SERVICES\ -I         #
#                    C:\Users\tony.tsou\Desktop\AmTRAN\Projects\15_K2\DevCode #
#                    \2\Projects\S4051A\EWARM\..\App_SRC\SERVICES\USB_HD\inc\ #
#                     -I C:\Users\tony.tsou\Desktop\AmTRAN\Projects\15_K2\Dev #
#                    Code\2\Projects\S4051A\EWARM\..\App_SRC\SERVICES\USB_HD\ #
#                    src\ -I C:\Users\tony.tsou\Desktop\AmTRAN\Projects\15_K2 #
#                    \DevCode\2\Projects\S4051A\EWARM\..\App_SRC\SERVICES\wav #
#                    ePlayer\ -I C:\Users\tony.tsou\Desktop\AmTRAN\Projects\1 #
#                    5_K2\DevCode\2\Projects\S4051A\EWARM\..\App_SRC\Managers #
#                    \ -I C:\Users\tony.tsou\Desktop\AmTRAN\Projects\15_K2\De #
#                    vCode\2\Projects\S4051A\EWARM\..\App_SRC\Dispatchers\    #
#                    -I C:\Users\tony.tsou\Desktop\AmTRAN\Projects\15_K2\DevC #
#                    ode\2\Projects\S4051A\EWARM\..\..\..\Libraries\CMSIS\Inc #
#                    lude\ -I C:\Users\tony.tsou\Desktop\AmTRAN\Projects\15_K #
#                    2\DevCode\2\Projects\S4051A\EWARM\..\..\..\Libraries\CMS #
#                    IS\Device\ST\STM32F4xx\Include\ -I                       #
#                    C:\Users\tony.tsou\Desktop\AmTRAN\Projects\15_K2\DevCode #
#                    \2\Projects\S4051A\EWARM\..\..\..\Libraries\STM32F4xx_St #
#                    dPeriph_Driver\inc\ -I C:\Users\tony.tsou\Desktop\AmTRAN #
#                    \Projects\15_K2\DevCode\2\Projects\S4051A\EWARM\..\..\.. #
#                    \Libraries\FreeRTOS\Source\portable\IAR\ARM_CM4F\ -I     #
#                    C:\Users\tony.tsou\Desktop\AmTRAN\Projects\15_K2\DevCode #
#                    \2\Projects\S4051A\EWARM\..\..\..\Libraries\FreeRTOS\Sou #
#                    rce\include\ -I C:\Users\tony.tsou\Desktop\AmTRAN\Projec #
#                    ts\15_K2\DevCode\2\Projects\S4051A\EWARM\..\..\..\Librar #
#                    ies\FreeRTOS\Source\ -I C:\Users\tony.tsou\Desktop\AmTRA #
#                    N\Projects\15_K2\DevCode\2\Projects\S4051A\EWARM\..\..\. #
#                    .\Libraries\STM32_USB_OTG_Driver\inc\ -I                 #
#                    C:\Users\tony.tsou\Desktop\AmTRAN\Projects\15_K2\DevCode #
#                    \2\Projects\S4051A\EWARM\..\..\..\Libraries\STM32_USB_De #
#                    vice_Library\Core\inc\ -I C:\Users\tony.tsou\Desktop\AmT #
#                    RAN\Projects\15_K2\DevCode\2\Projects\S4051A\EWARM\..\.. #
#                    \..\Libraries\STM32_USB_Device_Library\Class\cdc\inc\    #
#                    -I C:\Users\tony.tsou\Desktop\AmTRAN\Projects\15_K2\DevC #
#                    ode\2\Projects\S4051A\EWARM\..\..\..\Libraries\STM32_USB #
#                    _HOST_Library\Core\inc\ -I C:\Users\tony.tsou\Desktop\Am #
#                    TRAN\Projects\15_K2\DevCode\2\Projects\S4051A\EWARM\..\. #
#                    .\..\Libraries\STM32_USB_HOST_Library\Class\MSC\inc\ -I  #
#                    C:\Users\tony.tsou\Desktop\AmTRAN\Projects\15_K2\DevCode #
#                    \2\Projects\S4051A\EWARM\..\..\..\Utilities\Third_Party\ #
#                    efsl\inc\ -I C:\Users\tony.tsou\Desktop\AmTRAN\Projects\ #
#                    15_K2\DevCode\2\Projects\S4051A\EWARM\..\..\..\Utilities #
#                    \Third_Party\fat_fs\inc\ -I                              #
#                    C:\Users\tony.tsou\Desktop\AmTRAN\Projects\15_K2\DevCode #
#                    \2\Projects\S4051A\EWARM\..\..\..\Utilities\mainstream_v #
#                    1\stm32f411\ -I C:\Users\tony.tsou\Desktop\AmTRAN\Projec #
#                    ts\15_K2\DevCode\2\Projects\S4051A\EWARM\..\..\..\Utilit #
#                    ies\mainstream_v1\stm32f411\it\ -I                       #
#                    C:\Users\tony.tsou\Desktop\AmTRAN\Projects\15_K2\DevCode #
#                    \2\Projects\S4051A\EWARM\..\..\..\Libraries\AMT_Drivers\ #
#                    EXT_FLASH\ -I C:\Users\tony.tsou\Desktop\AmTRAN\Projects #
#                    \15_K2\DevCode\2\Projects\S4051A\EWARM\..\..\..\Librarie #
#                    s\AMT_Drivers\TAS5727\ -I C:\Users\tony.tsou\Desktop\AmT #
#                    RAN\Projects\15_K2\DevCode\2\Projects\S4051A\EWARM\..\.. #
#                    \..\Libraries\AMT_Drivers\TAS5711\ -I                    #
#                    C:\Users\tony.tsou\Desktop\AmTRAN\Projects\15_K2\DevCode #
#                    \2\Projects\S4051A\EWARM\..\..\..\Libraries\AMT_Drivers\ #
#                    TAS5707\ -I C:\Users\tony.tsou\Desktop\AmTRAN\Projects\1 #
#                    5_K2\DevCode\2\Projects\S4051A\EWARM\..\..\..\Libraries\ #
#                    AMT_Drivers\TAS5713\ -I C:\Users\tony.tsou\Desktop\AmTRA #
#                    N\Projects\15_K2\DevCode\2\Projects\S4051A\EWARM\..\..\. #
#                    .\Libraries\AMT_Drivers\CS49844\ -I                      #
#                    C:\Users\tony.tsou\Desktop\AmTRAN\Projects\15_K2\DevCode #
#                    \2\Projects\S4051A\EWARM\..\..\..\Libraries\AMT_Drivers\ #
#                    CS8422\ -I C:\Users\tony.tsou\Desktop\AmTRAN\Projects\15 #
#                    _K2\DevCode\2\Projects\S4051A\EWARM\..\..\..\Libraries\A #
#                    MT_Drivers\CS5346\ -I C:\Users\tony.tsou\Desktop\AmTRAN\ #
#                    Projects\15_K2\DevCode\2\Projects\S4051A\EWARM\..\..\..\ #
#                    Libraries\AMT_Drivers\OTI3368\ -I                        #
#                    C:\Users\tony.tsou\Desktop\AmTRAN\Projects\15_K2\DevCode #
#                    \2\Projects\S4051A\EWARM\..\..\..\Libraries\AMT_Drivers\ #
#                    HT68F30\ -I C:\Users\tony.tsou\Desktop\AmTRAN\Projects\1 #
#                    5_K2\DevCode\2\Projects\S4051A\EWARM\..\..\..\Libraries\ #
#                    AMT_Drivers\BTM640\ -I C:\Users\tony.tsou\Desktop\AmTRAN #
#                    \Projects\15_K2\DevCode\2\Projects\S4051A\EWARM\..\..\.. #
#                    \Libraries\AMT_Drivers\sii953x\application\ -I           #
#                    C:\Users\tony.tsou\Desktop\AmTRAN\Projects\15_K2\DevCode #
#                    \2\Projects\S4051A\EWARM\..\..\..\Libraries\AMT_Drivers\ #
#                    sii953x\application\app_ipv\ -I                          #
#                    C:\Users\tony.tsou\Desktop\AmTRAN\Projects\15_K2\DevCode #
#                    \2\Projects\S4051A\EWARM\..\..\..\Libraries\AMT_Drivers\ #
#                    sii953x\application\app_cbus\ -I                         #
#                    C:\Users\tony.tsou\Desktop\AmTRAN\Projects\15_K2\DevCode #
#                    \2\Projects\S4051A\EWARM\..\..\..\Libraries\AMT_Drivers\ #
#                    sii953x\application\app_cdc\ -I                          #
#                    C:\Users\tony.tsou\Desktop\AmTRAN\Projects\15_K2\DevCode #
#                    \2\Projects\S4051A\EWARM\..\..\..\Libraries\AMT_Drivers\ #
#                    sii953x\application\app_cec\ -I                          #
#                    C:\Users\tony.tsou\Desktop\AmTRAN\Projects\15_K2\DevCode #
#                    \2\Projects\S4051A\EWARM\..\..\..\Libraries\AMT_Drivers\ #
#                    sii953x\application\app_arc\ -I                          #
#                    C:\Users\tony.tsou\Desktop\AmTRAN\Projects\15_K2\DevCode #
#                    \2\Projects\S4051A\EWARM\..\..\..\Libraries\AMT_Drivers\ #
#                    sii953x\application\app_diag\ -I                         #
#                    C:\Users\tony.tsou\Desktop\AmTRAN\Projects\15_K2\DevCode #
#                    \2\Projects\S4051A\EWARM\..\..\..\Libraries\AMT_Drivers\ #
#                    sii953x\application\app_msw\ -I                          #
#                    C:\Users\tony.tsou\Desktop\AmTRAN\Projects\15_K2\DevCode #
#                    \2\Projects\S4051A\EWARM\..\..\..\Libraries\AMT_Drivers\ #
#                    sii953x\application\app_osd\ -I                          #
#                    C:\Users\tony.tsou\Desktop\AmTRAN\Projects\15_K2\DevCode #
#                    \2\Projects\S4051A\EWARM\..\..\..\Libraries\AMT_Drivers\ #
#                    sii953x\component\ -I C:\Users\tony.tsou\Desktop\AmTRAN\ #
#                    Projects\15_K2\DevCode\2\Projects\S4051A\EWARM\..\..\..\ #
#                    Libraries\AMT_Drivers\sii953x\component\tx\ -I           #
#                    C:\Users\tony.tsou\Desktop\AmTRAN\Projects\15_K2\DevCode #
#                    \2\Projects\S4051A\EWARM\..\..\..\Libraries\AMT_Drivers\ #
#                    sii953x\component\repeater_avr\ -I                       #
#                    C:\Users\tony.tsou\Desktop\AmTRAN\Projects\15_K2\DevCode #
#                    \2\Projects\S4051A\EWARM\..\..\..\Libraries\AMT_Drivers\ #
#                    sii953x\component\video_tables\ -I                       #
#                    C:\Users\tony.tsou\Desktop\AmTRAN\Projects\15_K2\DevCode #
#                    \2\Projects\S4051A\EWARM\..\..\..\Libraries\AMT_Drivers\ #
#                    sii953x\component\audio_rx\ -I                           #
#                    C:\Users\tony.tsou\Desktop\AmTRAN\Projects\15_K2\DevCode #
#                    \2\Projects\S4051A\EWARM\..\..\..\Libraries\AMT_Drivers\ #
#                    sii953x\component\edid_tx\ -I                            #
#                    C:\Users\tony.tsou\Desktop\AmTRAN\Projects\15_K2\DevCode #
#                    \2\Projects\S4051A\EWARM\..\..\..\Libraries\AMT_Drivers\ #
#                    sii953x\component\debugger_hdmigear\ -I                  #
#                    C:\Users\tony.tsou\Desktop\AmTRAN\Projects\15_K2\DevCode #
#                    \2\Projects\S4051A\EWARM\..\..\..\Libraries\AMT_Drivers\ #
#                    sii953x\component\cbus\ -I C:\Users\tony.tsou\Desktop\Am #
#                    TRAN\Projects\15_K2\DevCode\2\Projects\S4051A\EWARM\..\. #
#                    .\..\Libraries\AMT_Drivers\sii953x\component\rtpi\ -I    #
#                    C:\Users\tony.tsou\Desktop\AmTRAN\Projects\15_K2\DevCode #
#                    \2\Projects\S4051A\EWARM\..\..\..\Libraries\AMT_Drivers\ #
#                    sii953x\component\cdc\ -I C:\Users\tony.tsou\Desktop\AmT #
#                    RAN\Projects\15_K2\DevCode\2\Projects\S4051A\EWARM\..\.. #
#                    \..\Libraries\AMT_Drivers\sii953x\component\cec_manager\ #
#                     -I C:\Users\tony.tsou\Desktop\AmTRAN\Projects\15_K2\Dev #
#                    Code\2\Projects\S4051A\EWARM\..\..\..\Libraries\AMT_Driv #
#                    ers\sii953x\component\thx\ -I                            #
#                    C:\Users\tony.tsou\Desktop\AmTRAN\Projects\15_K2\DevCode #
#                    \2\Projects\S4051A\EWARM\..\..\..\Libraries\AMT_Drivers\ #
#                    sii953x\component\ipv\ -I C:\Users\tony.tsou\Desktop\AmT #
#                    RAN\Projects\15_K2\DevCode\2\Projects\S4051A\EWARM\..\.. #
#                    \..\Libraries\AMT_Drivers\sii953x\component\osd\ -I      #
#                    C:\Users\tony.tsou\Desktop\AmTRAN\Projects\15_K2\DevCode #
#                    \2\Projects\S4051A\EWARM\..\..\..\Libraries\AMT_Drivers\ #
#                    sii953x\component\cec_switch\ -I                         #
#                    C:\Users\tony.tsou\Desktop\AmTRAN\Projects\15_K2\DevCode #
#                    \2\Projects\S4051A\EWARM\..\..\..\Libraries\AMT_Drivers\ #
#                    sii953x\component\cec_system_audio_control\ -I           #
#                    C:\Users\tony.tsou\Desktop\AmTRAN\Projects\15_K2\DevCode #
#                    \2\Projects\S4051A\EWARM\..\..\..\Libraries\AMT_Drivers\ #
#                    sii953x\driver\ -I C:\Users\tony.tsou\Desktop\AmTRAN\Pro #
#                    jects\15_K2\DevCode\2\Projects\S4051A\EWARM\..\..\..\Lib #
#                    raries\AMT_Drivers\sii953x\driver\audio_mix_drv\ -I      #
#                    C:\Users\tony.tsou\Desktop\AmTRAN\Projects\15_K2\DevCode #
#                    \2\Projects\S4051A\EWARM\..\..\..\Libraries\AMT_Drivers\ #
#                    sii953x\driver\sii953x_drv\ -I                           #
#                    C:\Users\tony.tsou\Desktop\AmTRAN\Projects\15_K2\DevCode #
#                    \2\Projects\S4051A\EWARM\..\..\..\Libraries\AMT_Drivers\ #
#                    sii953x\driver\cra_drv\ -I C:\Users\tony.tsou\Desktop\Am #
#                    TRAN\Projects\15_K2\DevCode\2\Projects\S4051A\EWARM\..\. #
#                    .\..\Libraries\AMT_Drivers\sii953x\driver\matrix_sw_drv\ #
#                     -I C:\Users\tony.tsou\Desktop\AmTRAN\Projects\15_K2\Dev #
#                    Code\2\Projects\S4051A\EWARM\..\..\..\Libraries\AMT_Driv #
#                    ers\sii953x\driver\nvram_sram_drv\ -I                    #
#                    C:\Users\tony.tsou\Desktop\AmTRAN\Projects\15_K2\DevCode #
#                    \2\Projects\S4051A\EWARM\..\..\..\Libraries\AMT_Drivers\ #
#                    sii953x\driver\tpi_drv\ -I C:\Users\tony.tsou\Desktop\Am #
#                    TRAN\Projects\15_K2\DevCode\2\Projects\S4051A\EWARM\..\. #
#                    .\..\Libraries\AMT_Drivers\sii953x\driver\audio_rx_drv\  #
#                    -I C:\Users\tony.tsou\Desktop\AmTRAN\Projects\15_K2\DevC #
#                    ode\2\Projects\S4051A\EWARM\..\..\..\Libraries\AMT_Drive #
#                    rs\sii953x\driver\repeater_avr_drv\ -I                   #
#                    C:\Users\tony.tsou\Desktop\AmTRAN\Projects\15_K2\DevCode #
#                    \2\Projects\S4051A\EWARM\..\..\..\Libraries\AMT_Drivers\ #
#                    sii953x\driver\gpio_drv\ -I                              #
#                    C:\Users\tony.tsou\Desktop\AmTRAN\Projects\15_K2\DevCode #
#                    \2\Projects\S4051A\EWARM\..\..\..\Libraries\AMT_Drivers\ #
#                    sii953x\driver\tpg_drv\ -I C:\Users\tony.tsou\Desktop\Am #
#                    TRAN\Projects\15_K2\DevCode\2\Projects\S4051A\EWARM\..\. #
#                    .\..\Libraries\AMT_Drivers\sii953x\driver\cbus_drv\ -I   #
#                    C:\Users\tony.tsou\Desktop\AmTRAN\Projects\15_K2\DevCode #
#                    \2\Projects\S4051A\EWARM\..\..\..\Libraries\AMT_Drivers\ #
#                    sii953x\driver\cpi_drv\ -I C:\Users\tony.tsou\Desktop\Am #
#                    TRAN\Projects\15_K2\DevCode\2\Projects\S4051A\EWARM\..\. #
#                    .\..\Libraries\AMT_Drivers\sii953x\driver\arc_drv\ -I    #
#                    C:\Users\tony.tsou\Desktop\AmTRAN\Projects\15_K2\DevCode #
#                    \2\Projects\S4051A\EWARM\..\..\..\Libraries\AMT_Drivers\ #
#                    sii953x\driver\osd_drv\ -I C:\Users\tony.tsou\Desktop\Am #
#                    TRAN\Projects\15_K2\DevCode\2\Projects\S4051A\EWARM\..\. #
#                    .\..\Libraries\AMT_Drivers\sii953x\driver\ipv_drv\ -I    #
#                    C:\Users\tony.tsou\Desktop\AmTRAN\Projects\15_K2\DevCode #
#                    \2\Projects\S4051A\EWARM\..\..\..\Libraries\AMT_Drivers\ #
#                    sii953x\platform\hal\ir_remote\ -I                       #
#                    C:\Users\tony.tsou\Desktop\AmTRAN\Projects\15_K2\DevCode #
#                    \2\Projects\S4051A\EWARM\..\..\..\Libraries\AMT_Drivers\ #
#                    sii953x\platform\hal\eeprom\ -I                          #
#                    C:\Users\tony.tsou\Desktop\AmTRAN\Projects\15_K2\DevCode #
#                    \2\Projects\S4051A\EWARM\..\..\..\Libraries\AMT_Drivers\ #
#                    sii953x\platform\hal\timer\ -I                           #
#                    C:\Users\tony.tsou\Desktop\AmTRAN\Projects\15_K2\DevCode #
#                    \2\Projects\S4051A\EWARM\..\..\..\Libraries\AMT_Drivers\ #
#                    sii953x\platform\hal\i2c\ -I                             #
#                    C:\Users\tony.tsou\Desktop\AmTRAN\Projects\15_K2\DevCode #
#                    \2\Projects\S4051A\EWARM\..\..\..\Libraries\AMT_Drivers\ #
#                    sii953x\platform\osal\timer\ -I                          #
#                    C:\Users\tony.tsou\Desktop\AmTRAN\Projects\15_K2\DevCode #
#                    \2\Projects\S4051A\EWARM\..\..\..\Libraries\AMT_Drivers\ #
#                    sii953x\platform\board\ -Ohz -I "C:\Program Files        #
#                    (x86)\IAR Systems\Embedded Workbench                     #
#                    6.0\arm\CMSIS\Include\"                                  #
#    List file    =  C:\Users\tony.tsou\Desktop\AmTRAN\Projects\15_K2\DevCode #
#                    \2\Projects\S4051A\EWARM\..\Output\S4051A\Application\Li #
#                    st\si_edid_tx_tables.lst                                 #
#    Object file  =  C:\Users\tony.tsou\Desktop\AmTRAN\Projects\15_K2\DevCode #
#                    \2\Projects\S4051A\EWARM\..\Output\S4051A\Application\Ob #
#                    j\si_edid_tx_tables.o                                    #
#                                                                             #
#                                                                             #
###############################################################################

C:\Users\tony.tsou\Desktop\AmTRAN\Projects\15_K2\DevCode\2\Libraries\AMT_Drivers\sii953x\component\edid_tx\si_edid_tx_tables.c
      1          //************************************************************************************************
      2          //! @file   si_edid_tx_tables.c
      3          //! @brief  Default downstream EDID tables for substitution in case of invalid DS EDID structures
      4          //
      5          // No part of this work may be reproduced, modified, distributed,
      6          // transmitted, transcribed, or translated into any language or computer
      7          // format, in any form or by any means without written permission of
      8          // Silicon Image, Inc., 1060 East Arques Avenue, Sunnyvale, California 94085
      9          //
     10          // Copyright 2002-2010, Silicon Image, Inc.  All rights reserved.
     11          //***********************************************************************************************/
     12          
     13          
     14          #include "si_edid_tx_internal.h"
     15          
     16          // This table is to be used as DS EDID if our device is unable to read real DS EDID.
     17          ROM const uint8_t defaultDsEdid[EDID_BLOCK_SIZE] =
     18          {
     19          // (00H)      Header
     20              0x00,  0xFF,  0xFF,  0xFF,  0xFF,  0xFF,  0xFF,  0x00,
     21          
     22          // (08H-09H)  ID Manufacturer Name _________________________    = Unknown
     23          // (0AH-0BH)  Product ID Code ______________________________    = Unknown
     24          // (0CH-0FH)  Last 4 Digits of Serial Number _______________    = NOT USED
     25          // (10H)      Week of Manufacture __________________________    = 0
     26          // (11H)      Year of Manufacture __________________________    = 1990
     27              0x01, 0x01, // EDID__MANUFACTURER_ID,
     28              0x01, 0x01, //EDID__PRODUCT_ID,
     29              0x01,  0x01,  0x01,  0x01,
     30              0x00,
     31              0x00,
     32          
     33          // (12H)      EDID version 1.3
     34              0x01,  0x03,
     35          
     36          //           Basic Display Parameters
     37          //(14H)      VIDEO INPUT DEFINITION: Digital Signal
     38          //(15H)      Maximum Horizontal Image Size ________________    =   undefined
     39          //(16H)      Maximum Vertical Image Size __________________    =   undefined
     40          //(17H)      Display Gamma ________________________________    =   2.2 (BT.709)
     41          //(18H)      DPMS and Supported Feature(s):
     42          //           Display Type = RGB Color, Preferred Timing Mode
     43              0x80,  0x00,  0x00,  0x78,  0x0A,
     44          
     45          //(19H-22H)  CHROMA INFO:
     46          
     47          //         Red x - 0.640 Green x - 0.300 Blue x - 0.150 White x - 0.313
     48          //         Red y - 0.330 Green y - 0.600 Blue y - 0.060 White y - 0.329
     49          //         sRGB
     50              0xEE,  0x91,  0xA3,  0x54,  0x4C,  0x99,  0x26,  0x0F,  0x50,  0x54,
     51          
     52          
     53          //(23H)      ESTABLISHED TIMING I:
     54              //0x20, // 640 x 480 @ 60Hz (IBM,VGA)
     55              0x00, // None Specified
     56          
     57          //(24H)      ESTABLISHED TIMING II:
     58              0x00, // None Specified
     59          
     60          //(25H)      Manufacturer's Reserved Timing:
     61              0x00, // None Specified
     62          
     63          //(26H-35H)  Standard Timing Identification:
     64          //           Not Used
     65              0x01,  0x01,  0x01,  0x01,  0x01,  0x01,  0x01,  0x01,
     66              0x01,  0x01,  0x01,  0x01,  0x01,  0x01,  0x01,  0x01,
     67          
     68          // Since at least one preferred timing structure is required in EDID 1.3
     69          
     70          //(36H-47H) Detailed Timing / Descriptor Block 1:
     71          #ifdef DEFAULT_SYSTEM__PAL
     72          // PAL
     73          // Detailed Timing: 720x576p 50Hz 4:3
     74          #  if 17 != DEFAULT_VIC
     75          #  error Default EDID tables mismatch
     76          #  endif
     77              0x8C, 0x0A, 0xD0, 0x90, 0x20, 0x40, 0x31, 0x20, 0x0C, 0x40, 0x55, 0x00,
     78              0x13, 0x8E, 0x21, 0x00, 0x00, 0x18,
     79          #else // DEFAULT_SYSTEM__PAL
     80          // NTSC
     81          // Detailed Timing: 720x480p 59.94Hz 4:3
     82          #  if 2 != DEFAULT_VIC
     83          #  error Default EDID tables mismatch
     84          #  endif
     85              0x8C, 0x0A, 0xD0, 0x8A, 0x20, 0xE0, 0x2D, 0x10, 0x10, 0x3E, 0x96, 0x00,
     86              0x13, 0x8E, 0x21, 0x00, 0x00, 0x18,
     87          #endif // DEFAULT_SYSTEM__PAL
     88          
     89          
     90          //(48H-59H) Detailed Timing / Descriptor Block 2:
     91          // Descriptor: ASCII string with dummy data (just to fill out the DTD space)
     92              0x00, 0x00, 0x00, 0xFE, 0x00, // header
     93              'D', 'U', 'M', 'M', 'Y', 0x0A, 0x20, 0x20, 0x20, 0x20, 0x20, 0x20, 0x20,
     94          
     95          //(5AH-6BH) Detailed Timing / Descriptor Block 3:
     96          // Descriptor: Monitor Name string
     97              0x00,  0x00,  0x00,  0xFC,  0x00, // header
     98              'S', 'I', 'I', ' ', 'M', 'L', 'B', 'N', ' ', 'R', 'P', 'T', 0x0A,
     99          
    100          //(6CH-7DH) Detailed Timing / Descriptor Block 4:
    101          //         Monitor Range Limits:
    102              0x00,  0x00,  0x00,  0xFD,  0x00, // header
    103              DEFAULT__MIN_V_HZ,          // Min Vertical Freq
    104              DEFAULT__MAX_V_HZ,          // Max Vertical Freq
    105              DEFAULT__MIN_H_KHZ,         // Min Horiz. Freq
    106              DEFAULT__MAX_H_KHZ,         // Max Horiz. Freq
    107              DEFAULT__MAX_PIX_CLK_10MHZ, // Pixel Clock in 10MHz
    108              0x00,       // GTF - Not Used
    109              0x0A,  0x20,  0x20,  0x20,  0x20,  0x20,  0x20, // padding
    110          
    111          //(7EH)    Number Of Extension Blocks
    112          //         No Extension EDID Block(s)
    113              0x00,
    114          
    115          //(7FH)    Check Sum
    116              0x00   // not correct, but it is not important here
    117          };
    118          
    119          #if 0
    120          // Detailed Timing: 720x576p 50Hz 4:3
    121          ROM const byte DefaultDtd576p[EDID_LEN__DTD] =
    122          {
    123              0x8C, 0x0A, 0xD0, 0x90, 0x20, 0x40, 0x31, 0x20, 0x0C, 0x40, 0x55, 0x00,
    124              0x13, 0x8E, 0x21, 0x00, 0x00, 0x18,
    125          };
    126          #endif //0
    127          
    128          
    129          
    130          // TODO:OEM - This table is an example. Fill up by results of QA testing.
    131          ROM const remedyListElement_t EdidRemedyList[] =
    132          {
    133              //ManufacturerId, ProductId/date, RemedyMask, Type
    134          
    135              // Examples
    136          //  {0x1111,    0,      SI_TX_EDID_REMEDY_DO_NOT_USE_YCBCR, tManufacturerLimitation},
    137          //  {0x2222,    0,      SI_TX_EDID_REMEDY_DVI_PC_RANGE, tManufacturerLimitation},
    138          //  {0x3333,    0x0123, 0,      tNoLimitation},
    139          //  {0x4444,    0x9999, SI_TX_EDID_REMEDY_DO_NOT_USE_CP_MUTE, tProductLimitation},
    140          //  {0x5555,    0x8888, SI_TX_EDID_REMEDY_DO_NOT_USE_CP_MUTE, tProductLimitation},
    141          //  {0x3333,    0x0F10, SI_TX_EDID_REMEDY_TEST, tLimitationOnTheseDays}, // 2005-2006
    142          //  {0x4444,    0x0D0E, SI_TX_EDID_REMEDY_TEST, tLimitationOnTheseDays}, // 2003-2004
    143          
    144              {0x0000,    0x000F, SI_TX_EDID_REMEDY_DELAY_DS_AUTH, tLimitationOnTheseDays}, // 1990-2005, any manufacturer
    145              // This remedy makes additional delay between the moment when TX starts output but
    146              // before downstream authentication starts.
    147              // Without this some older incompatible sinks may fail during instaport switching.
    148          
    149              {0,         0,      0,      tEndOfList}, // End Of The List (the last element)
    150          };
    151          
    152          
    153          // TODO:OEM - The following example is a "bypass" scaler table.
    154          // However, unlike the "Scaler Bypass" mode, it also allows for
    155          // elimination of unsupported video modes.
    156          ROM const videoScalerMapping_t DefaultAllowedScalerModes[] =
    157          {
    158              {vm1_640x480p,          vm1_640x480p,           false,  false,  false},
    159          
    160              {vm2_3_720x480p,        vm2_3_720x480p,         false,  false,  false},
    161              {vm2_3_720x480p,        vm2_3_720x480p,         true,   true,   false},
    162              {vm17_18_720x576p,      vm17_18_720x576p,       false,  false,  false},
    163              {vm17_18_720x576p,      vm17_18_720x576p,       true,   true,   false},
    164          
    165              {vm4_1280x720p,         vm4_1280x720p,          true,   true,   true},
    166              {vm19_1280x720p,        vm19_1280x720p,         true,   true,   true},
    167          
    168              {vm5_1920x1080i,        vm5_1920x1080i,         true,   true,   true},
    169              {vm20_1920x1080i,       vm20_1920x1080i,        true,   true,   true},
    170          
    171              {vm16_1920x1080p,       vm16_1920x1080p,        true,   true,   true},
    172              {vm31_1920x1080p,       vm31_1920x1080p,        true,   true,   true},
    173          
    174              {vm6_7_720_1440x480i,   vm6_7_720_1440x480i,    false,  false,  false},
    175              {vm6_7_720_1440x480i,   vm6_7_720_1440x480i,    true,   true,   false},
    176              {vm21_22_720_1440x576i, vm6_7_720_1440x480i,    false,  false,  false},
    177              {vm21_22_720_1440x576i, vm6_7_720_1440x480i,    true,   true,   false},
    178          
    179              {0xFF,  0xFF,   false,  false, false }, // "EndOfTable" mark
    180          };


   Section sizes:

   Bytes  Function/Label
   -----  --------------
      48  DefaultAllowedScalerModes
      16  EdidRemedyList
     128  defaultDsEdid

 
 192 bytes in section .rodata
 
 192 bytes of CONST memory

Errors: none
Warnings: 1
