###############################################################################
#                                                                             #
# IAR ANSI C/C++ Compiler V6.30.1.53127/W32 for ARM     11/Nov/2014  19:26:02 #
# Copyright 1999-2011 IAR Systems AB.                                         #
#                                                                             #
#    Cpu mode     =  thumb                                                    #
#    Endian       =  little                                                   #
#    Source file  =  C:\Users\tony.tsou\Desktop\AmTRAN\Projects\15_K2\DevCode #
#                    \2\Libraries\AMT_Drivers\sii953x\component\video_tables\ #
#                    si_video_tables.c                                        #
#    Command line =  C:\Users\tony.tsou\Desktop\AmTRAN\Projects\15_K2\DevCode #
#                    \2\Libraries\AMT_Drivers\sii953x\component\video_tables\ #
#                    si_video_tables.c -D S4051A -D DEBUG -D FREE_RTOS -D     #
#                    STM32F40_41xxx -D USE_STM324xG_EVAL -D                   #
#                    USE_STDPERIPH_DRIVER -D __ARM_CORTEX_MX__ -D             #
#                    IAR_ARM_CM4F -D USE_USB_OTG_FS -lcN                      #
#                    C:\Users\tony.tsou\Desktop\AmTRAN\Projects\15_K2\DevCode #
#                    \2\Projects\S4051A\EWARM\..\Output\S4051A\Application\Li #
#                    st\ -o C:\Users\tony.tsou\Desktop\AmTRAN\Projects\15_K2\ #
#                    DevCode\2\Projects\S4051A\EWARM\..\Output\S4051A\Applica #
#                    tion\Obj\ --debug --endian=little --cpu=Cortex-M4 -e     #
#                    --fpu=VFPv4_sp --dlib_config "C:\Program Files           #
#                    (x86)\IAR Systems\Embedded Workbench                     #
#                    6.0\arm\INC\c\DLib_Config_Normal.h" -I                   #
#                    C:\Users\tony.tsou\Desktop\AmTRAN\Projects\15_K2\DevCode #
#                    \2\Projects\S4051A\EWARM\inc\ -I                         #
#                    C:\Users\tony.tsou\Desktop\AmTRAN\Projects\15_K2\DevCode #
#                    \2\Projects\S4051A\EWARM\..\App_SRC\ -I                  #
#                    C:\Users\tony.tsou\Desktop\AmTRAN\Projects\15_K2\DevCode #
#                    \2\Projects\S4051A\EWARM\..\App_SRC\Include\ -I          #
#                    C:\Users\tony.tsou\Desktop\AmTRAN\Projects\15_K2\DevCode #
#                    \2\Projects\S4051A\EWARM\..\App_SRC\SERVICES\ -I         #
#                    C:\Users\tony.tsou\Desktop\AmTRAN\Projects\15_K2\DevCode #
#                    \2\Projects\S4051A\EWARM\..\App_SRC\SERVICES\USB_HD\inc\ #
#                     -I C:\Users\tony.tsou\Desktop\AmTRAN\Projects\15_K2\Dev #
#                    Code\2\Projects\S4051A\EWARM\..\App_SRC\SERVICES\USB_HD\ #
#                    src\ -I C:\Users\tony.tsou\Desktop\AmTRAN\Projects\15_K2 #
#                    \DevCode\2\Projects\S4051A\EWARM\..\App_SRC\SERVICES\wav #
#                    ePlayer\ -I C:\Users\tony.tsou\Desktop\AmTRAN\Projects\1 #
#                    5_K2\DevCode\2\Projects\S4051A\EWARM\..\App_SRC\Managers #
#                    \ -I C:\Users\tony.tsou\Desktop\AmTRAN\Projects\15_K2\De #
#                    vCode\2\Projects\S4051A\EWARM\..\App_SRC\Dispatchers\    #
#                    -I C:\Users\tony.tsou\Desktop\AmTRAN\Projects\15_K2\DevC #
#                    ode\2\Projects\S4051A\EWARM\..\..\..\Libraries\CMSIS\Inc #
#                    lude\ -I C:\Users\tony.tsou\Desktop\AmTRAN\Projects\15_K #
#                    2\DevCode\2\Projects\S4051A\EWARM\..\..\..\Libraries\CMS #
#                    IS\Device\ST\STM32F4xx\Include\ -I                       #
#                    C:\Users\tony.tsou\Desktop\AmTRAN\Projects\15_K2\DevCode #
#                    \2\Projects\S4051A\EWARM\..\..\..\Libraries\STM32F4xx_St #
#                    dPeriph_Driver\inc\ -I C:\Users\tony.tsou\Desktop\AmTRAN #
#                    \Projects\15_K2\DevCode\2\Projects\S4051A\EWARM\..\..\.. #
#                    \Libraries\FreeRTOS\Source\portable\IAR\ARM_CM4F\ -I     #
#                    C:\Users\tony.tsou\Desktop\AmTRAN\Projects\15_K2\DevCode #
#                    \2\Projects\S4051A\EWARM\..\..\..\Libraries\FreeRTOS\Sou #
#                    rce\include\ -I C:\Users\tony.tsou\Desktop\AmTRAN\Projec #
#                    ts\15_K2\DevCode\2\Projects\S4051A\EWARM\..\..\..\Librar #
#                    ies\FreeRTOS\Source\ -I C:\Users\tony.tsou\Desktop\AmTRA #
#                    N\Projects\15_K2\DevCode\2\Projects\S4051A\EWARM\..\..\. #
#                    .\Libraries\STM32_USB_OTG_Driver\inc\ -I                 #
#                    C:\Users\tony.tsou\Desktop\AmTRAN\Projects\15_K2\DevCode #
#                    \2\Projects\S4051A\EWARM\..\..\..\Libraries\STM32_USB_De #
#                    vice_Library\Core\inc\ -I C:\Users\tony.tsou\Desktop\AmT #
#                    RAN\Projects\15_K2\DevCode\2\Projects\S4051A\EWARM\..\.. #
#                    \..\Libraries\STM32_USB_Device_Library\Class\cdc\inc\    #
#                    -I C:\Users\tony.tsou\Desktop\AmTRAN\Projects\15_K2\DevC #
#                    ode\2\Projects\S4051A\EWARM\..\..\..\Libraries\STM32_USB #
#                    _HOST_Library\Core\inc\ -I C:\Users\tony.tsou\Desktop\Am #
#                    TRAN\Projects\15_K2\DevCode\2\Projects\S4051A\EWARM\..\. #
#                    .\..\Libraries\STM32_USB_HOST_Library\Class\MSC\inc\ -I  #
#                    C:\Users\tony.tsou\Desktop\AmTRAN\Projects\15_K2\DevCode #
#                    \2\Projects\S4051A\EWARM\..\..\..\Utilities\Third_Party\ #
#                    efsl\inc\ -I C:\Users\tony.tsou\Desktop\AmTRAN\Projects\ #
#                    15_K2\DevCode\2\Projects\S4051A\EWARM\..\..\..\Utilities #
#                    \Third_Party\fat_fs\inc\ -I                              #
#                    C:\Users\tony.tsou\Desktop\AmTRAN\Projects\15_K2\DevCode #
#                    \2\Projects\S4051A\EWARM\..\..\..\Utilities\mainstream_v #
#                    1\stm32f411\ -I C:\Users\tony.tsou\Desktop\AmTRAN\Projec #
#                    ts\15_K2\DevCode\2\Projects\S4051A\EWARM\..\..\..\Utilit #
#                    ies\mainstream_v1\stm32f411\it\ -I                       #
#                    C:\Users\tony.tsou\Desktop\AmTRAN\Projects\15_K2\DevCode #
#                    \2\Projects\S4051A\EWARM\..\..\..\Libraries\AMT_Drivers\ #
#                    EXT_FLASH\ -I C:\Users\tony.tsou\Desktop\AmTRAN\Projects #
#                    \15_K2\DevCode\2\Projects\S4051A\EWARM\..\..\..\Librarie #
#                    s\AMT_Drivers\TAS5727\ -I C:\Users\tony.tsou\Desktop\AmT #
#                    RAN\Projects\15_K2\DevCode\2\Projects\S4051A\EWARM\..\.. #
#                    \..\Libraries\AMT_Drivers\TAS5711\ -I                    #
#                    C:\Users\tony.tsou\Desktop\AmTRAN\Projects\15_K2\DevCode #
#                    \2\Projects\S4051A\EWARM\..\..\..\Libraries\AMT_Drivers\ #
#                    TAS5707\ -I C:\Users\tony.tsou\Desktop\AmTRAN\Projects\1 #
#                    5_K2\DevCode\2\Projects\S4051A\EWARM\..\..\..\Libraries\ #
#                    AMT_Drivers\TAS5713\ -I C:\Users\tony.tsou\Desktop\AmTRA #
#                    N\Projects\15_K2\DevCode\2\Projects\S4051A\EWARM\..\..\. #
#                    .\Libraries\AMT_Drivers\CS49844\ -I                      #
#                    C:\Users\tony.tsou\Desktop\AmTRAN\Projects\15_K2\DevCode #
#                    \2\Projects\S4051A\EWARM\..\..\..\Libraries\AMT_Drivers\ #
#                    CS8422\ -I C:\Users\tony.tsou\Desktop\AmTRAN\Projects\15 #
#                    _K2\DevCode\2\Projects\S4051A\EWARM\..\..\..\Libraries\A #
#                    MT_Drivers\CS5346\ -I C:\Users\tony.tsou\Desktop\AmTRAN\ #
#                    Projects\15_K2\DevCode\2\Projects\S4051A\EWARM\..\..\..\ #
#                    Libraries\AMT_Drivers\OTI3368\ -I                        #
#                    C:\Users\tony.tsou\Desktop\AmTRAN\Projects\15_K2\DevCode #
#                    \2\Projects\S4051A\EWARM\..\..\..\Libraries\AMT_Drivers\ #
#                    HT68F30\ -I C:\Users\tony.tsou\Desktop\AmTRAN\Projects\1 #
#                    5_K2\DevCode\2\Projects\S4051A\EWARM\..\..\..\Libraries\ #
#                    AMT_Drivers\BTM640\ -I C:\Users\tony.tsou\Desktop\AmTRAN #
#                    \Projects\15_K2\DevCode\2\Projects\S4051A\EWARM\..\..\.. #
#                    \Libraries\AMT_Drivers\sii953x\application\ -I           #
#                    C:\Users\tony.tsou\Desktop\AmTRAN\Projects\15_K2\DevCode #
#                    \2\Projects\S4051A\EWARM\..\..\..\Libraries\AMT_Drivers\ #
#                    sii953x\application\app_ipv\ -I                          #
#                    C:\Users\tony.tsou\Desktop\AmTRAN\Projects\15_K2\DevCode #
#                    \2\Projects\S4051A\EWARM\..\..\..\Libraries\AMT_Drivers\ #
#                    sii953x\application\app_cbus\ -I                         #
#                    C:\Users\tony.tsou\Desktop\AmTRAN\Projects\15_K2\DevCode #
#                    \2\Projects\S4051A\EWARM\..\..\..\Libraries\AMT_Drivers\ #
#                    sii953x\application\app_cdc\ -I                          #
#                    C:\Users\tony.tsou\Desktop\AmTRAN\Projects\15_K2\DevCode #
#                    \2\Projects\S4051A\EWARM\..\..\..\Libraries\AMT_Drivers\ #
#                    sii953x\application\app_cec\ -I                          #
#                    C:\Users\tony.tsou\Desktop\AmTRAN\Projects\15_K2\DevCode #
#                    \2\Projects\S4051A\EWARM\..\..\..\Libraries\AMT_Drivers\ #
#                    sii953x\application\app_arc\ -I                          #
#                    C:\Users\tony.tsou\Desktop\AmTRAN\Projects\15_K2\DevCode #
#                    \2\Projects\S4051A\EWARM\..\..\..\Libraries\AMT_Drivers\ #
#                    sii953x\application\app_diag\ -I                         #
#                    C:\Users\tony.tsou\Desktop\AmTRAN\Projects\15_K2\DevCode #
#                    \2\Projects\S4051A\EWARM\..\..\..\Libraries\AMT_Drivers\ #
#                    sii953x\application\app_msw\ -I                          #
#                    C:\Users\tony.tsou\Desktop\AmTRAN\Projects\15_K2\DevCode #
#                    \2\Projects\S4051A\EWARM\..\..\..\Libraries\AMT_Drivers\ #
#                    sii953x\application\app_osd\ -I                          #
#                    C:\Users\tony.tsou\Desktop\AmTRAN\Projects\15_K2\DevCode #
#                    \2\Projects\S4051A\EWARM\..\..\..\Libraries\AMT_Drivers\ #
#                    sii953x\component\ -I C:\Users\tony.tsou\Desktop\AmTRAN\ #
#                    Projects\15_K2\DevCode\2\Projects\S4051A\EWARM\..\..\..\ #
#                    Libraries\AMT_Drivers\sii953x\component\tx\ -I           #
#                    C:\Users\tony.tsou\Desktop\AmTRAN\Projects\15_K2\DevCode #
#                    \2\Projects\S4051A\EWARM\..\..\..\Libraries\AMT_Drivers\ #
#                    sii953x\component\repeater_avr\ -I                       #
#                    C:\Users\tony.tsou\Desktop\AmTRAN\Projects\15_K2\DevCode #
#                    \2\Projects\S4051A\EWARM\..\..\..\Libraries\AMT_Drivers\ #
#                    sii953x\component\video_tables\ -I                       #
#                    C:\Users\tony.tsou\Desktop\AmTRAN\Projects\15_K2\DevCode #
#                    \2\Projects\S4051A\EWARM\..\..\..\Libraries\AMT_Drivers\ #
#                    sii953x\component\audio_rx\ -I                           #
#                    C:\Users\tony.tsou\Desktop\AmTRAN\Projects\15_K2\DevCode #
#                    \2\Projects\S4051A\EWARM\..\..\..\Libraries\AMT_Drivers\ #
#                    sii953x\component\edid_tx\ -I                            #
#                    C:\Users\tony.tsou\Desktop\AmTRAN\Projects\15_K2\DevCode #
#                    \2\Projects\S4051A\EWARM\..\..\..\Libraries\AMT_Drivers\ #
#                    sii953x\component\debugger_hdmigear\ -I                  #
#                    C:\Users\tony.tsou\Desktop\AmTRAN\Projects\15_K2\DevCode #
#                    \2\Projects\S4051A\EWARM\..\..\..\Libraries\AMT_Drivers\ #
#                    sii953x\component\cbus\ -I C:\Users\tony.tsou\Desktop\Am #
#                    TRAN\Projects\15_K2\DevCode\2\Projects\S4051A\EWARM\..\. #
#                    .\..\Libraries\AMT_Drivers\sii953x\component\rtpi\ -I    #
#                    C:\Users\tony.tsou\Desktop\AmTRAN\Projects\15_K2\DevCode #
#                    \2\Projects\S4051A\EWARM\..\..\..\Libraries\AMT_Drivers\ #
#                    sii953x\component\cdc\ -I C:\Users\tony.tsou\Desktop\AmT #
#                    RAN\Projects\15_K2\DevCode\2\Projects\S4051A\EWARM\..\.. #
#                    \..\Libraries\AMT_Drivers\sii953x\component\cec_manager\ #
#                     -I C:\Users\tony.tsou\Desktop\AmTRAN\Projects\15_K2\Dev #
#                    Code\2\Projects\S4051A\EWARM\..\..\..\Libraries\AMT_Driv #
#                    ers\sii953x\component\thx\ -I                            #
#                    C:\Users\tony.tsou\Desktop\AmTRAN\Projects\15_K2\DevCode #
#                    \2\Projects\S4051A\EWARM\..\..\..\Libraries\AMT_Drivers\ #
#                    sii953x\component\ipv\ -I C:\Users\tony.tsou\Desktop\AmT #
#                    RAN\Projects\15_K2\DevCode\2\Projects\S4051A\EWARM\..\.. #
#                    \..\Libraries\AMT_Drivers\sii953x\component\osd\ -I      #
#                    C:\Users\tony.tsou\Desktop\AmTRAN\Projects\15_K2\DevCode #
#                    \2\Projects\S4051A\EWARM\..\..\..\Libraries\AMT_Drivers\ #
#                    sii953x\component\cec_switch\ -I                         #
#                    C:\Users\tony.tsou\Desktop\AmTRAN\Projects\15_K2\DevCode #
#                    \2\Projects\S4051A\EWARM\..\..\..\Libraries\AMT_Drivers\ #
#                    sii953x\component\cec_system_audio_control\ -I           #
#                    C:\Users\tony.tsou\Desktop\AmTRAN\Projects\15_K2\DevCode #
#                    \2\Projects\S4051A\EWARM\..\..\..\Libraries\AMT_Drivers\ #
#                    sii953x\driver\ -I C:\Users\tony.tsou\Desktop\AmTRAN\Pro #
#                    jects\15_K2\DevCode\2\Projects\S4051A\EWARM\..\..\..\Lib #
#                    raries\AMT_Drivers\sii953x\driver\audio_mix_drv\ -I      #
#                    C:\Users\tony.tsou\Desktop\AmTRAN\Projects\15_K2\DevCode #
#                    \2\Projects\S4051A\EWARM\..\..\..\Libraries\AMT_Drivers\ #
#                    sii953x\driver\sii953x_drv\ -I                           #
#                    C:\Users\tony.tsou\Desktop\AmTRAN\Projects\15_K2\DevCode #
#                    \2\Projects\S4051A\EWARM\..\..\..\Libraries\AMT_Drivers\ #
#                    sii953x\driver\cra_drv\ -I C:\Users\tony.tsou\Desktop\Am #
#                    TRAN\Projects\15_K2\DevCode\2\Projects\S4051A\EWARM\..\. #
#                    .\..\Libraries\AMT_Drivers\sii953x\driver\matrix_sw_drv\ #
#                     -I C:\Users\tony.tsou\Desktop\AmTRAN\Projects\15_K2\Dev #
#                    Code\2\Projects\S4051A\EWARM\..\..\..\Libraries\AMT_Driv #
#                    ers\sii953x\driver\nvram_sram_drv\ -I                    #
#                    C:\Users\tony.tsou\Desktop\AmTRAN\Projects\15_K2\DevCode #
#                    \2\Projects\S4051A\EWARM\..\..\..\Libraries\AMT_Drivers\ #
#                    sii953x\driver\tpi_drv\ -I C:\Users\tony.tsou\Desktop\Am #
#                    TRAN\Projects\15_K2\DevCode\2\Projects\S4051A\EWARM\..\. #
#                    .\..\Libraries\AMT_Drivers\sii953x\driver\audio_rx_drv\  #
#                    -I C:\Users\tony.tsou\Desktop\AmTRAN\Projects\15_K2\DevC #
#                    ode\2\Projects\S4051A\EWARM\..\..\..\Libraries\AMT_Drive #
#                    rs\sii953x\driver\repeater_avr_drv\ -I                   #
#                    C:\Users\tony.tsou\Desktop\AmTRAN\Projects\15_K2\DevCode #
#                    \2\Projects\S4051A\EWARM\..\..\..\Libraries\AMT_Drivers\ #
#                    sii953x\driver\gpio_drv\ -I                              #
#                    C:\Users\tony.tsou\Desktop\AmTRAN\Projects\15_K2\DevCode #
#                    \2\Projects\S4051A\EWARM\..\..\..\Libraries\AMT_Drivers\ #
#                    sii953x\driver\tpg_drv\ -I C:\Users\tony.tsou\Desktop\Am #
#                    TRAN\Projects\15_K2\DevCode\2\Projects\S4051A\EWARM\..\. #
#                    .\..\Libraries\AMT_Drivers\sii953x\driver\cbus_drv\ -I   #
#                    C:\Users\tony.tsou\Desktop\AmTRAN\Projects\15_K2\DevCode #
#                    \2\Projects\S4051A\EWARM\..\..\..\Libraries\AMT_Drivers\ #
#                    sii953x\driver\cpi_drv\ -I C:\Users\tony.tsou\Desktop\Am #
#                    TRAN\Projects\15_K2\DevCode\2\Projects\S4051A\EWARM\..\. #
#                    .\..\Libraries\AMT_Drivers\sii953x\driver\arc_drv\ -I    #
#                    C:\Users\tony.tsou\Desktop\AmTRAN\Projects\15_K2\DevCode #
#                    \2\Projects\S4051A\EWARM\..\..\..\Libraries\AMT_Drivers\ #
#                    sii953x\driver\osd_drv\ -I C:\Users\tony.tsou\Desktop\Am #
#                    TRAN\Projects\15_K2\DevCode\2\Projects\S4051A\EWARM\..\. #
#                    .\..\Libraries\AMT_Drivers\sii953x\driver\ipv_drv\ -I    #
#                    C:\Users\tony.tsou\Desktop\AmTRAN\Projects\15_K2\DevCode #
#                    \2\Projects\S4051A\EWARM\..\..\..\Libraries\AMT_Drivers\ #
#                    sii953x\platform\hal\ir_remote\ -I                       #
#                    C:\Users\tony.tsou\Desktop\AmTRAN\Projects\15_K2\DevCode #
#                    \2\Projects\S4051A\EWARM\..\..\..\Libraries\AMT_Drivers\ #
#                    sii953x\platform\hal\eeprom\ -I                          #
#                    C:\Users\tony.tsou\Desktop\AmTRAN\Projects\15_K2\DevCode #
#                    \2\Projects\S4051A\EWARM\..\..\..\Libraries\AMT_Drivers\ #
#                    sii953x\platform\hal\timer\ -I                           #
#                    C:\Users\tony.tsou\Desktop\AmTRAN\Projects\15_K2\DevCode #
#                    \2\Projects\S4051A\EWARM\..\..\..\Libraries\AMT_Drivers\ #
#                    sii953x\platform\hal\i2c\ -I                             #
#                    C:\Users\tony.tsou\Desktop\AmTRAN\Projects\15_K2\DevCode #
#                    \2\Projects\S4051A\EWARM\..\..\..\Libraries\AMT_Drivers\ #
#                    sii953x\platform\osal\timer\ -I                          #
#                    C:\Users\tony.tsou\Desktop\AmTRAN\Projects\15_K2\DevCode #
#                    \2\Projects\S4051A\EWARM\..\..\..\Libraries\AMT_Drivers\ #
#                    sii953x\platform\board\ -Ohz -I "C:\Program Files        #
#                    (x86)\IAR Systems\Embedded Workbench                     #
#                    6.0\arm\CMSIS\Include\"                                  #
#    List file    =  C:\Users\tony.tsou\Desktop\AmTRAN\Projects\15_K2\DevCode #
#                    \2\Projects\S4051A\EWARM\..\Output\S4051A\Application\Li #
#                    st\si_video_tables.lst                                   #
#    Object file  =  C:\Users\tony.tsou\Desktop\AmTRAN\Projects\15_K2\DevCode #
#                    \2\Projects\S4051A\EWARM\..\Output\S4051A\Application\Ob #
#                    j\si_video_tables.o                                      #
#                                                                             #
#                                                                             #
###############################################################################

C:\Users\tony.tsou\Desktop\AmTRAN\Projects\15_K2\DevCode\2\Libraries\AMT_Drivers\sii953x\component\video_tables\si_video_tables.c
      1          //------------------------------------------------------------------------------
      2          // Project: HDMI Repeater
      3          // Copyright (C) 2002-2010, Silicon Image, Inc.  All rights reserved.
      4          //
      5          // No part of this work may be reproduced, modified, distributed, transmitted,
      6          // transcribed, or translated into any language or computer format, in any form
      7          // or by any means without written permission of: Silicon Image, Inc.,
      8          // 1060 East Arques Avenue, Sunnyvale, California 94085
      9          //------------------------------------------------------------------------------
     10          
     11          #include "si_video_tables.h"
     12          
     13          
     14          // Note: maximum audio frequency for 8 channels is not exact: see PixClc=54MHz
     15          
     16          ROM const videoMode_t VideoModeTable[NMB_OF_VIDEO_MODES + 1] =
     17          {
     18            //{VIC, HVIC {H/V active}, {H/V  total},{H/V blank),{HVSyncO}, {HVSyncW},Fh , Fv , Fpix, Pclk, I/P , HPol, VPol, syst, repetition                  ,audio},
     19            // CEA-861D video modes
     20          	{1,0  , 0, {640 , 480 }, {800 , 525 }, {160, 45}, {16 , 10}, {96 , 2}, 31 , 60 , 25 ,  2518, PROG, NEG,  NEG,  0   , RP1                         ,  48},
     21          	{2,3  , 0, {720 , 480 }, {858 , 525 }, {138, 45}, {16 ,  9}, {62 , 6}, 31 , 60 , 27 ,  2700, PROG, NEG,  NEG,  NTSC, RP1                         ,  48},
     22          	{0,4  , 0, {1280, 720 }, {1650, 750 }, {370, 30}, {110,  5}, {40 , 5}, 45 , 60 , 74 ,  7425, PROG, POS,  POS,  NTSC, RP1                         , 192},
     23          	{0,5  , 0, {1920, 1080}, {2200, 1125}, {280, 22}, {88 ,  2}, {44 , 5}, 34 , 60 , 74 ,  7425, INTL, POS,  POS,  NTSC, RP1                         , 192},
     24          	{6,7  , 0, {1440, 480 }, {1716, 525 }, {276, 22}, {38 ,  4}, {124, 3}, 16 , 60 , 27 ,  2700, INTL, NEG,  NEG,  NTSC,     RP2                     ,  48},
     25          	{8,9  , 0, {1440, 240 }, {1716, 262 }, {276, 22}, {38 ,  4}, {124, 3}, 16 , 60 , 27 ,  2700, PROG, NEG,  NEG,  NTSC,     RP2                     ,  48},
     26          	{8,9  , 0, {1440, 240 }, {1716, 263 }, {276, 23}, {38 ,  5}, {124, 3}, 16 , 60 , 27 ,  2700, PROG, NEG,  NEG,  NTSC,     RP2                     ,  48},
     27          	{10,11, 0, {2880, 480 }, {3432, 525 }, {552, 22}, {76 ,  4}, {248, 3}, 16 , 60 , 54 ,  5400, INTL, NEG,  NEG,  NTSC,         RP4|RP5|RP7|RP8|RP10,  96},
     28          	{12,13, 0, {2880, 240 }, {3432, 262 }, {552, 22}, {76 ,  4}, {248, 3}, 16 , 60 , 54 ,  5400, PROG, NEG,  NEG,  NTSC,         RP4|RP5|RP7|RP8|RP10,  96},
     29          	{12,13, 0, {2880, 240 }, {3432, 263 }, {552, 23}, {76 ,  5}, {248, 3}, 16 , 60 , 54 ,  5400, PROG, NEG,  NEG,  NTSC,         RP4|RP5|RP7|RP8|RP10,  96},
     30          	{14,15, 0, {1440, 480 }, {1716, 525 }, {276, 45}, {32 ,  9}, {124, 6}, 31 , 60 , 54 ,  5400, PROG, NEG,  NEG,  NTSC, RP1|RP2                     ,  96},
     31          	{0,16,  0, {1920, 1080}, {2200, 1125}, {280, 45}, {88 ,  4}, {44 , 5}, 67 , 60 , 148, 14850, PROG, POS,  POS,  NTSC, RP1                         , 192},
     32          	{17,18, 0, {720 , 576 }, {864 , 625 }, {144, 49}, {12 ,  5}, {64 , 5}, 31 , 50 , 27 ,  2700, PROG, NEG,  NEG,  PAL , RP1                         ,  48},
     33          	{0,19,  0, {1280, 720 }, {1980, 750 }, {700, 30}, {440,  5}, {40 , 5}, 38 , 50 , 74 ,  7425, PROG, POS,  POS,  PAL , RP1                         , 192},
     34          	{0,20,  0, {1920, 1080}, {2640, 1125}, {720, 22}, {528,  2}, {44 , 5}, 28 , 50 , 74 ,  7425, INTL, POS,  POS,  PAL , RP1                         , 192},
     35          	{21,22, 0, {1440, 576 }, {1728, 625 }, {288, 24}, {24 ,  2}, {126, 3}, 16 , 50 , 27 ,  2700, INTL, NEG,  NEG,  PAL ,     RP2                     ,  48},
     36          	{23,24, 0, {1440, 288 }, {1728, 312 }, {288, 24}, {24 ,  2}, {126, 3}, 16 , 50 , 27 ,  2700, PROG, NEG,  NEG,  PAL ,     RP2                     ,  48},
     37          	{23,24, 0, {1440, 288 }, {1728, 313 }, {288, 25}, {24 ,  3}, {126, 3}, 16 , 49 , 27 ,  2700, PROG, NEG,  NEG,  PAL ,     RP2                     ,  48},
     38          	{23,24, 0, {1440, 288 }, {1728, 314 }, {288, 26}, {24 ,  4}, {126, 3}, 16 , 49 , 27 ,  2700, PROG, NEG,  NEG,  PAL ,     RP2                     ,  48},
     39          	{25,26, 0, {2880, 576 }, {3456, 625 }, {576, 24}, {48 ,  2}, {252, 3}, 16 , 50 , 54 ,  5400, INTL, NEG,  NEG,  PAL ,         RP4|RP5|RP7|RP8|RP10,  96},
     40          	{27,28, 0, {2880, 288 }, {3456, 312 }, {576, 24}, {48 ,  2}, {252, 3}, 16 , 50 , 54 ,  5400, PROG, NEG,  NEG,  PAL ,         RP4|RP5|RP7|RP8|RP10,  96},
     41          	{27,28, 0, {2880, 288 }, {3456, 313 }, {576, 25}, {48 ,  3}, {252, 3}, 16 , 49 , 54 ,  5400, PROG, NEG,  NEG,  PAL ,         RP4|RP5|RP7|RP8|RP10,  96},
     42          	{27,28, 0, {2880, 288 }, {3456, 314 }, {576, 26}, {48 ,  4}, {252, 3}, 16 , 49 , 54 ,  5400, PROG, NEG,  NEG,  PAL ,         RP4|RP5|RP7|RP8|RP10,  96},
     43          	{29,30, 0, {1440, 576 }, {1728, 625 }, {288, 49}, {24 ,  5}, {128, 5}, 31 , 50 , 54 ,  5400, PROG, NEG,  POS,  PAL , RP1|RP2                     ,  96}, // H-neg, V-pos
     44          	{0,31,  0, {1920, 1080}, {2640, 1125}, {720, 45}, {528,  4}, {44 , 5}, 56 , 50 , 148, 14850, PROG, POS,  POS,  0   , RP1                         , 192},
     45          	{0,32,  0, {1920, 1080}, {2750, 1125}, {830, 45}, {638,  4}, {44 , 5}, 27 , 24 , 74 ,  7425, PROG, POS,  POS,  0   , RP1                         , 192},
     46          	{0,33,  0, {1920, 1080}, {2640, 1125}, {720, 45}, {528,  4}, {44 , 5}, 28 , 25 , 74 ,  7425, PROG, POS,  POS,  0   , RP1                         , 192},
     47          	{0,34,  0, {1920, 1080}, {2200, 1125}, {280, 45}, {88 ,  4}, {44 , 5}, 34 , 30 , 74 ,  7425, PROG, POS,  POS,  0   , RP1                         , 192},
     48          	{35,36, 0, {2880, 480 }, {3432, 525 }, {552, 45}, {96 ,  9}, {248, 6}, 31 , 60 , 108, 10800, PROG, NEG,  NEG,  NTSC, RP1|RP2|RP4                 , 192},
     49          	{37,38, 0, {2880, 576 }, {3456, 625 }, {576, 49}, {48 ,  5}, {256, 5}, 31 , 50 , 108, 10800, PROG, NEG,  NEG,  PAL , RP1|RP2|RP4                 , 192},
     50          	{0,39,  0, {1920, 1080}, {2304, 1250}, {384, 85}, {32 , 23}, {168, 5}, 31 , 50 , 72 ,  7200, INTL, POS,  NEG,  PAL , RP1                         , 192}, // H-pos, V-neg, 1,2 blanks are same = 85
     51          	{0,40,  0, {1920, 1080}, {2640, 1125}, {720, 22}, {528,  2}, {44 , 5}, 56 , 100, 148, 14850, INTL, POS,  POS,  PAL , RP1                         , 192},
     52          	{0,41,  0, {1280, 720 }, {1980, 750 }, {700, 30}, {440,  5}, {40 , 5}, 75 , 100, 148, 14850, PROG, POS,  POS,  PAL , RP1                         , 192},
     53          	{42,43, 0, {720 , 576 }, {864 , 625 }, {144, 49}, {12 ,  5}, {64 , 5}, 63 , 100, 54 ,  5400, PROG, NEG,  NEG,  PAL , RP1                         ,  96},
     54          	{44,45, 0, {1440, 576 }, {1728, 625 }, {288, 24}, {24 ,  2}, {126, 3}, 31 , 100, 54 ,  5400, INTL, NEG,  NEG,  PAL ,     RP2                     ,  96},
     55          	{0,46,  0, {1920, 1080}, {2200, 1125}, {280, 22}, {88 ,  2}, {44 , 5}, 68 , 120, 148, 14850, INTL, POS,  POS,  NTSC, RP1                         , 192},
     56          	{0,47,  0, {1280, 720 }, {1650, 750 }, {370, 30}, {110,  5}, {40 , 5}, 90 , 120, 148, 14850, PROG, POS,  POS,  NTSC, RP1                         , 192},
     57          	{48,49, 0, {720 , 480 }, {858 , 525 }, {138, 45}, {16 ,  9}, {62 , 6}, 63 , 120, 54 ,  5400, PROG, NEG,  NEG,  NTSC, RP1                         ,  96},
     58          	{50,51, 0, {1440, 480 }, {1716, 525 }, {276, 22}, {38 ,  4}, {124, 3}, 32 , 120, 54 ,  5400, INTL, NEG,  NEG,  NTSC,     RP2                     ,  96},
     59          	{52,53, 0, {720 , 576 }, {864 , 625 }, {144, 49}, {12 ,  5}, {64 , 5}, 125, 200, 108, 10800, PROG, NEG,  NEG,  PAL , RP1                         , 192},
     60          	{54,55, 0, {1440, 576 }, {1728, 625 }, {288, 24}, {24 ,  2}, {126, 3}, 63 , 200, 108, 10800, INTL, NEG,  NEG,  PAL ,     RP2                     , 192},
     61          	{56,57, 0, {720 , 480 }, {858 , 525 }, {138, 45}, {16 ,  9}, {62 , 6}, 126, 240, 108, 10800, PROG, NEG,  NEG,  NTSC, RP1                         , 192},
     62          	{58,59, 0, {1440, 480 }, {1716, 525 }, {276, 22}, {38 ,  4}, {124, 3}, 63 , 240, 108, 10800, INTL, NEG,  NEG,  NTSC,     RP2                     , 192},
     63          
     64              // CEA-861E video modes
     65          	{ 0,60, 0, {1280, 720 }, {3300, 750 }, {2020,30}, {1760, 5}, { 40, 5}, 79 , 24 , 59 ,  5940, PROG, POS,  POS,  0   , RP1                         , 192},
     66          	{ 0,61, 0, {1280, 720 }, {3960, 750 }, {2680,30}, {2420, 5}, { 40, 5}, 99 , 25 , 74 ,  7425, PROG, POS,  POS,  PAL , RP1                         , 192},
     67          	{ 0,62, 0, {1280, 720 }, {3300, 750 }, {2020,30}, {1760, 5}, { 40, 5}, 91 , 30 , 68 ,  6818, PROG, POS,  POS,  NTSC, RP1                         , 192},
     68          	{ 0,63, 0, {1920, 1080}, {2200, 1125}, {280, 45}, {  88, 4}, { 44, 5},264 , 120, 297, 29700, PROG, POS,  POS,  NTSC, RP1                         , 192},
     69          	{ 0,64, 0, {1920, 1080}, {2640, 1125}, {720, 45}, { 528, 4}, { 44, 5},264 , 100, 297, 29700, PROG, POS,  POS,  PAL , RP1                         , 192},
     70          
     71          	// HDMI 1.4a video modes
     72              {0,0  , 1, {3840, 2160}, {4400, 2250}, {560, 90}, {176 , 8}, {88 ,10}, 132,  30, 297, 29700, PROG, POS,  POS,  NTSC, RP1                         ,  96},
     73              {0,0  , 2, {3840, 2160}, {5280, 2250}, {1440,90}, {1056, 8}, {88 ,10}, 132,  25, 297, 29700, PROG, POS,  POS,  PAL , RP1                         , 192},
     74              {0,0  , 3, {3840, 2160}, {5500, 2250}, {1660,90}, {1276, 8}, {88 ,10}, 132,  24, 297, 29700, PROG, POS,  POS,  0   , RP1                         , 192},
     75              {0,0  , 4, {4096, 2160}, {5500, 2250}, {1404,90}, {1020, 8}, {88 ,10}, 132,  24, 297, 29700, PROG, POS,  POS,  0   , RP1                         , 192}, // SMPTE (cannot be distinguished from #3)
     76          
     77              // PC Resolutions
     78              {0,0  , 0, {640, 480  }, {832, 520},   {192, 40}, {24 ,  9}, {40 , 3}, 38 , 73 ,  31,  3150, PROG, NEG,  NEG,  0   , RP1                         ,  48},
     79              {0,0  , 0, {640, 480  }, {840, 500},   {200, 20}, {16 ,  1}, {64 , 3}, 38 , 75 ,  31,  3150, PROG, NEG,  NEG,  0   , RP1                         ,  48},
     80              {0,0  , 0, {640, 480  }, {832, 509},   {192, 29}, {56 ,  1}, {56 , 3}, 43 , 85 ,  36,  3600, PROG, NEG,  NEG,  0   , RP1                         ,  48},
     81              {0,0  , 0, {720, 400  }, {936, 446},   {216, 46}, {36 ,  1}, {72 , 3}, 38 , 85 ,  36,  3550, PROG, NEG,  POS,  0   , RP1                         ,  48},
     82              {0,0  , 0, {800, 600  }, {1024, 625},  {224, 25}, {24 ,  1}, {72 , 2}, 35 , 56 ,  36,  3600, PROG, POS,  POS,  0   , RP1                         ,  48},
     83              {0,0  , 0, {800, 600  }, {1056, 628},  {256, 28}, {40 ,  1}, {128, 4}, 38 , 60 ,  40,  4000, PROG, POS,  POS,  0   , RP1                         ,  48},
     84              {0,0  , 0, {800, 600  }, {1040, 666},  {240, 66}, {56 , 37}, {120, 6}, 48 , 72 ,  50,  5000, PROG, POS,  POS,  0   , RP1                         ,  48},
     85              {0,0  , 0, {800, 600  }, {1056, 625},  {256, 25}, {16 ,  1}, {80 , 3}, 47 , 76 ,  50,  5000, PROG, POS,  POS,  0   , RP1                         ,  96},
     86              {0,0  , 0, {800, 600  }, {1048, 631},  {248, 31}, {32 ,  1}, {64 , 3}, 54 , 85 ,  56,  5625, PROG, POS,  POS,  0   , RP1                         ,  96},
     87              {0,0  , 0, {1024, 768 }, {1264, 817},  {240, 24}, {8  ,  0}, {176, 4}, 36 , 87 ,  45,  4490, INTL, POS,  POS,  0   , RP1                         ,  48},
     88              {0,0  , 0, {1024, 768 }, {1344, 806},  {320, 38}, {24 ,  3}, {136, 6}, 48 , 60 ,  65,  6500, PROG, NEG,  NEG,  0   , RP1                         ,  96},
     89              {0,0  , 0, {1024, 768 }, {1328, 806},  {304, 38}, {24 ,  3}, {136, 6}, 56 , 70 ,  75,  7500, PROG, NEG,  NEG,  0   , RP1                         ,  96},
     90              {0,0  , 0, {1024, 768 }, {1312, 800},  {288, 32}, {16 ,  1}, {96 , 3}, 60 , 75 ,  79,  7875, PROG, POS,  POS,  0   , RP1                         ,  96},
     91              {0,0  , 0, {1024, 768 }, {1376, 808},  {352, 40}, {48 ,  1}, {96 , 3}, 69 , 85 ,  95,  9450, PROG, POS,  POS,  0   , RP1                         , 192},
     92              {0,0  , 0, {1152, 864 }, {1600, 900},  {448, 36}, {64 ,  1}, {128, 3}, 68 , 75 , 108, 10800, PROG, POS,  POS,  0   , RP1                         , 192},
     93              {0,0  , 0, {1280, 768 }, {1440, 790},  {160, 22}, {48 ,  3}, {32 , 7}, 47 , 60 ,  68,  6825, PROG, POS,  NEG,  0   , RP1                         ,  48},
     94              {0,0  , 0, {1280, 768 }, {1664, 798},  {384, 30}, {64 ,  3}, {128, 7}, 48 , 60 ,  80,  7950, PROG, NEG,  POS,  0   , RP1                         ,  96},
     95              {0,0  , 0, {1280, 768 }, {1696, 805},  {416, 37}, {80 ,  3}, {128, 7}, 60 , 75 , 102, 10230, PROG, NEG,  POS,  0   , RP1                         , 192},
     96          #if 0
     97              {0,0  , 0, {1280, 800 }, {1680, 828},  {400, 28}, {64 ,  1}, {136, 3}, 50 , 60 ,  83,  8346, PROG, NEG,  POS,  0   , RP1                         ,  96},
     98          #else
     99              {0,0  , 0, {1280, 800 }, {1680, 831},  {400, 31}, {72 ,  3}, {128, 6}, 50 , 60 ,  84,  8350, PROG, NEG,  POS,  0   , RP1                         ,  96},
    100          #endif
    101              {0,0  , 0, {1280, 960 }, {1800, 1000}, {520, 40}, {96 ,  1}, {112, 3}, 60 , 60 , 108, 10800, PROG, POS,  POS,  0   , RP1                         , 192},
    102              {0,0  , 0, {1280, 1024}, {1688, 1066}, {408, 42}, {48 ,  1}, {112, 3}, 64 , 60 , 108, 10800, PROG, POS,  POS,  0   , RP1                         , 192},
    103              {0,0  , 0, {1360, 768 }, {1792, 795},  {432, 27}, {64 ,  3}, {112, 6}, 48 , 60 ,  86,  8550, PROG, POS,  POS,  0   , RP1                         ,  96},
    104              {0,0  , 0, {1400, 1050}, {1560, 1080}, {160, 30}, {48 ,  3}, {32 , 4}, 65 , 60 , 101, 10100, PROG, POS,  NEG,  0   , RP1                         ,  48},
    105              {0,0  , 0, {1280, 768 }, {1712, 809},  {432, 41}, {80 ,  3}, {136, 7}, 69 , 85 , 118, 11750, PROG, NEG,  POS,  0   , RP1                         , 192},
    106              {0,0  , 0, {1280, 960 }, {1728, 1011}, {448, 51}, {64 ,  1}, {160, 3}, 86 , 85 , 149, 14850, PROG, POS,  POS,  0   , RP1                         , 192},
    107              {0,0  , 0, {1280, 1024}, {1688, 1066}, {408, 42}, {16 ,  1}, {144, 3}, 80 , 75 , 135, 13500, PROG, POS,  POS,  0   , RP1                         , 192},
    108              {0,0  , 0, {1280, 1024}, {1728, 1072}, {448, 48}, {64 ,  1}, {160, 3}, 91 , 85 , 158, 15750, PROG, POS,  POS,  0   , RP1                         , 192},
    109              {0,0  , 0, {1366, 768 }, {1800, 795},  {432, 27}, {72 ,  1}, {144, 3}, 48 , 60 ,  86,  8586, PROG, NEG,  POS,  0   , RP1                         ,  96},
    110              {0,0  , 0, {1400, 1050}, {1864, 1089}, {464, 39}, {88 ,  3}, {144, 4}, 65 , 60 , 122, 12175, PROG, NEG,  POS,  0   , RP1                         , 192},
    111              {0,0  , 0, {1400, 1050}, {1896, 1099}, {496, 49}, {104,  3}, {144, 4}, 82 , 75 , 156, 15600, PROG, NEG,  POS,  0   , RP1                         , 192},
    112              {0,0  , 0, {1440, 900 }, {1872, 929},  {432, 29}, {72 ,  3}, {144, 6}, 46 , 50 ,  87,  8675, PROG, NEG,  POS,  0   , RP1                         ,  96},
    113              {0,0  , 0, {1600, 900 }, {2080, 929},  {480, 29}, {80 ,  3}, {160, 5}, 46 , 50 ,  97,  9650, PROG, NEG,  POS,  0   , RP1                         ,  96},
    114              {0,0  , 0, {1600, 1200}, {2160, 1250}, {560, 50}, {64 ,  1}, {192, 3}, 75 , 60 , 162, 16200, PROG, POS,  POS,  0   , RP1                         , 192},
    115              {0,0  , 0, {1680, 1050}, {2208, 1083}, {528, 33}, {88 ,  3}, {176, 6}, 54 , 50 , 120, 11950, PROG, NEG,  POS,  0   , RP1                         , 192},
    116              {0,0  , 0, {1920, 1200}, {2560, 1238}, {640, 38}, {120,  3}, {200, 6}, 62 , 50 , 158, 15825, PROG, NEG,  POS,  0   , RP1                         , 192},
    117              {0,0  , 0, {1920, 1200}, {2080, 1235}, {160, 35}, {48 ,  3}, {32 , 6}, 74 , 60 , 154, 15400, PROG, POS,  NEG,  0   , RP1                         ,  48},
    118          
    119              // End of Table Mark
    120              {0,0  , 0, {0   , 0   }, {0   , 0   }, {0  , 0 }, {0  ,  0}, {0  , 0}, 0  , 0  , 0  ,     0, 0   , 0  ,  0  ,  0   , 0                           ,   0}
    121          };
    122          
    123          // It is not clear from CEA861C, where it is said at one place that formats 10...13 and 25...28 could have
    124          // repetition factors 4,5,7,8,10, but at the table 12 on page 76 it is said that the
    125          // factor could be any in 1...10 range...
    126          
    127          
    128          
    129          ROM const uint8_t ceaVicToVideoTableIndex[LAST_KNOWN_CEA_VIC + 1] =
    130          {
    131          	NMB_OF_CEA861_VIDEO_MODES, //no VIC (dummy, to start real indexes from 1, but not from 0)
    132          	0,  //VIC=1
    133          	1,  //VIC=2
    134          	1,  //VIC=3
    135          	2,  //VIC=4
    136          	3,  //VIC=5
    137          	4,  //VIC=6
    138          	4,  //VIC=7
    139          	5,  //VIC=8  Possible indexes: 5,6
    140          	5,  //VIC=9  Possible indexes: 5,6
    141          	7,  //VIC=10
    142          	7,  //VIC=11
    143          	8,  //VIC=12 Possible indexes: 8,9
    144          	8,  //VIC=13 Possible indexes: 8,9
    145          	10, //VIC=14
    146          	10, //VIC=15
    147          	11, //VIC=16
    148          	12, //VIC=17
    149          	12, //VIC=18
    150          	13, //VIC=19
    151          	14, //VIC=20
    152          	15, //VIC=21
    153          	15, //VIC=22
    154          	16, //VIC=23 Possible indexes: 16,17,18
    155          	16, //VIC=24 Possible indexes: 16,17,18
    156          	19, //VIC=25
    157          	19, //VIC=26
    158          	20, //VIC=27 Possible indexes: 20,21,22
    159          	20, //VIC=28 Possible indexes: 20,21,22
    160          	23, //VIC=29
    161          	23, //VIC=30
    162          	24, //VIC=31
    163          	25, //VIC=32
    164          	26, //VIC=33
    165          	27, //VIC=34
    166          	28, //VIC=35
    167          	28, //VIC=36
    168          	29, //VIC=37
    169          	29, //VIC=38
    170          	30, //VIC=39
    171          	31, //VIC=40
    172          	32, //VIC=41
    173          	33, //VIC=42
    174          	33, //VIC=43
    175          	34, //VIC=44
    176          	34, //VIC=45
    177          	35, //VIC=46
    178          	36, //VIC=47
    179          	37, //VIC=48
    180          	37, //VIC=49
    181          	38, //VIC=50
    182          	38, //VIC=51
    183          	39, //VIC=52
    184          	39, //VIC=53
    185          	40, //VIC=54
    186          	40, //VIC=55
    187          	41, //VIC=56
    188          	41, //VIC=57
    189          	42, //VIC=58
    190          	42, //VIC=59
    191          	43, //VIC=60
    192          	44, //VIC=61
    193          	45, //VIC=62
    194          	46, //VIC=63
    195          	47, //VIC=64
    196          };
    197          
    198          
    199          ROM const uint8_t  hdmiVicToVideoTableIndex[LAST_KNOWN_HDMI_VIC + 1] =
    200          {
    201              // Not a VIC (dummy, to start real indexes from 1, but not from 0)
    202              NMB_OF_VIDEO_MODES,
    203          
    204              NMB_OF_CEA861_VIDEO_MODES + 0,  // HDMI VIC=1
    205              NMB_OF_CEA861_VIDEO_MODES + 1,  // HDMI VIC=2
    206              NMB_OF_CEA861_VIDEO_MODES + 2,  // HDMI VIC=3
    207              NMB_OF_CEA861_VIDEO_MODES + 3,  // HDMI VIC=4
    208          };
    209          
    210          
    211          //-------------------------------------------------------------------------------------------------
    212          //! @brief      Return pixel repetition factor.
    213          //!
    214          //! @param[in]  videoIndex - index of video mode listed in the VideoModeTable
    215          //-------------------------------------------------------------------------------------------------
    216          
    217          uint8_t SiiVideoTableRepetitionGet(uint8_t videoIndex)
    218          {
    219          	uint8_t result = 0;
    220          
    221          	// Note: no PC modes have repetition
    222          
    223          	if(videoIndex != SI_VIDEO_MODE_NON_STD)
    224          	{
    225          		uint8_t repetition = VideoModeTable[videoIndex].Repetition;
    226          
    227          		// chose smallest allowed replication
    228          		if(repetition & RP1)
    229          			result = 0;
    230          		else if(repetition & RP2)
    231          			result = 1;
    232          		else if(repetition & RP4)
    233          			result = 3;
    234          		else if(repetition & RP5)
    235          			result = 4;
    236          		else if(repetition & RP7)
    237          			result = 6;
    238          		else if(repetition & RP8)
    239          			result = 7;
    240          		else if(repetition & RP10)
    241          			result = 9;
    242          	}
    243          	
    244          	return result;
    245          }
    246          
    247          
    248          //-------------------------------------------------------------------------------------------------
    249          //! @brief      Finds a first match in the video table.
    250          //!
    251          //! @param[in]  resolution - active pixel size of the frame
    252          //! @param[in]  interlaced - interlacing flag
    253          //!
    254          //! @return     pointer to a video mode descriptor in Video Table, 0 if no match found
    255          //-------------------------------------------------------------------------------------------------
    256          
    257          const videoMode_t *SiiVideoTableMatchFind(uint16_t resH, uint16_t bkH, uint16_t resV, uint16_t bkV, bool_t interlaced)
    258          {
    259              uint_t i;
    260              const videoMode_t *pVideoMode = 0;
    261          
    262              for (i = 0; i < NMB_OF_VIDEO_MODES; i++)
    263              {
    264                  if ( (VideoModeTable[i].Active.H == resH) &&
    265                       (VideoModeTable[i].Blank.H == bkH) &&
    266                       (VideoModeTable[i].Active.V == resV) &&
    267                       (VideoModeTable[i].Blank.V == bkV) &&
    268                       (VideoModeTable[i].Interlaced == interlaced))
    269                  {
    270                      pVideoMode = &VideoModeTable[i];
    271                      break;
    272                  }
    273              }
    274              return pVideoMode;
    275          }
    276          

   Maximum stack usage in bytes:

   .cstack Function
   ------- --------
       20  SiiVideoTableMatchFind
        0  SiiVideoTableRepetitionGet


   Section sizes:

   Bytes  Function/Label
   -----  --------------
      76  SiiVideoTableMatchFind
      74  SiiVideoTableRepetitionGet
    3348  VideoModeTable
      68  ceaVicToVideoTableIndex
       8  hdmiVicToVideoTableIndex

 
    76 bytes in section .rodata
 3 498 bytes in section .text
 
 3 498 bytes of CODE  memory
    76 bytes of CONST memory

Errors: none
Warnings: 1
