###############################################################################
#                                                                             #
# IAR ANSI C/C++ Compiler V6.30.1.53127/W32 for ARM     11/Nov/2014  19:26:09 #
# Copyright 1999-2011 IAR Systems AB.                                         #
#                                                                             #
#    Cpu mode     =  thumb                                                    #
#    Endian       =  little                                                   #
#    Source file  =  C:\Users\tony.tsou\Desktop\AmTRAN\Projects\15_K2\DevCode #
#                    \2\Libraries\STM32F4xx_StdPeriph_Driver\src\stm32f4xx_sy #
#                    scfg.c                                                   #
#    Command line =  C:\Users\tony.tsou\Desktop\AmTRAN\Projects\15_K2\DevCode #
#                    \2\Libraries\STM32F4xx_StdPeriph_Driver\src\stm32f4xx_sy #
#                    scfg.c -D S4051A -D DEBUG -D FREE_RTOS -D                #
#                    STM32F40_41xxx -D USE_STM324xG_EVAL -D                   #
#                    USE_STDPERIPH_DRIVER -D __ARM_CORTEX_MX__ -D             #
#                    IAR_ARM_CM4F -D USE_USB_OTG_FS -lcN                      #
#                    C:\Users\tony.tsou\Desktop\AmTRAN\Projects\15_K2\DevCode #
#                    \2\Projects\S4051A\EWARM\..\Output\S4051A\Application\Li #
#                    st\ -o C:\Users\tony.tsou\Desktop\AmTRAN\Projects\15_K2\ #
#                    DevCode\2\Projects\S4051A\EWARM\..\Output\S4051A\Applica #
#                    tion\Obj\ --debug --endian=little --cpu=Cortex-M4 -e     #
#                    --fpu=VFPv4_sp --dlib_config "C:\Program Files           #
#                    (x86)\IAR Systems\Embedded Workbench                     #
#                    6.0\arm\INC\c\DLib_Config_Normal.h" -I                   #
#                    C:\Users\tony.tsou\Desktop\AmTRAN\Projects\15_K2\DevCode #
#                    \2\Projects\S4051A\EWARM\inc\ -I                         #
#                    C:\Users\tony.tsou\Desktop\AmTRAN\Projects\15_K2\DevCode #
#                    \2\Projects\S4051A\EWARM\..\App_SRC\ -I                  #
#                    C:\Users\tony.tsou\Desktop\AmTRAN\Projects\15_K2\DevCode #
#                    \2\Projects\S4051A\EWARM\..\App_SRC\Include\ -I          #
#                    C:\Users\tony.tsou\Desktop\AmTRAN\Projects\15_K2\DevCode #
#                    \2\Projects\S4051A\EWARM\..\App_SRC\SERVICES\ -I         #
#                    C:\Users\tony.tsou\Desktop\AmTRAN\Projects\15_K2\DevCode #
#                    \2\Projects\S4051A\EWARM\..\App_SRC\SERVICES\USB_HD\inc\ #
#                     -I C:\Users\tony.tsou\Desktop\AmTRAN\Projects\15_K2\Dev #
#                    Code\2\Projects\S4051A\EWARM\..\App_SRC\SERVICES\USB_HD\ #
#                    src\ -I C:\Users\tony.tsou\Desktop\AmTRAN\Projects\15_K2 #
#                    \DevCode\2\Projects\S4051A\EWARM\..\App_SRC\SERVICES\wav #
#                    ePlayer\ -I C:\Users\tony.tsou\Desktop\AmTRAN\Projects\1 #
#                    5_K2\DevCode\2\Projects\S4051A\EWARM\..\App_SRC\Managers #
#                    \ -I C:\Users\tony.tsou\Desktop\AmTRAN\Projects\15_K2\De #
#                    vCode\2\Projects\S4051A\EWARM\..\App_SRC\Dispatchers\    #
#                    -I C:\Users\tony.tsou\Desktop\AmTRAN\Projects\15_K2\DevC #
#                    ode\2\Projects\S4051A\EWARM\..\..\..\Libraries\CMSIS\Inc #
#                    lude\ -I C:\Users\tony.tsou\Desktop\AmTRAN\Projects\15_K #
#                    2\DevCode\2\Projects\S4051A\EWARM\..\..\..\Libraries\CMS #
#                    IS\Device\ST\STM32F4xx\Include\ -I                       #
#                    C:\Users\tony.tsou\Desktop\AmTRAN\Projects\15_K2\DevCode #
#                    \2\Projects\S4051A\EWARM\..\..\..\Libraries\STM32F4xx_St #
#                    dPeriph_Driver\inc\ -I C:\Users\tony.tsou\Desktop\AmTRAN #
#                    \Projects\15_K2\DevCode\2\Projects\S4051A\EWARM\..\..\.. #
#                    \Libraries\FreeRTOS\Source\portable\IAR\ARM_CM4F\ -I     #
#                    C:\Users\tony.tsou\Desktop\AmTRAN\Projects\15_K2\DevCode #
#                    \2\Projects\S4051A\EWARM\..\..\..\Libraries\FreeRTOS\Sou #
#                    rce\include\ -I C:\Users\tony.tsou\Desktop\AmTRAN\Projec #
#                    ts\15_K2\DevCode\2\Projects\S4051A\EWARM\..\..\..\Librar #
#                    ies\FreeRTOS\Source\ -I C:\Users\tony.tsou\Desktop\AmTRA #
#                    N\Projects\15_K2\DevCode\2\Projects\S4051A\EWARM\..\..\. #
#                    .\Libraries\STM32_USB_OTG_Driver\inc\ -I                 #
#                    C:\Users\tony.tsou\Desktop\AmTRAN\Projects\15_K2\DevCode #
#                    \2\Projects\S4051A\EWARM\..\..\..\Libraries\STM32_USB_De #
#                    vice_Library\Core\inc\ -I C:\Users\tony.tsou\Desktop\AmT #
#                    RAN\Projects\15_K2\DevCode\2\Projects\S4051A\EWARM\..\.. #
#                    \..\Libraries\STM32_USB_Device_Library\Class\cdc\inc\    #
#                    -I C:\Users\tony.tsou\Desktop\AmTRAN\Projects\15_K2\DevC #
#                    ode\2\Projects\S4051A\EWARM\..\..\..\Libraries\STM32_USB #
#                    _HOST_Library\Core\inc\ -I C:\Users\tony.tsou\Desktop\Am #
#                    TRAN\Projects\15_K2\DevCode\2\Projects\S4051A\EWARM\..\. #
#                    .\..\Libraries\STM32_USB_HOST_Library\Class\MSC\inc\ -I  #
#                    C:\Users\tony.tsou\Desktop\AmTRAN\Projects\15_K2\DevCode #
#                    \2\Projects\S4051A\EWARM\..\..\..\Utilities\Third_Party\ #
#                    efsl\inc\ -I C:\Users\tony.tsou\Desktop\AmTRAN\Projects\ #
#                    15_K2\DevCode\2\Projects\S4051A\EWARM\..\..\..\Utilities #
#                    \Third_Party\fat_fs\inc\ -I                              #
#                    C:\Users\tony.tsou\Desktop\AmTRAN\Projects\15_K2\DevCode #
#                    \2\Projects\S4051A\EWARM\..\..\..\Utilities\mainstream_v #
#                    1\stm32f411\ -I C:\Users\tony.tsou\Desktop\AmTRAN\Projec #
#                    ts\15_K2\DevCode\2\Projects\S4051A\EWARM\..\..\..\Utilit #
#                    ies\mainstream_v1\stm32f411\it\ -I                       #
#                    C:\Users\tony.tsou\Desktop\AmTRAN\Projects\15_K2\DevCode #
#                    \2\Projects\S4051A\EWARM\..\..\..\Libraries\AMT_Drivers\ #
#                    EXT_FLASH\ -I C:\Users\tony.tsou\Desktop\AmTRAN\Projects #
#                    \15_K2\DevCode\2\Projects\S4051A\EWARM\..\..\..\Librarie #
#                    s\AMT_Drivers\TAS5727\ -I C:\Users\tony.tsou\Desktop\AmT #
#                    RAN\Projects\15_K2\DevCode\2\Projects\S4051A\EWARM\..\.. #
#                    \..\Libraries\AMT_Drivers\TAS5711\ -I                    #
#                    C:\Users\tony.tsou\Desktop\AmTRAN\Projects\15_K2\DevCode #
#                    \2\Projects\S4051A\EWARM\..\..\..\Libraries\AMT_Drivers\ #
#                    TAS5707\ -I C:\Users\tony.tsou\Desktop\AmTRAN\Projects\1 #
#                    5_K2\DevCode\2\Projects\S4051A\EWARM\..\..\..\Libraries\ #
#                    AMT_Drivers\TAS5713\ -I C:\Users\tony.tsou\Desktop\AmTRA #
#                    N\Projects\15_K2\DevCode\2\Projects\S4051A\EWARM\..\..\. #
#                    .\Libraries\AMT_Drivers\CS49844\ -I                      #
#                    C:\Users\tony.tsou\Desktop\AmTRAN\Projects\15_K2\DevCode #
#                    \2\Projects\S4051A\EWARM\..\..\..\Libraries\AMT_Drivers\ #
#                    CS8422\ -I C:\Users\tony.tsou\Desktop\AmTRAN\Projects\15 #
#                    _K2\DevCode\2\Projects\S4051A\EWARM\..\..\..\Libraries\A #
#                    MT_Drivers\CS5346\ -I C:\Users\tony.tsou\Desktop\AmTRAN\ #
#                    Projects\15_K2\DevCode\2\Projects\S4051A\EWARM\..\..\..\ #
#                    Libraries\AMT_Drivers\OTI3368\ -I                        #
#                    C:\Users\tony.tsou\Desktop\AmTRAN\Projects\15_K2\DevCode #
#                    \2\Projects\S4051A\EWARM\..\..\..\Libraries\AMT_Drivers\ #
#                    HT68F30\ -I C:\Users\tony.tsou\Desktop\AmTRAN\Projects\1 #
#                    5_K2\DevCode\2\Projects\S4051A\EWARM\..\..\..\Libraries\ #
#                    AMT_Drivers\BTM640\ -I C:\Users\tony.tsou\Desktop\AmTRAN #
#                    \Projects\15_K2\DevCode\2\Projects\S4051A\EWARM\..\..\.. #
#                    \Libraries\AMT_Drivers\sii953x\application\ -I           #
#                    C:\Users\tony.tsou\Desktop\AmTRAN\Projects\15_K2\DevCode #
#                    \2\Projects\S4051A\EWARM\..\..\..\Libraries\AMT_Drivers\ #
#                    sii953x\application\app_ipv\ -I                          #
#                    C:\Users\tony.tsou\Desktop\AmTRAN\Projects\15_K2\DevCode #
#                    \2\Projects\S4051A\EWARM\..\..\..\Libraries\AMT_Drivers\ #
#                    sii953x\application\app_cbus\ -I                         #
#                    C:\Users\tony.tsou\Desktop\AmTRAN\Projects\15_K2\DevCode #
#                    \2\Projects\S4051A\EWARM\..\..\..\Libraries\AMT_Drivers\ #
#                    sii953x\application\app_cdc\ -I                          #
#                    C:\Users\tony.tsou\Desktop\AmTRAN\Projects\15_K2\DevCode #
#                    \2\Projects\S4051A\EWARM\..\..\..\Libraries\AMT_Drivers\ #
#                    sii953x\application\app_cec\ -I                          #
#                    C:\Users\tony.tsou\Desktop\AmTRAN\Projects\15_K2\DevCode #
#                    \2\Projects\S4051A\EWARM\..\..\..\Libraries\AMT_Drivers\ #
#                    sii953x\application\app_arc\ -I                          #
#                    C:\Users\tony.tsou\Desktop\AmTRAN\Projects\15_K2\DevCode #
#                    \2\Projects\S4051A\EWARM\..\..\..\Libraries\AMT_Drivers\ #
#                    sii953x\application\app_diag\ -I                         #
#                    C:\Users\tony.tsou\Desktop\AmTRAN\Projects\15_K2\DevCode #
#                    \2\Projects\S4051A\EWARM\..\..\..\Libraries\AMT_Drivers\ #
#                    sii953x\application\app_msw\ -I                          #
#                    C:\Users\tony.tsou\Desktop\AmTRAN\Projects\15_K2\DevCode #
#                    \2\Projects\S4051A\EWARM\..\..\..\Libraries\AMT_Drivers\ #
#                    sii953x\application\app_osd\ -I                          #
#                    C:\Users\tony.tsou\Desktop\AmTRAN\Projects\15_K2\DevCode #
#                    \2\Projects\S4051A\EWARM\..\..\..\Libraries\AMT_Drivers\ #
#                    sii953x\component\ -I C:\Users\tony.tsou\Desktop\AmTRAN\ #
#                    Projects\15_K2\DevCode\2\Projects\S4051A\EWARM\..\..\..\ #
#                    Libraries\AMT_Drivers\sii953x\component\tx\ -I           #
#                    C:\Users\tony.tsou\Desktop\AmTRAN\Projects\15_K2\DevCode #
#                    \2\Projects\S4051A\EWARM\..\..\..\Libraries\AMT_Drivers\ #
#                    sii953x\component\repeater_avr\ -I                       #
#                    C:\Users\tony.tsou\Desktop\AmTRAN\Projects\15_K2\DevCode #
#                    \2\Projects\S4051A\EWARM\..\..\..\Libraries\AMT_Drivers\ #
#                    sii953x\component\video_tables\ -I                       #
#                    C:\Users\tony.tsou\Desktop\AmTRAN\Projects\15_K2\DevCode #
#                    \2\Projects\S4051A\EWARM\..\..\..\Libraries\AMT_Drivers\ #
#                    sii953x\component\audio_rx\ -I                           #
#                    C:\Users\tony.tsou\Desktop\AmTRAN\Projects\15_K2\DevCode #
#                    \2\Projects\S4051A\EWARM\..\..\..\Libraries\AMT_Drivers\ #
#                    sii953x\component\edid_tx\ -I                            #
#                    C:\Users\tony.tsou\Desktop\AmTRAN\Projects\15_K2\DevCode #
#                    \2\Projects\S4051A\EWARM\..\..\..\Libraries\AMT_Drivers\ #
#                    sii953x\component\debugger_hdmigear\ -I                  #
#                    C:\Users\tony.tsou\Desktop\AmTRAN\Projects\15_K2\DevCode #
#                    \2\Projects\S4051A\EWARM\..\..\..\Libraries\AMT_Drivers\ #
#                    sii953x\component\cbus\ -I C:\Users\tony.tsou\Desktop\Am #
#                    TRAN\Projects\15_K2\DevCode\2\Projects\S4051A\EWARM\..\. #
#                    .\..\Libraries\AMT_Drivers\sii953x\component\rtpi\ -I    #
#                    C:\Users\tony.tsou\Desktop\AmTRAN\Projects\15_K2\DevCode #
#                    \2\Projects\S4051A\EWARM\..\..\..\Libraries\AMT_Drivers\ #
#                    sii953x\component\cdc\ -I C:\Users\tony.tsou\Desktop\AmT #
#                    RAN\Projects\15_K2\DevCode\2\Projects\S4051A\EWARM\..\.. #
#                    \..\Libraries\AMT_Drivers\sii953x\component\cec_manager\ #
#                     -I C:\Users\tony.tsou\Desktop\AmTRAN\Projects\15_K2\Dev #
#                    Code\2\Projects\S4051A\EWARM\..\..\..\Libraries\AMT_Driv #
#                    ers\sii953x\component\thx\ -I                            #
#                    C:\Users\tony.tsou\Desktop\AmTRAN\Projects\15_K2\DevCode #
#                    \2\Projects\S4051A\EWARM\..\..\..\Libraries\AMT_Drivers\ #
#                    sii953x\component\ipv\ -I C:\Users\tony.tsou\Desktop\AmT #
#                    RAN\Projects\15_K2\DevCode\2\Projects\S4051A\EWARM\..\.. #
#                    \..\Libraries\AMT_Drivers\sii953x\component\osd\ -I      #
#                    C:\Users\tony.tsou\Desktop\AmTRAN\Projects\15_K2\DevCode #
#                    \2\Projects\S4051A\EWARM\..\..\..\Libraries\AMT_Drivers\ #
#                    sii953x\component\cec_switch\ -I                         #
#                    C:\Users\tony.tsou\Desktop\AmTRAN\Projects\15_K2\DevCode #
#                    \2\Projects\S4051A\EWARM\..\..\..\Libraries\AMT_Drivers\ #
#                    sii953x\component\cec_system_audio_control\ -I           #
#                    C:\Users\tony.tsou\Desktop\AmTRAN\Projects\15_K2\DevCode #
#                    \2\Projects\S4051A\EWARM\..\..\..\Libraries\AMT_Drivers\ #
#                    sii953x\driver\ -I C:\Users\tony.tsou\Desktop\AmTRAN\Pro #
#                    jects\15_K2\DevCode\2\Projects\S4051A\EWARM\..\..\..\Lib #
#                    raries\AMT_Drivers\sii953x\driver\audio_mix_drv\ -I      #
#                    C:\Users\tony.tsou\Desktop\AmTRAN\Projects\15_K2\DevCode #
#                    \2\Projects\S4051A\EWARM\..\..\..\Libraries\AMT_Drivers\ #
#                    sii953x\driver\sii953x_drv\ -I                           #
#                    C:\Users\tony.tsou\Desktop\AmTRAN\Projects\15_K2\DevCode #
#                    \2\Projects\S4051A\EWARM\..\..\..\Libraries\AMT_Drivers\ #
#                    sii953x\driver\cra_drv\ -I C:\Users\tony.tsou\Desktop\Am #
#                    TRAN\Projects\15_K2\DevCode\2\Projects\S4051A\EWARM\..\. #
#                    .\..\Libraries\AMT_Drivers\sii953x\driver\matrix_sw_drv\ #
#                     -I C:\Users\tony.tsou\Desktop\AmTRAN\Projects\15_K2\Dev #
#                    Code\2\Projects\S4051A\EWARM\..\..\..\Libraries\AMT_Driv #
#                    ers\sii953x\driver\nvram_sram_drv\ -I                    #
#                    C:\Users\tony.tsou\Desktop\AmTRAN\Projects\15_K2\DevCode #
#                    \2\Projects\S4051A\EWARM\..\..\..\Libraries\AMT_Drivers\ #
#                    sii953x\driver\tpi_drv\ -I C:\Users\tony.tsou\Desktop\Am #
#                    TRAN\Projects\15_K2\DevCode\2\Projects\S4051A\EWARM\..\. #
#                    .\..\Libraries\AMT_Drivers\sii953x\driver\audio_rx_drv\  #
#                    -I C:\Users\tony.tsou\Desktop\AmTRAN\Projects\15_K2\DevC #
#                    ode\2\Projects\S4051A\EWARM\..\..\..\Libraries\AMT_Drive #
#                    rs\sii953x\driver\repeater_avr_drv\ -I                   #
#                    C:\Users\tony.tsou\Desktop\AmTRAN\Projects\15_K2\DevCode #
#                    \2\Projects\S4051A\EWARM\..\..\..\Libraries\AMT_Drivers\ #
#                    sii953x\driver\gpio_drv\ -I                              #
#                    C:\Users\tony.tsou\Desktop\AmTRAN\Projects\15_K2\DevCode #
#                    \2\Projects\S4051A\EWARM\..\..\..\Libraries\AMT_Drivers\ #
#                    sii953x\driver\tpg_drv\ -I C:\Users\tony.tsou\Desktop\Am #
#                    TRAN\Projects\15_K2\DevCode\2\Projects\S4051A\EWARM\..\. #
#                    .\..\Libraries\AMT_Drivers\sii953x\driver\cbus_drv\ -I   #
#                    C:\Users\tony.tsou\Desktop\AmTRAN\Projects\15_K2\DevCode #
#                    \2\Projects\S4051A\EWARM\..\..\..\Libraries\AMT_Drivers\ #
#                    sii953x\driver\cpi_drv\ -I C:\Users\tony.tsou\Desktop\Am #
#                    TRAN\Projects\15_K2\DevCode\2\Projects\S4051A\EWARM\..\. #
#                    .\..\Libraries\AMT_Drivers\sii953x\driver\arc_drv\ -I    #
#                    C:\Users\tony.tsou\Desktop\AmTRAN\Projects\15_K2\DevCode #
#                    \2\Projects\S4051A\EWARM\..\..\..\Libraries\AMT_Drivers\ #
#                    sii953x\driver\osd_drv\ -I C:\Users\tony.tsou\Desktop\Am #
#                    TRAN\Projects\15_K2\DevCode\2\Projects\S4051A\EWARM\..\. #
#                    .\..\Libraries\AMT_Drivers\sii953x\driver\ipv_drv\ -I    #
#                    C:\Users\tony.tsou\Desktop\AmTRAN\Projects\15_K2\DevCode #
#                    \2\Projects\S4051A\EWARM\..\..\..\Libraries\AMT_Drivers\ #
#                    sii953x\platform\hal\ir_remote\ -I                       #
#                    C:\Users\tony.tsou\Desktop\AmTRAN\Projects\15_K2\DevCode #
#                    \2\Projects\S4051A\EWARM\..\..\..\Libraries\AMT_Drivers\ #
#                    sii953x\platform\hal\eeprom\ -I                          #
#                    C:\Users\tony.tsou\Desktop\AmTRAN\Projects\15_K2\DevCode #
#                    \2\Projects\S4051A\EWARM\..\..\..\Libraries\AMT_Drivers\ #
#                    sii953x\platform\hal\timer\ -I                           #
#                    C:\Users\tony.tsou\Desktop\AmTRAN\Projects\15_K2\DevCode #
#                    \2\Projects\S4051A\EWARM\..\..\..\Libraries\AMT_Drivers\ #
#                    sii953x\platform\hal\i2c\ -I                             #
#                    C:\Users\tony.tsou\Desktop\AmTRAN\Projects\15_K2\DevCode #
#                    \2\Projects\S4051A\EWARM\..\..\..\Libraries\AMT_Drivers\ #
#                    sii953x\platform\osal\timer\ -I                          #
#                    C:\Users\tony.tsou\Desktop\AmTRAN\Projects\15_K2\DevCode #
#                    \2\Projects\S4051A\EWARM\..\..\..\Libraries\AMT_Drivers\ #
#                    sii953x\platform\board\ -Ohz -I "C:\Program Files        #
#                    (x86)\IAR Systems\Embedded Workbench                     #
#                    6.0\arm\CMSIS\Include\"                                  #
#    List file    =  C:\Users\tony.tsou\Desktop\AmTRAN\Projects\15_K2\DevCode #
#                    \2\Projects\S4051A\EWARM\..\Output\S4051A\Application\Li #
#                    st\stm32f4xx_syscfg.lst                                  #
#    Object file  =  C:\Users\tony.tsou\Desktop\AmTRAN\Projects\15_K2\DevCode #
#                    \2\Projects\S4051A\EWARM\..\Output\S4051A\Application\Ob #
#                    j\stm32f4xx_syscfg.o                                     #
#                                                                             #
#                                                                             #
###############################################################################

C:\Users\tony.tsou\Desktop\AmTRAN\Projects\15_K2\DevCode\2\Libraries\STM32F4xx_StdPeriph_Driver\src\stm32f4xx_syscfg.c
      1          /**
      2            ******************************************************************************
      3            * @file    stm32f4xx_syscfg.c
      4            * @author  MCD Application Team
      5            * @version V1.3.0
      6            * @date    08-November-2013
      7            * @brief   This file provides firmware functions to manage the SYSCFG peripheral.
      8            *
      9           @verbatim
     10              
     11           ===============================================================================
     12                               ##### How to use this driver #####
     13           ===============================================================================
     14              [..] This driver provides functions for:
     15                      
     16                 (#) Remapping the memory accessible in the code area using SYSCFG_MemoryRemapConfig()
     17                      
     18                 (#) Swapping the internal flash Bank1 and Bank2 this features is only visible for 
     19                     STM32F42xxx/43xxx devices Devices. 
     20                          
     21                 (#) Manage the EXTI lines connection to the GPIOs using SYSCFG_EXTILineConfig()
     22                        
     23                 (#) Select the ETHERNET media interface (RMII/RII) using SYSCFG_ETH_MediaInterfaceConfig()
     24            
     25                 -@- SYSCFG APB clock must be enabled to get write access to SYSCFG registers,
     26                     using RCC_APB2PeriphClockCmd(RCC_APB2Periph_SYSCFG, ENABLE);
     27                             
     28           @endverbatim      
     29            ******************************************************************************
     30            * @attention
     31            *
     32            * <h2><center>&copy; COPYRIGHT 2013 STMicroelectronics</center></h2>
     33            *
     34            * Licensed under MCD-ST Liberty SW License Agreement V2, (the "License");
     35            * You may not use this file except in compliance with the License.
     36            * You may obtain a copy of the License at:
     37            *
     38            *        http://www.st.com/software_license_agreement_liberty_v2
     39            *
     40            * Unless required by applicable law or agreed to in writing, software 
     41            * distributed under the License is distributed on an "AS IS" BASIS, 
     42            * WITHOUT WARRANTIES OR CONDITIONS OF ANY KIND, either express or implied.
     43            * See the License for the specific language governing permissions and
     44            * limitations under the License.
     45            *
     46            ******************************************************************************
     47            */
     48          
     49          /* Includes ------------------------------------------------------------------*/
     50          #include "stm32f4xx_syscfg.h"
     51          #include "stm32f4xx_rcc.h"
     52          
     53          /** @addtogroup STM32F4xx_StdPeriph_Driver
     54            * @{
     55            */
     56          
     57          /** @defgroup SYSCFG 
     58            * @brief SYSCFG driver modules
     59            * @{
     60            */ 
     61          
     62          /* Private typedef -----------------------------------------------------------*/
     63          /* Private define ------------------------------------------------------------*/
     64          /* ------------ RCC registers bit address in the alias region ----------- */
     65          #define SYSCFG_OFFSET             (SYSCFG_BASE - PERIPH_BASE)
     66          /* ---  MEMRMP Register ---*/ 
     67          /* Alias word address of UFB_MODE bit */ 
     68          #define MEMRMP_OFFSET             SYSCFG_OFFSET 
     69          #define UFB_MODE_BitNumber        ((uint8_t)0x8) 
     70          #define UFB_MODE_BB               (PERIPH_BB_BASE + (MEMRMP_OFFSET * 32) + (UFB_MODE_BitNumber * 4)) 
     71          
     72          
     73          /* ---  PMC Register ---*/ 
     74          /* Alias word address of MII_RMII_SEL bit */ 
     75          #define PMC_OFFSET                (SYSCFG_OFFSET + 0x04) 
     76          #define MII_RMII_SEL_BitNumber    ((uint8_t)0x17) 
     77          #define PMC_MII_RMII_SEL_BB       (PERIPH_BB_BASE + (PMC_OFFSET * 32) + (MII_RMII_SEL_BitNumber * 4)) 
     78          
     79          /* ---  CMPCR Register ---*/ 
     80          /* Alias word address of CMP_PD bit */ 
     81          #define CMPCR_OFFSET              (SYSCFG_OFFSET + 0x20) 
     82          #define CMP_PD_BitNumber          ((uint8_t)0x00) 
     83          #define CMPCR_CMP_PD_BB           (PERIPH_BB_BASE + (CMPCR_OFFSET * 32) + (CMP_PD_BitNumber * 4)) 
     84          
     85          /* Private macro -------------------------------------------------------------*/
     86          /* Private variables ---------------------------------------------------------*/
     87          /* Private function prototypes -----------------------------------------------*/
     88          /* Private functions ---------------------------------------------------------*/
     89          
     90          /** @defgroup SYSCFG_Private_Functions
     91            * @{
     92            */ 
     93          
     94          /**
     95            * @brief  Deinitializes the Alternate Functions (remap and EXTI configuration)
     96            *   registers to their default reset values.
     97            * @param  None
     98            * @retval None
     99            */
    100          void SYSCFG_DeInit(void)
    101          {
    102             RCC_APB2PeriphResetCmd(RCC_APB2Periph_SYSCFG, ENABLE);
    103             RCC_APB2PeriphResetCmd(RCC_APB2Periph_SYSCFG, DISABLE);
    104          }
    105          
    106          /**
    107            * @brief  Changes the mapping of the specified pin.
    108            * @param  SYSCFG_Memory: selects the memory remapping.
    109            *         This parameter can be one of the following values:
    110            *            @arg SYSCFG_MemoryRemap_Flash:       Main Flash memory mapped at 0x00000000  
    111            *            @arg SYSCFG_MemoryRemap_SystemFlash: System Flash memory mapped at 0x00000000
    112            *            @arg SYSCFG_MemoryRemap_FSMC:        FSMC (Bank1 (NOR/PSRAM 1 and 2) mapped at 0x00000000 for STM32F405xx/407xx and STM32F415xx/417xx devices. 
    113            *            @arg SYSCFG_MemoryRemap_FMC:         FMC (Bank1 (NOR/PSRAM 1 and 2) mapped at 0x00000000 for STM32F42xxx/43xxx devices.  
    114            *            @arg SYSCFG_MemoryRemap_SRAM:        Embedded SRAM (112kB) mapped at 0x00000000
    115            *            @arg SYSCFG_MemoryRemap_SDRAM:       FMC (External SDRAM)  mapped at 0x00000000 for STM32F42xxx/43xxx devices.            
    116            * @retval None
    117            */
    118          void SYSCFG_MemoryRemapConfig(uint8_t SYSCFG_MemoryRemap)
    119          {
    120            /* Check the parameters */
    121            assert_param(IS_SYSCFG_MEMORY_REMAP_CONFING(SYSCFG_MemoryRemap));
    122          
    123            SYSCFG->MEMRMP = SYSCFG_MemoryRemap;
    124          }
    125          
    126          /**
    127            * @brief  Enables or disables the Interal FLASH Bank Swapping.
    128            *   
    129            * @note   This function can be used only for STM32F42xxx/43xxx devices. 
    130            *
    131            * @param  NewState: new state of Interal FLASH Bank swapping.
    132            *          This parameter can be one of the following values:
    133            *            @arg ENABLE: Flash Bank2 mapped at 0x08000000 (and aliased @0x00000000) 
    134            *                         and Flash Bank1 mapped at 0x08100000 (and aliased at 0x00100000)   
    135            *            @arg DISABLE:(the default state) Flash Bank1 mapped at 0x08000000 (and aliased @0x0000 0000) 
    136                                      and Flash Bank2 mapped at 0x08100000 (and aliased at 0x00100000)  
    137            * @retval None
    138            */
    139          void SYSCFG_MemorySwappingBank(FunctionalState NewState)
    140          {
    141            /* Check the parameters */
    142            assert_param(IS_FUNCTIONAL_STATE(NewState));
    143          
    144            *(__IO uint32_t *) UFB_MODE_BB = (uint32_t)NewState;
    145          }
    146          
    147          /**
    148            * @brief  Selects the GPIO pin used as EXTI Line.
    149            * @param  EXTI_PortSourceGPIOx : selects the GPIO port to be used as source for
    150            *          EXTI lines where x can be (A..K) for STM32F42xxx/43xxx devices, (A..I) 
    151            *          for STM32F405xx/407xx and STM32F415xx/417xx devices or (A, B, C, D and H)
    152            *          for STM32401xx devices.  
    153            *            
    154            * @param  EXTI_PinSourcex: specifies the EXTI line to be configured.
    155            *           This parameter can be EXTI_PinSourcex where x can be (0..15, except
    156            *           for EXTI_PortSourceGPIOI x can be (0..11) for STM32F405xx/407xx
    157            *           and STM32F405xx/407xx devices and for EXTI_PortSourceGPIOK x can   
    158            *           be (0..7) for STM32F42xxx/43xxx devices. 
    159            *             
    160            * @retval None
    161            */
    162          void SYSCFG_EXTILineConfig(uint8_t EXTI_PortSourceGPIOx, uint8_t EXTI_PinSourcex)
    163          {
    164            uint32_t tmp = 0x00;
    165          
    166            /* Check the parameters */
    167            assert_param(IS_EXTI_PORT_SOURCE(EXTI_PortSourceGPIOx));
    168            assert_param(IS_EXTI_PIN_SOURCE(EXTI_PinSourcex));
    169          
    170            tmp = ((uint32_t)0x0F) << (0x04 * (EXTI_PinSourcex & (uint8_t)0x03));
    171            SYSCFG->EXTICR[EXTI_PinSourcex >> 0x02] &= ~tmp;
    172            SYSCFG->EXTICR[EXTI_PinSourcex >> 0x02] |= (((uint32_t)EXTI_PortSourceGPIOx) << (0x04 * (EXTI_PinSourcex & (uint8_t)0x03)));
    173          }
    174          
    175          /**
    176            * @brief  Selects the ETHERNET media interface 
    177            * @param  SYSCFG_ETH_MediaInterface: specifies the Media Interface mode. 
    178            *          This parameter can be one of the following values: 
    179            *            @arg SYSCFG_ETH_MediaInterface_MII: MII mode selected
    180            *            @arg SYSCFG_ETH_MediaInterface_RMII: RMII mode selected 
    181            * @retval None 
    182            */
    183          void SYSCFG_ETH_MediaInterfaceConfig(uint32_t SYSCFG_ETH_MediaInterface) 
    184          { 
    185            assert_param(IS_SYSCFG_ETH_MEDIA_INTERFACE(SYSCFG_ETH_MediaInterface)); 
    186            /* Configure MII_RMII selection bit */ 
    187            *(__IO uint32_t *) PMC_MII_RMII_SEL_BB = SYSCFG_ETH_MediaInterface; 
    188          }
    189          
    190          /**
    191            * @brief  Enables or disables the I/O Compensation Cell.
    192            * @note   The I/O compensation cell can be used only when the device supply
    193            *         voltage ranges from 2.4 to 3.6 V.  
    194            * @param  NewState: new state of the I/O Compensation Cell.
    195            *          This parameter can be one of the following values:
    196            *            @arg ENABLE: I/O compensation cell enabled  
    197            *            @arg DISABLE: I/O compensation cell power-down mode  
    198            * @retval None
    199            */
    200          void SYSCFG_CompensationCellCmd(FunctionalState NewState)
    201          {
    202            /* Check the parameters */
    203            assert_param(IS_FUNCTIONAL_STATE(NewState));
    204          
    205            *(__IO uint32_t *) CMPCR_CMP_PD_BB = (uint32_t)NewState;
    206          }
    207          
    208          /**
    209            * @brief  Checks whether the I/O Compensation Cell ready flag is set or not.
    210            * @param  None
    211            * @retval The new state of the I/O Compensation Cell ready flag (SET or RESET)
    212            */
    213          FlagStatus SYSCFG_GetCompensationCellStatus(void)
    214          {
    215            FlagStatus bitstatus = RESET;
    216              
    217            if ((SYSCFG->CMPCR & SYSCFG_CMPCR_READY ) != (uint32_t)RESET)
    218            {
    219              bitstatus = SET;
    220            }
    221            else
    222            {
    223              bitstatus = RESET;
    224            }
    225            return bitstatus;
    226          }
    227          
    228          /**
    229            * @}
    230            */
    231          
    232          /**
    233            * @}
    234            */
    235          
    236          /**
    237            * @}
    238            */
    239          
    240          /************************ (C) COPYRIGHT STMicroelectronics *****END OF FILE****/   

   Maximum stack usage in bytes:

   .cstack Function
   ------- --------
        0  SYSCFG_CompensationCellCmd
        8  SYSCFG_DeInit
             0 -> RCC_APB2PeriphResetCmd
             8 -> RCC_APB2PeriphResetCmd
        0  SYSCFG_ETH_MediaInterfaceConfig
       12  SYSCFG_EXTILineConfig
        0  SYSCFG_GetCompensationCellStatus
        0  SYSCFG_MemoryRemapConfig
        0  SYSCFG_MemorySwappingBank


   Section sizes:

   Bytes  Function/Label
   -----  --------------
       4  ??DataTable5
       4  ??DataTable5_1
       4  ??DataTable5_2
       4  ??DataTable5_3
       4  ??DataTable5_4
       4  ??DataTable5_5
       6  SYSCFG_CompensationCellCmd
      26  SYSCFG_DeInit
       6  SYSCFG_ETH_MediaInterfaceConfig
      34  SYSCFG_EXTILineConfig
      14  SYSCFG_GetCompensationCellStatus
       6  SYSCFG_MemoryRemapConfig
       6  SYSCFG_MemorySwappingBank

 
 122 bytes in section .text
 
 122 bytes of CODE memory

Errors: none
Warnings: none
