###############################################################################
#                                                                             #
# IAR ANSI C/C++ Compiler V6.30.1.53127/W32 for ARM     11/Nov/2014  19:24:37 #
# Copyright 1999-2011 IAR Systems AB.                                         #
#                                                                             #
#    Cpu mode     =  thumb                                                    #
#    Endian       =  little                                                   #
#    Source file  =  C:\Users\tony.tsou\Desktop\AmTRAN\Projects\15_K2\DevCode #
#                    \2\Libraries\STM32_USB_HOST_Library\Class\MSC\src\usbh_m #
#                    sc_fs_interface.c                                        #
#    Command line =  C:\Users\tony.tsou\Desktop\AmTRAN\Projects\15_K2\DevCode #
#                    \2\Libraries\STM32_USB_HOST_Library\Class\MSC\src\usbh_m #
#                    sc_fs_interface.c -D S4051A -D DEBUG -D FREE_RTOS -D     #
#                    STM32F40_41xxx -D USE_STM324xG_EVAL -D                   #
#                    USE_STDPERIPH_DRIVER -D __ARM_CORTEX_MX__ -D             #
#                    IAR_ARM_CM4F -D USE_USB_OTG_FS -lcN                      #
#                    C:\Users\tony.tsou\Desktop\AmTRAN\Projects\15_K2\DevCode #
#                    \2\Projects\S4051A\EWARM\..\Output\S4051A\Application\Li #
#                    st\ -o C:\Users\tony.tsou\Desktop\AmTRAN\Projects\15_K2\ #
#                    DevCode\2\Projects\S4051A\EWARM\..\Output\S4051A\Applica #
#                    tion\Obj\ --debug --endian=little --cpu=Cortex-M4 -e     #
#                    --fpu=VFPv4_sp --dlib_config "C:\Program Files           #
#                    (x86)\IAR Systems\Embedded Workbench                     #
#                    6.0\arm\INC\c\DLib_Config_Normal.h" -I                   #
#                    C:\Users\tony.tsou\Desktop\AmTRAN\Projects\15_K2\DevCode #
#                    \2\Projects\S4051A\EWARM\inc\ -I                         #
#                    C:\Users\tony.tsou\Desktop\AmTRAN\Projects\15_K2\DevCode #
#                    \2\Projects\S4051A\EWARM\..\App_SRC\ -I                  #
#                    C:\Users\tony.tsou\Desktop\AmTRAN\Projects\15_K2\DevCode #
#                    \2\Projects\S4051A\EWARM\..\App_SRC\Include\ -I          #
#                    C:\Users\tony.tsou\Desktop\AmTRAN\Projects\15_K2\DevCode #
#                    \2\Projects\S4051A\EWARM\..\App_SRC\SERVICES\ -I         #
#                    C:\Users\tony.tsou\Desktop\AmTRAN\Projects\15_K2\DevCode #
#                    \2\Projects\S4051A\EWARM\..\App_SRC\SERVICES\USB_HD\inc\ #
#                     -I C:\Users\tony.tsou\Desktop\AmTRAN\Projects\15_K2\Dev #
#                    Code\2\Projects\S4051A\EWARM\..\App_SRC\SERVICES\USB_HD\ #
#                    src\ -I C:\Users\tony.tsou\Desktop\AmTRAN\Projects\15_K2 #
#                    \DevCode\2\Projects\S4051A\EWARM\..\App_SRC\SERVICES\wav #
#                    ePlayer\ -I C:\Users\tony.tsou\Desktop\AmTRAN\Projects\1 #
#                    5_K2\DevCode\2\Projects\S4051A\EWARM\..\App_SRC\Managers #
#                    \ -I C:\Users\tony.tsou\Desktop\AmTRAN\Projects\15_K2\De #
#                    vCode\2\Projects\S4051A\EWARM\..\App_SRC\Dispatchers\    #
#                    -I C:\Users\tony.tsou\Desktop\AmTRAN\Projects\15_K2\DevC #
#                    ode\2\Projects\S4051A\EWARM\..\..\..\Libraries\CMSIS\Inc #
#                    lude\ -I C:\Users\tony.tsou\Desktop\AmTRAN\Projects\15_K #
#                    2\DevCode\2\Projects\S4051A\EWARM\..\..\..\Libraries\CMS #
#                    IS\Device\ST\STM32F4xx\Include\ -I                       #
#                    C:\Users\tony.tsou\Desktop\AmTRAN\Projects\15_K2\DevCode #
#                    \2\Projects\S4051A\EWARM\..\..\..\Libraries\STM32F4xx_St #
#                    dPeriph_Driver\inc\ -I C:\Users\tony.tsou\Desktop\AmTRAN #
#                    \Projects\15_K2\DevCode\2\Projects\S4051A\EWARM\..\..\.. #
#                    \Libraries\FreeRTOS\Source\portable\IAR\ARM_CM4F\ -I     #
#                    C:\Users\tony.tsou\Desktop\AmTRAN\Projects\15_K2\DevCode #
#                    \2\Projects\S4051A\EWARM\..\..\..\Libraries\FreeRTOS\Sou #
#                    rce\include\ -I C:\Users\tony.tsou\Desktop\AmTRAN\Projec #
#                    ts\15_K2\DevCode\2\Projects\S4051A\EWARM\..\..\..\Librar #
#                    ies\FreeRTOS\Source\ -I C:\Users\tony.tsou\Desktop\AmTRA #
#                    N\Projects\15_K2\DevCode\2\Projects\S4051A\EWARM\..\..\. #
#                    .\Libraries\STM32_USB_OTG_Driver\inc\ -I                 #
#                    C:\Users\tony.tsou\Desktop\AmTRAN\Projects\15_K2\DevCode #
#                    \2\Projects\S4051A\EWARM\..\..\..\Libraries\STM32_USB_De #
#                    vice_Library\Core\inc\ -I C:\Users\tony.tsou\Desktop\AmT #
#                    RAN\Projects\15_K2\DevCode\2\Projects\S4051A\EWARM\..\.. #
#                    \..\Libraries\STM32_USB_Device_Library\Class\cdc\inc\    #
#                    -I C:\Users\tony.tsou\Desktop\AmTRAN\Projects\15_K2\DevC #
#                    ode\2\Projects\S4051A\EWARM\..\..\..\Libraries\STM32_USB #
#                    _HOST_Library\Core\inc\ -I C:\Users\tony.tsou\Desktop\Am #
#                    TRAN\Projects\15_K2\DevCode\2\Projects\S4051A\EWARM\..\. #
#                    .\..\Libraries\STM32_USB_HOST_Library\Class\MSC\inc\ -I  #
#                    C:\Users\tony.tsou\Desktop\AmTRAN\Projects\15_K2\DevCode #
#                    \2\Projects\S4051A\EWARM\..\..\..\Utilities\Third_Party\ #
#                    efsl\inc\ -I C:\Users\tony.tsou\Desktop\AmTRAN\Projects\ #
#                    15_K2\DevCode\2\Projects\S4051A\EWARM\..\..\..\Utilities #
#                    \Third_Party\fat_fs\inc\ -I                              #
#                    C:\Users\tony.tsou\Desktop\AmTRAN\Projects\15_K2\DevCode #
#                    \2\Projects\S4051A\EWARM\..\..\..\Utilities\mainstream_v #
#                    1\stm32f411\ -I C:\Users\tony.tsou\Desktop\AmTRAN\Projec #
#                    ts\15_K2\DevCode\2\Projects\S4051A\EWARM\..\..\..\Utilit #
#                    ies\mainstream_v1\stm32f411\it\ -I                       #
#                    C:\Users\tony.tsou\Desktop\AmTRAN\Projects\15_K2\DevCode #
#                    \2\Projects\S4051A\EWARM\..\..\..\Libraries\AMT_Drivers\ #
#                    EXT_FLASH\ -I C:\Users\tony.tsou\Desktop\AmTRAN\Projects #
#                    \15_K2\DevCode\2\Projects\S4051A\EWARM\..\..\..\Librarie #
#                    s\AMT_Drivers\TAS5727\ -I C:\Users\tony.tsou\Desktop\AmT #
#                    RAN\Projects\15_K2\DevCode\2\Projects\S4051A\EWARM\..\.. #
#                    \..\Libraries\AMT_Drivers\TAS5711\ -I                    #
#                    C:\Users\tony.tsou\Desktop\AmTRAN\Projects\15_K2\DevCode #
#                    \2\Projects\S4051A\EWARM\..\..\..\Libraries\AMT_Drivers\ #
#                    TAS5707\ -I C:\Users\tony.tsou\Desktop\AmTRAN\Projects\1 #
#                    5_K2\DevCode\2\Projects\S4051A\EWARM\..\..\..\Libraries\ #
#                    AMT_Drivers\TAS5713\ -I C:\Users\tony.tsou\Desktop\AmTRA #
#                    N\Projects\15_K2\DevCode\2\Projects\S4051A\EWARM\..\..\. #
#                    .\Libraries\AMT_Drivers\CS49844\ -I                      #
#                    C:\Users\tony.tsou\Desktop\AmTRAN\Projects\15_K2\DevCode #
#                    \2\Projects\S4051A\EWARM\..\..\..\Libraries\AMT_Drivers\ #
#                    CS8422\ -I C:\Users\tony.tsou\Desktop\AmTRAN\Projects\15 #
#                    _K2\DevCode\2\Projects\S4051A\EWARM\..\..\..\Libraries\A #
#                    MT_Drivers\CS5346\ -I C:\Users\tony.tsou\Desktop\AmTRAN\ #
#                    Projects\15_K2\DevCode\2\Projects\S4051A\EWARM\..\..\..\ #
#                    Libraries\AMT_Drivers\OTI3368\ -I                        #
#                    C:\Users\tony.tsou\Desktop\AmTRAN\Projects\15_K2\DevCode #
#                    \2\Projects\S4051A\EWARM\..\..\..\Libraries\AMT_Drivers\ #
#                    HT68F30\ -I C:\Users\tony.tsou\Desktop\AmTRAN\Projects\1 #
#                    5_K2\DevCode\2\Projects\S4051A\EWARM\..\..\..\Libraries\ #
#                    AMT_Drivers\BTM640\ -I C:\Users\tony.tsou\Desktop\AmTRAN #
#                    \Projects\15_K2\DevCode\2\Projects\S4051A\EWARM\..\..\.. #
#                    \Libraries\AMT_Drivers\sii953x\application\ -I           #
#                    C:\Users\tony.tsou\Desktop\AmTRAN\Projects\15_K2\DevCode #
#                    \2\Projects\S4051A\EWARM\..\..\..\Libraries\AMT_Drivers\ #
#                    sii953x\application\app_ipv\ -I                          #
#                    C:\Users\tony.tsou\Desktop\AmTRAN\Projects\15_K2\DevCode #
#                    \2\Projects\S4051A\EWARM\..\..\..\Libraries\AMT_Drivers\ #
#                    sii953x\application\app_cbus\ -I                         #
#                    C:\Users\tony.tsou\Desktop\AmTRAN\Projects\15_K2\DevCode #
#                    \2\Projects\S4051A\EWARM\..\..\..\Libraries\AMT_Drivers\ #
#                    sii953x\application\app_cdc\ -I                          #
#                    C:\Users\tony.tsou\Desktop\AmTRAN\Projects\15_K2\DevCode #
#                    \2\Projects\S4051A\EWARM\..\..\..\Libraries\AMT_Drivers\ #
#                    sii953x\application\app_cec\ -I                          #
#                    C:\Users\tony.tsou\Desktop\AmTRAN\Projects\15_K2\DevCode #
#                    \2\Projects\S4051A\EWARM\..\..\..\Libraries\AMT_Drivers\ #
#                    sii953x\application\app_arc\ -I                          #
#                    C:\Users\tony.tsou\Desktop\AmTRAN\Projects\15_K2\DevCode #
#                    \2\Projects\S4051A\EWARM\..\..\..\Libraries\AMT_Drivers\ #
#                    sii953x\application\app_diag\ -I                         #
#                    C:\Users\tony.tsou\Desktop\AmTRAN\Projects\15_K2\DevCode #
#                    \2\Projects\S4051A\EWARM\..\..\..\Libraries\AMT_Drivers\ #
#                    sii953x\application\app_msw\ -I                          #
#                    C:\Users\tony.tsou\Desktop\AmTRAN\Projects\15_K2\DevCode #
#                    \2\Projects\S4051A\EWARM\..\..\..\Libraries\AMT_Drivers\ #
#                    sii953x\application\app_osd\ -I                          #
#                    C:\Users\tony.tsou\Desktop\AmTRAN\Projects\15_K2\DevCode #
#                    \2\Projects\S4051A\EWARM\..\..\..\Libraries\AMT_Drivers\ #
#                    sii953x\component\ -I C:\Users\tony.tsou\Desktop\AmTRAN\ #
#                    Projects\15_K2\DevCode\2\Projects\S4051A\EWARM\..\..\..\ #
#                    Libraries\AMT_Drivers\sii953x\component\tx\ -I           #
#                    C:\Users\tony.tsou\Desktop\AmTRAN\Projects\15_K2\DevCode #
#                    \2\Projects\S4051A\EWARM\..\..\..\Libraries\AMT_Drivers\ #
#                    sii953x\component\repeater_avr\ -I                       #
#                    C:\Users\tony.tsou\Desktop\AmTRAN\Projects\15_K2\DevCode #
#                    \2\Projects\S4051A\EWARM\..\..\..\Libraries\AMT_Drivers\ #
#                    sii953x\component\video_tables\ -I                       #
#                    C:\Users\tony.tsou\Desktop\AmTRAN\Projects\15_K2\DevCode #
#                    \2\Projects\S4051A\EWARM\..\..\..\Libraries\AMT_Drivers\ #
#                    sii953x\component\audio_rx\ -I                           #
#                    C:\Users\tony.tsou\Desktop\AmTRAN\Projects\15_K2\DevCode #
#                    \2\Projects\S4051A\EWARM\..\..\..\Libraries\AMT_Drivers\ #
#                    sii953x\component\edid_tx\ -I                            #
#                    C:\Users\tony.tsou\Desktop\AmTRAN\Projects\15_K2\DevCode #
#                    \2\Projects\S4051A\EWARM\..\..\..\Libraries\AMT_Drivers\ #
#                    sii953x\component\debugger_hdmigear\ -I                  #
#                    C:\Users\tony.tsou\Desktop\AmTRAN\Projects\15_K2\DevCode #
#                    \2\Projects\S4051A\EWARM\..\..\..\Libraries\AMT_Drivers\ #
#                    sii953x\component\cbus\ -I C:\Users\tony.tsou\Desktop\Am #
#                    TRAN\Projects\15_K2\DevCode\2\Projects\S4051A\EWARM\..\. #
#                    .\..\Libraries\AMT_Drivers\sii953x\component\rtpi\ -I    #
#                    C:\Users\tony.tsou\Desktop\AmTRAN\Projects\15_K2\DevCode #
#                    \2\Projects\S4051A\EWARM\..\..\..\Libraries\AMT_Drivers\ #
#                    sii953x\component\cdc\ -I C:\Users\tony.tsou\Desktop\AmT #
#                    RAN\Projects\15_K2\DevCode\2\Projects\S4051A\EWARM\..\.. #
#                    \..\Libraries\AMT_Drivers\sii953x\component\cec_manager\ #
#                     -I C:\Users\tony.tsou\Desktop\AmTRAN\Projects\15_K2\Dev #
#                    Code\2\Projects\S4051A\EWARM\..\..\..\Libraries\AMT_Driv #
#                    ers\sii953x\component\thx\ -I                            #
#                    C:\Users\tony.tsou\Desktop\AmTRAN\Projects\15_K2\DevCode #
#                    \2\Projects\S4051A\EWARM\..\..\..\Libraries\AMT_Drivers\ #
#                    sii953x\component\ipv\ -I C:\Users\tony.tsou\Desktop\AmT #
#                    RAN\Projects\15_K2\DevCode\2\Projects\S4051A\EWARM\..\.. #
#                    \..\Libraries\AMT_Drivers\sii953x\component\osd\ -I      #
#                    C:\Users\tony.tsou\Desktop\AmTRAN\Projects\15_K2\DevCode #
#                    \2\Projects\S4051A\EWARM\..\..\..\Libraries\AMT_Drivers\ #
#                    sii953x\component\cec_switch\ -I                         #
#                    C:\Users\tony.tsou\Desktop\AmTRAN\Projects\15_K2\DevCode #
#                    \2\Projects\S4051A\EWARM\..\..\..\Libraries\AMT_Drivers\ #
#                    sii953x\component\cec_system_audio_control\ -I           #
#                    C:\Users\tony.tsou\Desktop\AmTRAN\Projects\15_K2\DevCode #
#                    \2\Projects\S4051A\EWARM\..\..\..\Libraries\AMT_Drivers\ #
#                    sii953x\driver\ -I C:\Users\tony.tsou\Desktop\AmTRAN\Pro #
#                    jects\15_K2\DevCode\2\Projects\S4051A\EWARM\..\..\..\Lib #
#                    raries\AMT_Drivers\sii953x\driver\audio_mix_drv\ -I      #
#                    C:\Users\tony.tsou\Desktop\AmTRAN\Projects\15_K2\DevCode #
#                    \2\Projects\S4051A\EWARM\..\..\..\Libraries\AMT_Drivers\ #
#                    sii953x\driver\sii953x_drv\ -I                           #
#                    C:\Users\tony.tsou\Desktop\AmTRAN\Projects\15_K2\DevCode #
#                    \2\Projects\S4051A\EWARM\..\..\..\Libraries\AMT_Drivers\ #
#                    sii953x\driver\cra_drv\ -I C:\Users\tony.tsou\Desktop\Am #
#                    TRAN\Projects\15_K2\DevCode\2\Projects\S4051A\EWARM\..\. #
#                    .\..\Libraries\AMT_Drivers\sii953x\driver\matrix_sw_drv\ #
#                     -I C:\Users\tony.tsou\Desktop\AmTRAN\Projects\15_K2\Dev #
#                    Code\2\Projects\S4051A\EWARM\..\..\..\Libraries\AMT_Driv #
#                    ers\sii953x\driver\nvram_sram_drv\ -I                    #
#                    C:\Users\tony.tsou\Desktop\AmTRAN\Projects\15_K2\DevCode #
#                    \2\Projects\S4051A\EWARM\..\..\..\Libraries\AMT_Drivers\ #
#                    sii953x\driver\tpi_drv\ -I C:\Users\tony.tsou\Desktop\Am #
#                    TRAN\Projects\15_K2\DevCode\2\Projects\S4051A\EWARM\..\. #
#                    .\..\Libraries\AMT_Drivers\sii953x\driver\audio_rx_drv\  #
#                    -I C:\Users\tony.tsou\Desktop\AmTRAN\Projects\15_K2\DevC #
#                    ode\2\Projects\S4051A\EWARM\..\..\..\Libraries\AMT_Drive #
#                    rs\sii953x\driver\repeater_avr_drv\ -I                   #
#                    C:\Users\tony.tsou\Desktop\AmTRAN\Projects\15_K2\DevCode #
#                    \2\Projects\S4051A\EWARM\..\..\..\Libraries\AMT_Drivers\ #
#                    sii953x\driver\gpio_drv\ -I                              #
#                    C:\Users\tony.tsou\Desktop\AmTRAN\Projects\15_K2\DevCode #
#                    \2\Projects\S4051A\EWARM\..\..\..\Libraries\AMT_Drivers\ #
#                    sii953x\driver\tpg_drv\ -I C:\Users\tony.tsou\Desktop\Am #
#                    TRAN\Projects\15_K2\DevCode\2\Projects\S4051A\EWARM\..\. #
#                    .\..\Libraries\AMT_Drivers\sii953x\driver\cbus_drv\ -I   #
#                    C:\Users\tony.tsou\Desktop\AmTRAN\Projects\15_K2\DevCode #
#                    \2\Projects\S4051A\EWARM\..\..\..\Libraries\AMT_Drivers\ #
#                    sii953x\driver\cpi_drv\ -I C:\Users\tony.tsou\Desktop\Am #
#                    TRAN\Projects\15_K2\DevCode\2\Projects\S4051A\EWARM\..\. #
#                    .\..\Libraries\AMT_Drivers\sii953x\driver\arc_drv\ -I    #
#                    C:\Users\tony.tsou\Desktop\AmTRAN\Projects\15_K2\DevCode #
#                    \2\Projects\S4051A\EWARM\..\..\..\Libraries\AMT_Drivers\ #
#                    sii953x\driver\osd_drv\ -I C:\Users\tony.tsou\Desktop\Am #
#                    TRAN\Projects\15_K2\DevCode\2\Projects\S4051A\EWARM\..\. #
#                    .\..\Libraries\AMT_Drivers\sii953x\driver\ipv_drv\ -I    #
#                    C:\Users\tony.tsou\Desktop\AmTRAN\Projects\15_K2\DevCode #
#                    \2\Projects\S4051A\EWARM\..\..\..\Libraries\AMT_Drivers\ #
#                    sii953x\platform\hal\ir_remote\ -I                       #
#                    C:\Users\tony.tsou\Desktop\AmTRAN\Projects\15_K2\DevCode #
#                    \2\Projects\S4051A\EWARM\..\..\..\Libraries\AMT_Drivers\ #
#                    sii953x\platform\hal\eeprom\ -I                          #
#                    C:\Users\tony.tsou\Desktop\AmTRAN\Projects\15_K2\DevCode #
#                    \2\Projects\S4051A\EWARM\..\..\..\Libraries\AMT_Drivers\ #
#                    sii953x\platform\hal\timer\ -I                           #
#                    C:\Users\tony.tsou\Desktop\AmTRAN\Projects\15_K2\DevCode #
#                    \2\Projects\S4051A\EWARM\..\..\..\Libraries\AMT_Drivers\ #
#                    sii953x\platform\hal\i2c\ -I                             #
#                    C:\Users\tony.tsou\Desktop\AmTRAN\Projects\15_K2\DevCode #
#                    \2\Projects\S4051A\EWARM\..\..\..\Libraries\AMT_Drivers\ #
#                    sii953x\platform\osal\timer\ -I                          #
#                    C:\Users\tony.tsou\Desktop\AmTRAN\Projects\15_K2\DevCode #
#                    \2\Projects\S4051A\EWARM\..\..\..\Libraries\AMT_Drivers\ #
#                    sii953x\platform\board\ -Ohz -I "C:\Program Files        #
#                    (x86)\IAR Systems\Embedded Workbench                     #
#                    6.0\arm\CMSIS\Include\"                                  #
#    List file    =  C:\Users\tony.tsou\Desktop\AmTRAN\Projects\15_K2\DevCode #
#                    \2\Projects\S4051A\EWARM\..\Output\S4051A\Application\Li #
#                    st\usbh_msc_fs_interface.lst                             #
#    Object file  =  C:\Users\tony.tsou\Desktop\AmTRAN\Projects\15_K2\DevCode #
#                    \2\Projects\S4051A\EWARM\..\Output\S4051A\Application\Ob #
#                    j\usbh_msc_fs_interface.o                                #
#                                                                             #
#                                                                             #
###############################################################################

C:\Users\tony.tsou\Desktop\AmTRAN\Projects\15_K2\DevCode\2\Libraries\STM32_USB_HOST_Library\Class\MSC\src\usbh_msc_fs_interface.c
      1          /**
      2            ******************************************************************************
      3            * @file    usbh_msc_fs_interface.c
      4            * @author  MCD Application Team
      5            * @version V1.0.0
      6            * @date    11/29/2010
      7            * @brief   This file is the interface between File Systems and Host MSC class
      8            ******************************************************************************
      9            * @copy
     10            *
     11            * THE PRESENT FIRMWARE WHICH IS FOR GUIDANCE ONLY AIMS AT PROVIDING CUSTOMERS
     12            * WITH CODING INFORMATION REGARDING THEIR PRODUCTS IN ORDER FOR THEM TO SAVE
     13            * TIME. AS A RESULT, STMICROELECTRONICS SHALL NOT BE HELD LIABLE FOR ANY
     14            * DIRECT, INDIRECT OR CONSEQUENTIAL DAMAGES WITH RESPECT TO ANY CLAIMS ARISING
     15            * FROM THE CONTENT OF SUCH FIRMWARE AND/OR THE USE MADE BY CUSTOMERS OF THE
     16            * CODING INFORMATION CONTAINED HEREIN IN CONNECTION WITH THEIR PRODUCTS.
     17            *
     18            * <h2><center>&copy; COPYRIGHT 2010 STMicroelectronics</center></h2>
     19            */ 
     20          
     21          /* Includes ----------------------------------------------------------------*/
     22          #include "efs.h"
     23          #include "usbh_msc_core.h"
     24          #include "usbh_msc_scsi.h"
     25          #include "usbh_msc_bot.h"
     26          #include "usbh_msc_fs_interface.h"
     27          
     28          extern USB_OTG_CORE_HANDLE          USB_OTG_Core;   //Jerry add
     29          extern USBH_HOST                    USB_Host;
     30          /** @addtogroup USBH_LIB
     31            * @{
     32            */
     33          
     34          /** @addtogroup USBH_CLASS
     35            * @{
     36            */
     37          
     38          /** @addtogroup USBH_MSC_CLASS
     39            * @{
     40            */
     41            
     42          /** @defgroup USBH_MSC_FS_INTERFACE 
     43            * @brief This file is the interface between EFSL ans Host mass-storage class
     44            * @{
     45            */ 
     46          
     47          /** @defgroup USBH_MSC_FS_INTERFACE_Private_TypesDefinitions
     48            * @{
     49            */ 
     50          /**
     51            * @}
     52            */ 
     53          
     54          
     55          /** @defgroup USBH_MSC_FS_INTERFACE_Private_Defines
     56            * @{
     57            */ 
     58          /**
     59            * @}
     60            */ 
     61          
     62          
     63          /** @defgroup USBH_MSC_FS_INTERFACE_Private_Macros
     64            * @{
     65            */ 
     66          /**
     67            * @}
     68            */ 
     69          
     70          
     71          /** @defgroup USBH_MSC_FS_INTERFACE_Private_Variables
     72            * @{
     73            */ 
     74          
     75          /**
     76            * @}
     77            */ 
     78          
     79          
     80          /** @defgroup USBH_MSC_FS_INTERFACE_Private_FunctionPrototypes
     81            * @{
     82            */ 
     83          /**
     84            * @}
     85            */ 
     86          
     87          
     88          /** @defgroup USBH_MSC_FS_INTERFACE_Private_Functions
     89            * @{
     90            */ 
     91          
     92          
     93          /**
     94            * @brief  if_initInterface
     95            *         Initialises the EFSL interface parameters
     96            * @param  file : File pointer
     97            * @param  opts : Optional Parameter. Not used here.
     98            * @retval Status : 0 -> Pass, -1 -> Fail
     99            */
    100          int8_t if_initInterface(hwInterface* file, char* opts)
    101          {
    102            //if(HCD_IsDeviceConnected(&USB_OTG_FS_dev))
    103            if(HCD_IsDeviceConnected(&USB_OTG_Core))  //Jerry change
    104            {  
    105                  file->sectorCount = USBH_MSC_Param.MSCapacity; 
    106            }
    107            return(EFS_PASS);
    108          }
    109          
    110          
    111          /**
    112            * @brief  if_readBuf
    113            *         This function is responsible to read a sector from the disc and 
    114            *         store it in a user supplied buffer.
    115            * @param  file : File pointer
    116            * @param  address : An LBA address, relative to the beginning of the disc
    117            * @param  buf : Buffer where the data will be stored after reading
    118            * @retval Status : 0 -> Pass, -1 -> Fail
    119            */
    120          
    121          int8_t if_readBuf(hwInterface* file,uint32_t address,uint8_t* buf)
    122          {
    123            int8_t status = EFS_ERROR;
    124            //if(HCD_IsDeviceConnected(&USB_OTG_FS_dev))
    125            if(HCD_IsDeviceConnected(&USB_OTG_Core))  //Jerry change  
    126            {  
    127              
    128              do
    129              {
    130                status = USBH_MSC_Read10(&USB_OTG_Core,buf,address,512);
    131                //USBH_MSC_HandleBOTXfer();
    132                USBH_MSC_HandleBOTXfer(&USB_OTG_Core ,&USB_Host);
    133              }
    134              while((status == USBH_MSC_BUSY ) && (HCD_IsDeviceConnected(&USB_OTG_Core)));//(HCD_IsDeviceConnected(&USB_OTG_FS_dev)));
    135              
    136            }
    137            
    138            return(status);
    139            
    140          }
    141          
    142          
    143          /**
    144            * @brief  if_writeBuf
    145            *         This function is responsible to write a sector of data on the disc  
    146            *         from a user supplied buffer.
    147            * @param  file : File pointer
    148            * @param  address : An LBA address, relative to the beginning of the disc
    149            * @param  buf : Buffer from where the data will be taken to write
    150            * @retval Status : 0 -> Pass, -1 -> Fail
    151            */
    152                   
    153          int8_t if_writeBuf(hwInterface* file,uint32_t address,uint8_t* buf)
    154          {
    155            int8_t status = EFS_ERROR;
    156            
    157            //if(HCD_IsDeviceConnected(&USB_OTG_FS_dev))
    158            if(HCD_IsDeviceConnected(&USB_OTG_Core))  //Jerry change  
    159            {  
    160              do
    161              {
    162                status = USBH_MSC_Write10(&USB_OTG_Core,buf,address,USBH_MSC_PAGE_LENGTH);
    163                //USBH_MSC_HandleBOTXfer();
    164                USBH_MSC_HandleBOTXfer(&USB_OTG_Core, &USB_Host);
    165              }
    166              while((status == USBH_MSC_BUSY ) && \
    167                //(HCD_IsDeviceConnected(&USB_OTG_FS_dev)));
    168                (HCD_IsDeviceConnected(&USB_OTG_Core)));  //Jerry change
    169            }
    170            return(status);
    171          }
    172          
    173          
    174          /**
    175            * @brief  if_TestUnitReady
    176            *         This function is responsible to issue a Test Unit Ready command.User
    177            *         can issue a Test Unit Ready command by calling this function.
    178            * @param  None
    179            * @retval Status : 0 -> Pass, -1 -> Fail
    180            */
    181          
    182          int8_t if_TestUnitReady(void)
    183          {
    184            int8_t status = EFS_ERROR;
    185            //if(HCD_IsDeviceConnected(&USB_OTG_FS_dev))
    186            if(HCD_IsDeviceConnected(&USB_OTG_Core))  //Jerry change  
    187            {  
    188              do
    189              {
    190                status = USBH_MSC_TestUnitReady(&USB_OTG_Core);//USBH_MSC_TestUnitReady();
    191                //USBH_MSC_HandleBOTXfer();
    192                USBH_MSC_HandleBOTXfer(&USB_OTG_Core, &USB_Host);
    193              }
    194              while((status == USBH_MSC_BUSY ) && \
    195                //(HCD_IsDeviceConnected(&USB_OTG_FS_dev)));
    196                (HCD_IsDeviceConnected(&USB_OTG_Core)));  //Jerry change
    197            }
    198            
    199            return(status);
    200            
    201          }
    202          
    203          
    204          /**
    205            * @brief  if_RequestSense
    206            *         This function is responsible to issue a RequestSense command. User
    207            *         can issue a RequestSense command by calling this function.
    208            * @param  None
    209            * @retval Status : 0 -> Pass, -1 -> Fail
    210            */
    211          
    212          int8_t if_RequestSense(void)
    213          {
    214            int8_t status = EFS_ERROR;
    215            //if(HCD_IsDeviceConnected(&USB_OTG_FS_dev))
    216            if(HCD_IsDeviceConnected(&USB_OTG_Core))  //Jerry change  
    217            {  
    218              
    219              do
    220              {
    221                status = USBH_MSC_RequestSense(&USB_OTG_Core);
    222                //USBH_MSC_HandleBOTXfer();
    223                USBH_MSC_HandleBOTXfer(&USB_OTG_Core, &USB_Host);
    224              }
    225              while((status == USBH_MSC_BUSY ) && \
    226                //(HCD_IsDeviceConnected(&USB_OTG_FS_dev)));
    227                (HCD_IsDeviceConnected(&USB_OTG_Core)));  //Jerry change
    228            }
    229            
    230            return(status);
    231            
    232          }
    233          
    234          
    235          /**
    236            * @}
    237            */ 
    238          
    239          /**
    240            * @}
    241            */
    242          
    243          /**
    244            * @}
    245            */ 
    246          
    247          /**
    248            * @}
    249            */ 
    250          
    251          /**
    252            * @}
    253            */
    254          
    255          /******************* (C) COPYRIGHT 2010 STMicroelectronics *****END OF FILE****/
    256          
    257          
    258          

   Maximum stack usage in bytes:

   .cstack Function
   ------- --------
       16  if_RequestSense
             16 -> HCD_IsDeviceConnected
             16 -> USBH_MSC_HandleBOTXfer
             16 -> USBH_MSC_RequestSense
       16  if_TestUnitReady
             16 -> HCD_IsDeviceConnected
             16 -> USBH_MSC_HandleBOTXfer
             16 -> USBH_MSC_TestUnitReady
        8  if_initInterface
              8 -> HCD_IsDeviceConnected
       24  if_readBuf
             24 -> HCD_IsDeviceConnected
             24 -> USBH_MSC_HandleBOTXfer
             24 -> USBH_MSC_Read10
       24  if_writeBuf
             24 -> HCD_IsDeviceConnected
             24 -> USBH_MSC_HandleBOTXfer
             24 -> USBH_MSC_Write10


   Section sizes:

   Bytes  Function/Label
   -----  --------------
       4  ??DataTable4
       4  ??DataTable4_1
       4  ??DataTable4_2
      16  ?Subroutine0
      12  ?Subroutine1
      10  ?Subroutine2
      10  ?Subroutine3
      12  ?Subroutine4
      38  if_RequestSense
      38  if_TestUnitReady
      22  if_initInterface
      40  if_readBuf
      40  if_writeBuf

 
 250 bytes in section .text
 
 250 bytes of CODE memory

Errors: none
Warnings: none
